2025-08-31 14:28:20: Connected to PostgreSQL database: cipher_db
2025-08-31 14:28:20: Database is ready.
2025-08-31 14:28:20: Attempting to create or refresh leaderboard_materialized_view...
2025-08-31 14:28:21: Successfully refreshed leaderboard_materialized_view.
2025-08-31 14:28:21: Server is running on http://localhost:3000
2025-08-31 14:33:21: Periodically refreshing leaderboard view...
2025-08-31 14:33:21: Attempting to create or refresh leaderboard_materialized_view...
2025-08-31 14:33:22: Successfully refreshed leaderboard_materialized_view.
2025-08-31 14:38:17: Connected to PostgreSQL database: cipher_db
2025-08-31 14:38:17: Database is ready.
2025-08-31 14:38:17: Attempting to create or refresh leaderboard_materialized_view...
2025-08-31 14:38:18: Successfully refreshed leaderboard_materialized_view.
2025-08-31 14:38:18: Server is running on http://localhost:3000
2025-08-31 14:40:57: Connected to PostgreSQL database: cipher_db
2025-08-31 14:40:58: Database is ready.
2025-08-31 14:40:58: Attempting to create or refresh leaderboard_materialized_view...
2025-08-31 14:41:00: Successfully refreshed leaderboard_materialized_view.
2025-08-31 14:41:00: Server is running on http://localhost:3000
2025-08-31 14:47:30: Connected to PostgreSQL database: cipher_db
2025-08-31 14:47:30: Database is ready.
2025-08-31 14:47:30: Attempting to create or refresh leaderboard_materialized_view...
2025-08-31 14:47:32: Successfully refreshed leaderboard_materialized_view.
2025-08-31 14:47:32: Server is running on http://localhost:3000
2025-08-31 14:52:32: Periodically refreshing leaderboard view...
2025-08-31 14:52:33: Attempting to create or refresh leaderboard_materialized_view...
2025-08-31 14:52:33: Successfully refreshed leaderboard_materialized_view.
2025-08-31 14:58:09: Connected to PostgreSQL database: cipher_db
2025-08-31 14:58:09: Database is ready.
2025-08-31 14:58:09: Attempting to create or refresh leaderboard_materialized_view...
2025-08-31 14:58:09: Successfully refreshed leaderboard_materialized_view.
2025-08-31 14:58:09: Server is running on http://localhost:3000
2025-08-31 15:03:09: Periodically refreshing leaderboard view...
2025-08-31 15:03:09: Attempting to create or refresh leaderboard_materialized_view...
2025-08-31 15:03:09: Successfully refreshed leaderboard_materialized_view.
2025-08-31 15:05:38: Connected to PostgreSQL database: cipher_db
2025-08-31 15:05:38: Database is ready.
2025-08-31 15:05:38: Attempting to create or refresh leaderboard_materialized_view...
2025-08-31 15:05:38: Successfully refreshed leaderboard_materialized_view.
2025-08-31 15:05:38: Server is running on http://localhost:3000
2025-08-31 15:10:38: Periodically refreshing leaderboard view...
2025-08-31 15:10:38: Attempting to create or refresh leaderboard_materialized_view...
2025-08-31 15:10:39: Successfully refreshed leaderboard_materialized_view.
2025-08-31 15:15:38: Periodically refreshing leaderboard view...
2025-08-31 15:15:38: Attempting to create or refresh leaderboard_materialized_view...
2025-08-31 15:15:38: Successfully refreshed leaderboard_materialized_view.
2025-08-31 15:47:44: Connected to PostgreSQL database: cipher_db
2025-08-31 15:47:44: Database is ready.
2025-08-31 15:47:44: Attempting to create or refresh leaderboard_materialized_view...
2025-08-31 15:47:44: Successfully refreshed leaderboard_materialized_view.
2025-08-31 15:47:44: Server is running on http://localhost:3000
2025-08-31 15:52:44: Periodically refreshing leaderboard view...
2025-08-31 15:52:44: Attempting to create or refresh leaderboard_materialized_view...
2025-08-31 15:52:45: Successfully refreshed leaderboard_materialized_view.
2025-08-31 15:57:44: Periodically refreshing leaderboard view...
2025-08-31 15:57:44: Attempting to create or refresh leaderboard_materialized_view...
2025-08-31 15:57:44: Successfully refreshed leaderboard_materialized_view.
2025-08-31 16:02:44: Periodically refreshing leaderboard view...
2025-08-31 16:02:44: Attempting to create or refresh leaderboard_materialized_view...
2025-08-31 16:02:44: Successfully refreshed leaderboard_materialized_view.
2025-08-31 16:07:44: Periodically refreshing leaderboard view...
2025-08-31 16:07:44: Attempting to create or refresh leaderboard_materialized_view...
2025-08-31 16:07:44: Successfully refreshed leaderboard_materialized_view.
2025-08-31 16:12:44: Periodically refreshing leaderboard view...
2025-08-31 16:12:44: Attempting to create or refresh leaderboard_materialized_view...
2025-08-31 16:12:46: Successfully refreshed leaderboard_materialized_view.
2025-08-31 16:17:44: Periodically refreshing leaderboard view...
2025-08-31 16:17:44: Attempting to create or refresh leaderboard_materialized_view...
2025-08-31 16:17:46: Successfully refreshed leaderboard_materialized_view.
2025-08-31 16:22:44: Periodically refreshing leaderboard view...
2025-08-31 16:22:44: Attempting to create or refresh leaderboard_materialized_view...
2025-08-31 16:22:45: Successfully refreshed leaderboard_materialized_view.
2025-08-31 16:27:44: Periodically refreshing leaderboard view...
2025-08-31 16:27:44: Attempting to create or refresh leaderboard_materialized_view...
2025-08-31 16:27:45: Successfully refreshed leaderboard_materialized_view.
2025-08-31 16:32:44: Periodically refreshing leaderboard view...
2025-08-31 16:32:44: Attempting to create or refresh leaderboard_materialized_view...
2025-08-31 16:32:46: Successfully refreshed leaderboard_materialized_view.
2025-08-31 16:37:44: Periodically refreshing leaderboard view...
2025-08-31 16:37:44: Attempting to create or refresh leaderboard_materialized_view...
2025-08-31 16:37:45: Successfully refreshed leaderboard_materialized_view.
2025-08-31 16:39:31: Connected to PostgreSQL database: cipher_db
2025-08-31 16:39:31: Database is ready.
2025-08-31 16:39:31: Attempting to create or refresh leaderboard_materialized_view...
2025-08-31 16:39:31: Successfully refreshed leaderboard_materialized_view.
2025-08-31 16:39:31: Server is running on http://localhost:3000
2025-08-31 16:44:31: Periodically refreshing leaderboard view...
2025-08-31 16:44:31: Attempting to create or refresh leaderboard_materialized_view...
2025-08-31 16:44:31: Successfully refreshed leaderboard_materialized_view.
2025-08-31 16:49:31: Periodically refreshing leaderboard view...
2025-08-31 16:49:31: Attempting to create or refresh leaderboard_materialized_view...
2025-08-31 16:49:32: Successfully refreshed leaderboard_materialized_view.
2025-08-31 17:06:51: Periodically refreshing leaderboard view...
2025-08-31 17:06:52: Attempting to create or refresh leaderboard_materialized_view...
2025-08-31 17:06:53: Successfully refreshed leaderboard_materialized_view.
2025-08-31 17:11:51: Periodically refreshing leaderboard view...
2025-08-31 17:11:51: Attempting to create or refresh leaderboard_materialized_view...
2025-08-31 17:11:51: Successfully refreshed leaderboard_materialized_view.
2025-08-31 17:16:51: Periodically refreshing leaderboard view...
2025-08-31 17:16:52: Attempting to create or refresh leaderboard_materialized_view...
2025-08-31 17:16:53: Successfully refreshed leaderboard_materialized_view.
2025-08-31 17:21:51: Periodically refreshing leaderboard view...
2025-08-31 17:21:52: Attempting to create or refresh leaderboard_materialized_view...
2025-08-31 17:21:54: Successfully refreshed leaderboard_materialized_view.
2025-08-31 17:23:34: Connected to PostgreSQL database: cipher_db
2025-08-31 17:23:35: Database is ready.
2025-08-31 17:23:35: Attempting to create or refresh leaderboard_materialized_view...
2025-08-31 17:23:35: Successfully refreshed leaderboard_materialized_view.
2025-08-31 17:23:35: Server is running on http://localhost:3000
2025-08-31 17:28:35: Periodically refreshing leaderboard view...
2025-08-31 17:28:35: Attempting to create or refresh leaderboard_materialized_view...
2025-08-31 17:28:35: Successfully refreshed leaderboard_materialized_view.
2025-08-31 17:32:09: Connected to PostgreSQL database: cipher_db
2025-08-31 17:32:09: Database is ready.
2025-08-31 17:32:09: Attempting to create or refresh leaderboard_materialized_view...
2025-08-31 17:32:09: Successfully refreshed leaderboard_materialized_view.
2025-08-31 17:32:10: Server is running on http://localhost:3000
2025-08-31 17:37:10: Periodically refreshing leaderboard view...
2025-08-31 17:37:10: Attempting to create or refresh leaderboard_materialized_view...
2025-08-31 17:37:10: Successfully refreshed leaderboard_materialized_view.
2025-08-31 17:42:10: Periodically refreshing leaderboard view...
2025-08-31 17:42:10: Attempting to create or refresh leaderboard_materialized_view...
2025-08-31 17:42:10: Successfully refreshed leaderboard_materialized_view.
2025-08-31 17:47:10: Periodically refreshing leaderboard view...
2025-08-31 17:47:10: Attempting to create or refresh leaderboard_materialized_view...
2025-08-31 17:47:10: Successfully refreshed leaderboard_materialized_view.
2025-08-31 17:52:10: Periodically refreshing leaderboard view...
2025-08-31 17:52:10: Attempting to create or refresh leaderboard_materialized_view...
2025-08-31 17:52:10: Successfully refreshed leaderboard_materialized_view.
2025-08-31 17:57:10: Periodically refreshing leaderboard view...
2025-08-31 17:57:10: Attempting to create or refresh leaderboard_materialized_view...
2025-08-31 17:57:10: Successfully refreshed leaderboard_materialized_view.
2025-08-31 18:02:10: Periodically refreshing leaderboard view...
2025-08-31 18:02:10: Attempting to create or refresh leaderboard_materialized_view...
2025-08-31 18:02:10: Successfully refreshed leaderboard_materialized_view.
2025-08-31 18:07:10: Periodically refreshing leaderboard view...
2025-08-31 18:07:10: Attempting to create or refresh leaderboard_materialized_view...
2025-08-31 18:07:10: Successfully refreshed leaderboard_materialized_view.
2025-08-31 18:11:16: Connected to PostgreSQL database: cipher_db
2025-08-31 18:11:16: Database is ready.
2025-08-31 18:11:16: Attempting to create or refresh leaderboard_materialized_view...
2025-08-31 18:11:16: Successfully refreshed leaderboard_materialized_view.
2025-08-31 18:11:16: Server is running on http://localhost:3000
2025-08-31 18:16:16: Periodically refreshing leaderboard view...
2025-08-31 18:16:16: Attempting to create or refresh leaderboard_materialized_view...
2025-08-31 18:16:17: Successfully refreshed leaderboard_materialized_view.
2025-08-31 18:21:16: Periodically refreshing leaderboard view...
2025-08-31 18:21:16: Attempting to create or refresh leaderboard_materialized_view...
2025-08-31 18:21:16: Successfully refreshed leaderboard_materialized_view.
2025-08-31 18:26:16: Periodically refreshing leaderboard view...
2025-08-31 18:26:16: Attempting to create or refresh leaderboard_materialized_view...
2025-08-31 18:26:16: Successfully refreshed leaderboard_materialized_view.
2025-08-31 18:31:16: Periodically refreshing leaderboard view...
2025-08-31 18:31:16: Attempting to create or refresh leaderboard_materialized_view...
2025-08-31 18:31:16: Successfully refreshed leaderboard_materialized_view.
2025-08-31 18:36:16: Periodically refreshing leaderboard view...
2025-08-31 18:36:16: Attempting to create or refresh leaderboard_materialized_view...
2025-08-31 18:36:17: Successfully refreshed leaderboard_materialized_view.
2025-08-31 18:41:16: Periodically refreshing leaderboard view...
2025-08-31 18:41:16: Attempting to create or refresh leaderboard_materialized_view...
2025-08-31 18:41:16: Successfully refreshed leaderboard_materialized_view.
2025-08-31 18:46:16: Periodically refreshing leaderboard view...
2025-08-31 18:46:16: Attempting to create or refresh leaderboard_materialized_view...
2025-08-31 18:46:16: Successfully refreshed leaderboard_materialized_view.
2025-08-31 18:51:16: Periodically refreshing leaderboard view...
2025-08-31 18:51:16: Attempting to create or refresh leaderboard_materialized_view...
2025-08-31 18:51:16: Successfully refreshed leaderboard_materialized_view.
2025-08-31 19:33:37: Connected to PostgreSQL database: cipher_db
2025-08-31 19:33:37: Database is ready.
2025-08-31 19:33:37: Attempting to create or refresh leaderboard_materialized_view...
2025-08-31 19:33:38: Successfully refreshed leaderboard_materialized_view.
2025-08-31 19:33:38: Server is running on http://localhost:3000
2025-09-02 10:13:38: Connected to PostgreSQL database: cipher_db
2025-09-02 10:13:38: Database is ready.
2025-09-02 10:13:38: Attempting to create or refresh leaderboard_materialized_view...
2025-09-02 10:13:38: Successfully refreshed leaderboard_materialized_view.
2025-09-02 10:13:38: Server is running on http://localhost:3000
2025-09-02 10:18:38: Periodically refreshing leaderboard view...
2025-09-02 10:18:38: Attempting to create or refresh leaderboard_materialized_view...
2025-09-02 10:18:38: Successfully refreshed leaderboard_materialized_view.
2025-09-02 10:23:38: Periodically refreshing leaderboard view...
2025-09-02 10:23:38: Attempting to create or refresh leaderboard_materialized_view...
2025-09-02 10:23:38: Successfully refreshed leaderboard_materialized_view.
