2025-08-31 14:28:26: Connected to PostgreSQL database: cipher_db
2025-08-31 14:28:26: Database is ready.
2025-08-31 14:28:26: Attempting to create or refresh leaderboard_materialized_view...
2025-08-31 14:28:28: Successfully refreshed leaderboard_materialized_view.
2025-08-31 14:28:28: Server is running on http://localhost:3000
2025-08-31 14:33:28: Periodically refreshing leaderboard view...
2025-08-31 14:33:28: Attempting to create or refresh leaderboard_materialized_view...
2025-08-31 14:33:29: Successfully refreshed leaderboard_materialized_view.
2025-08-31 14:38:01: a user connected
2025-08-31 14:38:22: Connected to PostgreSQL database: cipher_db
2025-08-31 14:38:22: Connected to PostgreSQL database: cipher_db
2025-08-31 14:38:22: Database is ready.
2025-08-31 14:38:22: Attempting to create or refresh leaderboard_materialized_view...
2025-08-31 14:38:22: Database is ready.
2025-08-31 14:38:22: Attempting to create or refresh leaderboard_materialized_view...
2025-08-31 14:38:27: Successfully refreshed leaderboard_materialized_view.
2025-08-31 14:38:27: Server is running on http://localhost:3000
2025-08-31 14:38:28: Successfully refreshed leaderboard_materialized_view.
2025-08-31 14:38:28: Server is running on http://localhost:3000
2025-08-31 14:38:29: a user connected
2025-08-31 14:38:29: User edis attempting to join. Fetched level from DB: 10.
2025-08-31 14:38:29: edis (player_1756154115824) joined room: country-TR. Stored level: 10
2025-08-31 14:38:32: a user connected
2025-08-31 14:38:34: a user connected
2025-08-31 14:38:36: a user connected
2025-08-31 14:38:38: a user connected
2025-08-31 14:38:40: a user connected
2025-08-31 14:38:42: a user connected
2025-08-31 14:38:44: a user connected
2025-08-31 14:38:47: a user connected
2025-08-31 14:38:48: a user connected
2025-08-31 14:38:51: a user connected
2025-08-31 14:38:53: a user connected
2025-08-31 14:38:55: a user connected
2025-08-31 14:38:58: a user connected
2025-08-31 14:39:00: a user connected
2025-08-31 14:39:03: a user connected
2025-08-31 14:39:05: a user connected
2025-08-31 14:39:07: a user connected
2025-08-31 14:39:08: a user connected
2025-08-31 14:39:10: a user connected
2025-08-31 14:39:13: a user connected
2025-08-31 14:39:14: user disconnected
2025-08-31 14:39:15: a user connected
2025-08-31 14:39:17: user disconnected
2025-08-31 14:39:17: a user connected
2025-08-31 14:39:19: user disconnected
2025-08-31 14:39:19: a user connected
2025-08-31 14:39:21: user disconnected
2025-08-31 14:39:22: a user connected
2025-08-31 14:39:23: user disconnected
2025-08-31 14:39:23: a user connected
2025-08-31 14:39:25: user disconnected
2025-08-31 14:39:25: a user connected
2025-08-31 14:39:27: user disconnected
2025-08-31 14:39:29: a user connected
2025-08-31 14:39:29: user disconnected
2025-08-31 14:39:30: a user connected
2025-08-31 14:39:32: a user connected
2025-08-31 14:39:32: user disconnected
2025-08-31 14:39:34: user disconnected
2025-08-31 14:39:34: a user connected
2025-08-31 14:39:35: a user connected
2025-08-31 14:39:36: user disconnected
2025-08-31 14:39:37: a user connected
2025-08-31 14:39:38: user disconnected
2025-08-31 14:39:39: a user connected
2025-08-31 14:39:40: user disconnected
2025-08-31 14:39:41: a user connected
2025-08-31 14:39:42: a user connected
2025-08-31 14:39:43: user disconnected
2025-08-31 14:39:44: a user connected
2025-08-31 14:39:45: user disconnected
2025-08-31 14:39:46: a user connected
2025-08-31 14:39:47: a user connected
2025-08-31 14:39:48: user disconnected
2025-08-31 14:39:49: a user connected
2025-08-31 14:39:50: user disconnected
2025-08-31 14:39:51: a user connected
2025-08-31 14:39:52: user disconnected
2025-08-31 14:39:53: a user connected
2025-08-31 14:39:53: user disconnected
2025-08-31 14:39:54: a user connected
2025-08-31 14:39:55: user disconnected
2025-08-31 14:39:56: a user connected
2025-08-31 14:39:58: a user connected
2025-08-31 14:39:58: user disconnected
2025-08-31 14:40:00: a user connected
2025-08-31 14:40:00: user disconnected
2025-08-31 14:40:01: a user connected
2025-08-31 14:40:02: user disconnected
2025-08-31 14:40:04: a user connected
2025-08-31 14:40:04: user disconnected
2025-08-31 14:40:07: a user connected
2025-08-31 14:40:07: user disconnected
2025-08-31 14:40:08: user disconnected
2025-08-31 14:40:09: a user connected
2025-08-31 14:40:10: a user connected
2025-08-31 14:40:10: User edis attempting to join. Fetched level from DB: 10.
2025-08-31 14:40:10: edis (player_1756154115824) joined room: country-TR. Stored level: 10
2025-08-31 14:40:27: user disconnected
2025-08-31 14:40:29: a user connected
2025-08-31 14:40:30: User edis attempting to join. Fetched level from DB: 10.
2025-08-31 14:40:30: edis (player_1756154115824) joined room: country-TR. Stored level: 10
2025-08-31 14:40:59: Connected to PostgreSQL database: cipher_db
2025-08-31 14:40:59: Database is ready.
2025-08-31 14:40:59: Attempting to create or refresh leaderboard_materialized_view...
2025-08-31 14:41:02: Successfully refreshed leaderboard_materialized_view.
2025-08-31 14:41:02: Server is running on http://localhost:3000
2025-08-31 14:42:30: user disconnected
2025-08-31 14:42:31: [DEBUG] Fetching profile for player ID: player_1756154115824
2025-08-31 14:42:31: a user connected
2025-08-31 14:42:31: user disconnected
2025-08-31 14:42:31: User edis attempting to join. Fetched level from DB: 10.
2025-08-31 14:42:31: edis (player_1756154115824) joined room: country-TR. Stored level: 10
2025-08-31 14:42:32: a user connected
2025-08-31 14:42:32: User edis attempting to join. Fetched level from DB: 10.
2025-08-31 14:42:32: edis (player_1756154115824) joined room: country-TR. Stored level: 10
2025-08-31 14:42:46: user disconnected
2025-08-31 14:43:28: Periodically refreshing leaderboard view...
2025-08-31 14:43:28: Attempting to create or refresh leaderboard_materialized_view...
2025-08-31 14:43:28: Successfully refreshed leaderboard_materialized_view.
2025-08-31 14:47:31: Connected to PostgreSQL database: cipher_db
2025-08-31 14:47:31: Database is ready.
2025-08-31 14:47:31: Attempting to create or refresh leaderboard_materialized_view...
2025-08-31 14:47:33: Successfully refreshed leaderboard_materialized_view.
2025-08-31 14:47:33: Server is running on http://localhost:3000
2025-08-31 14:48:28: Periodically refreshing leaderboard view...
2025-08-31 14:48:28: Attempting to create or refresh leaderboard_materialized_view...
2025-08-31 14:48:28: Successfully refreshed leaderboard_materialized_view.
2025-08-31 14:52:33: Periodically refreshing leaderboard view...
2025-08-31 14:52:33: Attempting to create or refresh leaderboard_materialized_view...
2025-08-31 14:52:33: Successfully refreshed leaderboard_materialized_view.
2025-08-31 14:53:28: Periodically refreshing leaderboard view...
2025-08-31 14:53:28: Attempting to create or refresh leaderboard_materialized_view...
2025-08-31 14:53:28: Successfully refreshed leaderboard_materialized_view.
2025-08-31 14:58:10: Connected to PostgreSQL database: cipher_db
2025-08-31 14:58:10: Database is ready.
2025-08-31 14:58:10: Attempting to create or refresh leaderboard_materialized_view...
2025-08-31 14:58:10: Successfully refreshed leaderboard_materialized_view.
2025-08-31 14:58:10: Server is running on http://localhost:3000
2025-08-31 14:58:28: Periodically refreshing leaderboard view...
2025-08-31 14:58:28: Attempting to create or refresh leaderboard_materialized_view...
2025-08-31 14:58:28: Successfully refreshed leaderboard_materialized_view.
2025-08-31 15:03:10: Periodically refreshing leaderboard view...
2025-08-31 15:03:11: Attempting to create or refresh leaderboard_materialized_view...
2025-08-31 15:03:11: Successfully refreshed leaderboard_materialized_view.
2025-08-31 15:03:28: Periodically refreshing leaderboard view...
2025-08-31 15:03:28: Attempting to create or refresh leaderboard_materialized_view...
2025-08-31 15:03:28: Successfully refreshed leaderboard_materialized_view.
2025-08-31 15:05:41: Connected to PostgreSQL database: cipher_db
2025-08-31 15:05:42: Database is ready.
2025-08-31 15:05:42: Attempting to create or refresh leaderboard_materialized_view...
2025-08-31 15:05:42: Successfully refreshed leaderboard_materialized_view.
2025-08-31 15:05:42: Server is running on http://localhost:3000
2025-08-31 15:06:30: a user connected
2025-08-31 15:06:31: a user connected
2025-08-31 15:06:34: a user connected
2025-08-31 15:06:36: a user connected
2025-08-31 15:06:39: a user connected
2025-08-31 15:06:40: a user connected
2025-08-31 15:06:40: User edis attempting to join. Fetched level from DB: 10.
2025-08-31 15:06:40: edis (player_1756154115824) joined room: country-TR. Stored level: 10
2025-08-31 15:06:42: [DEBUG] Fetching profile for player ID: player_1756154115824
2025-08-31 15:07:15: user disconnected
2025-08-31 15:07:16: user disconnected
2025-08-31 15:07:19: user disconnected
2025-08-31 15:07:21: [DEBUG] Fetching profile for player ID: player_1756641153883
2025-08-31 15:07:21: user disconnected
2025-08-31 15:07:24: user disconnected
2025-08-31 15:07:29: [DEBUG] Fetching profile for player ID: player_1756324108791
2025-08-31 15:07:32: [DEBUG] Fetching profile for player ID: player_1756346497569
2025-08-31 15:07:41: [DEBUG] Fetching profile for player ID: player_1756154115824
2025-08-31 15:07:42: user disconnected
2025-08-31 15:07:50: [DEBUG] Fetching profile for player ID: player_1756432294423
2025-08-31 15:07:50: a user connected
2025-08-31 15:07:50: User Creeper attempting to join. Fetched level from DB: 10.
2025-08-31 15:07:50: Creeper (player_1756432294423) joined room: country-BR. Stored level: 10
2025-08-31 15:07:52: [DEBUG] Fetching profile for player ID: player_1756432294423
2025-08-31 15:07:58: [DEBUG] Fetching profile for player ID: player_1756432294423
2025-08-31 15:08:14: [DEBUG] Fetching profile for player ID: player_1756432294423
2025-08-31 15:08:22: [DEBUG] Fetching profile for player ID: player_1756432294423
2025-08-31 15:08:22: a user connected
2025-08-31 15:08:22: User Creeper attempting to join. Fetched level from DB: 10.
2025-08-31 15:08:22: Creeper (player_1756432294423) joined room: country-BR. Stored level: 10
2025-08-31 15:08:28: Periodically refreshing leaderboard view...
2025-08-31 15:08:28: Attempting to create or refresh leaderboard_materialized_view...
2025-08-31 15:08:28: Successfully refreshed leaderboard_materialized_view.
2025-08-31 15:09:05: user disconnected
2025-08-31 15:09:06: a user connected
2025-08-31 15:09:07: user disconnected
2025-08-31 15:09:08: a user connected
2025-08-31 15:09:35: [DEBUG] Fetching profile for player ID: player_1756432294423
2025-08-31 15:09:48: [DEBUG] Fetching profile for player ID: player_1756432294423
2025-08-31 15:09:51: user disconnected
2025-08-31 15:09:53: user disconnected
2025-08-31 15:10:42: Periodically refreshing leaderboard view...
2025-08-31 15:10:42: Attempting to create or refresh leaderboard_materialized_view...
2025-08-31 15:10:42: Successfully refreshed leaderboard_materialized_view.
2025-08-31 15:12:12: [DEBUG] Fetching profile for player ID: player_1756432294423
2025-08-31 15:12:22: [DEBUG] Fetching profile for player ID: player_1756432294423
2025-08-31 15:12:38: [DEBUG] Fetching profile for player ID: player_1756432294423
2025-08-31 15:12:39: a user connected
2025-08-31 15:12:41: a user connected
2025-08-31 15:12:41: [DEBUG] Fetching profile for player ID: player_1756432294423
2025-08-31 15:12:43: a user connected
2025-08-31 15:12:45: a user connected
2025-08-31 15:12:45: User Creeper attempting to join. Fetched level from DB: 5.
2025-08-31 15:12:45: Creeper (player_1756432294423) joined room: country-BR. Stored level: 5
2025-08-31 15:12:52: user disconnected
2025-08-31 15:12:52: a user connected
2025-08-31 15:12:52: user disconnected
2025-08-31 15:12:53: a user connected
2025-08-31 15:12:53: User Creeper attempting to join. Fetched level from DB: 5.
2025-08-31 15:12:53: Creeper (player_1756432294423) joined room: country-BR. Stored level: 5
2025-08-31 15:12:54: a user connected
2025-08-31 15:12:55: User Creeper attempting to join. Fetched level from DB: 5.
2025-08-31 15:12:55: Creeper (player_1756432294423) joined room: country-BR. Stored level: 5
2025-08-31 15:12:55: a user connected
2025-08-31 15:12:57: [DEBUG] Fetching profile for player ID: player_1756432294423
2025-08-31 15:12:58: a user connected
2025-08-31 15:13:01: a user connected
2025-08-31 15:13:01: User Creeper attempting to join. Fetched level from DB: 5.
2025-08-31 15:13:01: Creeper (player_1756432294423) joined room: country-BR. Stored level: 5
2025-08-31 15:13:02: Sending message to room: country-BR
2025-08-31 15:13:02: Emitted message to room country-BR for all clients.
2025-08-31 15:13:06: User Creeper attempting to join. Fetched level from DB: 5.
2025-08-31 15:13:06: Creeper (player_1756432294423) joined room: Global. Stored level: 5
2025-08-31 15:13:11: Sending message to room: Global
2025-08-31 15:13:11: Emitted message to room Global for all clients.
2025-08-31 15:13:24: user disconnected
2025-08-31 15:13:26: user disconnected
2025-08-31 15:13:28: Periodically refreshing leaderboard view...
2025-08-31 15:13:28: Attempting to create or refresh leaderboard_materialized_view...
2025-08-31 15:13:28: Successfully refreshed leaderboard_materialized_view.
2025-08-31 15:13:28: user disconnected
2025-08-31 15:13:38: user disconnected
2025-08-31 15:13:39: user disconnected
2025-08-31 15:13:40: user disconnected
2025-08-31 15:13:43: user disconnected
2025-08-31 15:13:50: user disconnected
2025-08-31 15:15:42: Periodically refreshing leaderboard view...
2025-08-31 15:15:42: Attempting to create or refresh leaderboard_materialized_view...
2025-08-31 15:15:42: Successfully refreshed leaderboard_materialized_view.
2025-08-31 15:18:28: Periodically refreshing leaderboard view...
2025-08-31 15:18:28: Attempting to create or refresh leaderboard_materialized_view...
2025-08-31 15:18:28: Successfully refreshed leaderboard_materialized_view.
2025-08-31 15:23:28: Periodically refreshing leaderboard view...
2025-08-31 15:23:28: Attempting to create or refresh leaderboard_materialized_view...
2025-08-31 15:23:28: Successfully refreshed leaderboard_materialized_view.
2025-08-31 15:47:07: Periodically refreshing leaderboard view...
2025-08-31 15:47:08: Attempting to create or refresh leaderboard_materialized_view...
2025-08-31 15:47:08: Successfully refreshed leaderboard_materialized_view.
2025-08-31 15:47:44: Connected to PostgreSQL database: cipher_db
2025-08-31 15:47:44: Database is ready.
2025-08-31 15:47:44: Attempting to create or refresh leaderboard_materialized_view...
2025-08-31 15:47:44: Successfully refreshed leaderboard_materialized_view.
2025-08-31 15:47:44: Server is running on http://localhost:3000
2025-08-31 15:52:07: Periodically refreshing leaderboard view...
2025-08-31 15:52:07: Attempting to create or refresh leaderboard_materialized_view...
2025-08-31 15:52:07: Successfully refreshed leaderboard_materialized_view.
2025-08-31 15:52:44: Periodically refreshing leaderboard view...
2025-08-31 15:52:44: Attempting to create or refresh leaderboard_materialized_view...
2025-08-31 15:52:45: Successfully refreshed leaderboard_materialized_view.
2025-08-31 15:57:07: Periodically refreshing leaderboard view...
2025-08-31 15:57:07: Attempting to create or refresh leaderboard_materialized_view...
2025-08-31 15:57:07: Successfully refreshed leaderboard_materialized_view.
2025-08-31 15:57:44: Periodically refreshing leaderboard view...
2025-08-31 15:57:44: Attempting to create or refresh leaderboard_materialized_view...
2025-08-31 15:57:44: Successfully refreshed leaderboard_materialized_view.
2025-08-31 16:02:07: Periodically refreshing leaderboard view...
2025-08-31 16:02:07: Attempting to create or refresh leaderboard_materialized_view...
2025-08-31 16:02:08: Successfully refreshed leaderboard_materialized_view.
2025-08-31 16:02:44: Periodically refreshing leaderboard view...
2025-08-31 16:02:44: Attempting to create or refresh leaderboard_materialized_view...
2025-08-31 16:02:44: Successfully refreshed leaderboard_materialized_view.
2025-08-31 16:07:07: Periodically refreshing leaderboard view...
2025-08-31 16:07:07: Attempting to create or refresh leaderboard_materialized_view...
2025-08-31 16:07:07: Successfully refreshed leaderboard_materialized_view.
2025-08-31 16:07:44: Periodically refreshing leaderboard view...
2025-08-31 16:07:44: Attempting to create or refresh leaderboard_materialized_view...
2025-08-31 16:07:44: Successfully refreshed leaderboard_materialized_view.
2025-08-31 16:12:07: Periodically refreshing leaderboard view...
2025-08-31 16:12:07: Attempting to create or refresh leaderboard_materialized_view...
2025-08-31 16:12:08: Successfully refreshed leaderboard_materialized_view.
2025-08-31 16:12:44: Periodically refreshing leaderboard view...
2025-08-31 16:12:44: Attempting to create or refresh leaderboard_materialized_view...
2025-08-31 16:12:46: Successfully refreshed leaderboard_materialized_view.
2025-08-31 16:17:07: Periodically refreshing leaderboard view...
2025-08-31 16:17:07: Attempting to create or refresh leaderboard_materialized_view...
2025-08-31 16:17:07: Successfully refreshed leaderboard_materialized_view.
2025-08-31 16:17:44: Periodically refreshing leaderboard view...
2025-08-31 16:17:44: Attempting to create or refresh leaderboard_materialized_view...
2025-08-31 16:17:44: Successfully refreshed leaderboard_materialized_view.
2025-08-31 16:22:07: Periodically refreshing leaderboard view...
2025-08-31 16:22:07: Attempting to create or refresh leaderboard_materialized_view...
2025-08-31 16:22:08: Successfully refreshed leaderboard_materialized_view.
2025-08-31 16:22:44: Periodically refreshing leaderboard view...
2025-08-31 16:22:44: Attempting to create or refresh leaderboard_materialized_view...
2025-08-31 16:22:45: Successfully refreshed leaderboard_materialized_view.
2025-08-31 16:27:07: Periodically refreshing leaderboard view...
2025-08-31 16:27:07: Attempting to create or refresh leaderboard_materialized_view...
2025-08-31 16:27:08: Successfully refreshed leaderboard_materialized_view.
2025-08-31 16:27:44: Periodically refreshing leaderboard view...
2025-08-31 16:27:44: Attempting to create or refresh leaderboard_materialized_view...
2025-08-31 16:27:44: Successfully refreshed leaderboard_materialized_view.
2025-08-31 16:32:07: Periodically refreshing leaderboard view...
2025-08-31 16:32:07: Attempting to create or refresh leaderboard_materialized_view...
2025-08-31 16:32:08: Successfully refreshed leaderboard_materialized_view.
2025-08-31 16:32:44: Periodically refreshing leaderboard view...
2025-08-31 16:32:44: Attempting to create or refresh leaderboard_materialized_view...
2025-08-31 16:32:45: Successfully refreshed leaderboard_materialized_view.
2025-08-31 16:37:07: Periodically refreshing leaderboard view...
2025-08-31 16:37:07: Attempting to create or refresh leaderboard_materialized_view...
2025-08-31 16:37:07: Successfully refreshed leaderboard_materialized_view.
2025-08-31 16:37:44: Periodically refreshing leaderboard view...
2025-08-31 16:37:44: Attempting to create or refresh leaderboard_materialized_view...
2025-08-31 16:37:44: Successfully refreshed leaderboard_materialized_view.
2025-08-31 16:39:31: Connected to PostgreSQL database: cipher_db
2025-08-31 16:39:31: Database is ready.
2025-08-31 16:39:31: Attempting to create or refresh leaderboard_materialized_view...
2025-08-31 16:39:31: Successfully refreshed leaderboard_materialized_view.
2025-08-31 16:39:31: Server is running on http://localhost:3000
2025-08-31 16:42:07: Periodically refreshing leaderboard view...
2025-08-31 16:42:07: Attempting to create or refresh leaderboard_materialized_view...
2025-08-31 16:42:07: Successfully refreshed leaderboard_materialized_view.
2025-08-31 16:44:31: Periodically refreshing leaderboard view...
2025-08-31 16:44:31: Attempting to create or refresh leaderboard_materialized_view...
2025-08-31 16:44:31: Successfully refreshed leaderboard_materialized_view.
2025-08-31 16:47:07: Periodically refreshing leaderboard view...
2025-08-31 16:47:08: Attempting to create or refresh leaderboard_materialized_view...
2025-08-31 16:47:09: Successfully refreshed leaderboard_materialized_view.
2025-08-31 16:49:31: Periodically refreshing leaderboard view...
2025-08-31 16:49:31: Attempting to create or refresh leaderboard_materialized_view...
2025-08-31 16:49:32: Successfully refreshed leaderboard_materialized_view.
2025-08-31 16:52:07: Periodically refreshing leaderboard view...
2025-08-31 16:52:07: Attempting to create or refresh leaderboard_materialized_view...
2025-08-31 16:52:08: Successfully refreshed leaderboard_materialized_view.
2025-08-31 17:06:51: Periodically refreshing leaderboard view...
2025-08-31 17:06:51: Periodically refreshing leaderboard view...
2025-08-31 17:06:52: Attempting to create or refresh leaderboard_materialized_view...
2025-08-31 17:06:52: Attempting to create or refresh leaderboard_materialized_view...
2025-08-31 17:06:52: Successfully refreshed leaderboard_materialized_view.
2025-08-31 17:06:53: Successfully refreshed leaderboard_materialized_view.
2025-08-31 17:11:51: Periodically refreshing leaderboard view...
2025-08-31 17:11:51: Attempting to create or refresh leaderboard_materialized_view...
2025-08-31 17:11:51: Periodically refreshing leaderboard view...
2025-08-31 17:11:51: Attempting to create or refresh leaderboard_materialized_view...
2025-08-31 17:11:51: Successfully refreshed leaderboard_materialized_view.
2025-08-31 17:11:51: Successfully refreshed leaderboard_materialized_view.
2025-08-31 17:16:51: Periodically refreshing leaderboard view...
2025-08-31 17:16:51: Periodically refreshing leaderboard view...
2025-08-31 17:16:52: Attempting to create or refresh leaderboard_materialized_view...
2025-08-31 17:16:52: Attempting to create or refresh leaderboard_materialized_view...
2025-08-31 17:16:52: Successfully refreshed leaderboard_materialized_view.
2025-08-31 17:16:52: Successfully refreshed leaderboard_materialized_view.
2025-08-31 17:21:51: Periodically refreshing leaderboard view...
2025-08-31 17:21:51: Periodically refreshing leaderboard view...
2025-08-31 17:21:51: Attempting to create or refresh leaderboard_materialized_view...
2025-08-31 17:21:52: Attempting to create or refresh leaderboard_materialized_view...
2025-08-31 17:21:53: Successfully refreshed leaderboard_materialized_view.
2025-08-31 17:21:53: Successfully refreshed leaderboard_materialized_view.
2025-08-31 17:22:15: a user connected
2025-08-31 17:22:17: a user connected
2025-08-31 17:22:23: user disconnected
2025-08-31 17:22:23: a user connected
2025-08-31 17:22:24: a user connected
2025-08-31 17:22:24: User edis attempting to join. Fetched level from DB: 10.
2025-08-31 17:22:24: edis (player_1756154115824) joined room: country-TR. Stored level: 10
2025-08-31 17:23:00: user disconnected
2025-08-31 17:23:03: user disconnected
2025-08-31 17:23:05: [DEBUG] Fetching profile for player ID: player_1756154115824
2025-08-31 17:23:08: user disconnected
2025-08-31 17:23:11: a user connected
2025-08-31 17:23:11: User edis attempting to join. Fetched level from DB: 10.
2025-08-31 17:23:11: edis (player_1756154115824) joined room: country-TR. Stored level: 10
2025-08-31 17:23:34: Connected to PostgreSQL database: cipher_db
2025-08-31 17:23:35: Database is ready.
2025-08-31 17:23:35: Attempting to create or refresh leaderboard_materialized_view...
2025-08-31 17:23:35: Successfully refreshed leaderboard_materialized_view.
2025-08-31 17:23:35: Server is running on http://localhost:3000
2025-08-31 17:23:38: a user connected
2025-08-31 17:24:21: user disconnected
2025-08-31 17:24:23: user disconnected
2025-08-31 17:26:51: Periodically refreshing leaderboard view...
2025-08-31 17:26:51: Attempting to create or refresh leaderboard_materialized_view...
2025-08-31 17:26:51: Successfully refreshed leaderboard_materialized_view.
2025-08-31 17:28:35: Periodically refreshing leaderboard view...
2025-08-31 17:28:35: Attempting to create or refresh leaderboard_materialized_view...
2025-08-31 17:28:36: Successfully refreshed leaderboard_materialized_view.
2025-08-31 17:31:22: a user connected
2025-08-31 17:31:22: User edis attempting to join. Fetched level from DB: 10.
2025-08-31 17:31:22: edis (player_1756154115824) joined room: country-TR. Stored level: 10
2025-08-31 17:31:39: user disconnected
2025-08-31 17:31:45: a user connected
2025-08-31 17:31:46: a user connected
2025-08-31 17:31:47: user disconnected
2025-08-31 17:31:50: [DEBUG] Fetching profile for player ID: player_1756154115824
2025-08-31 17:31:51: Periodically refreshing leaderboard view...
2025-08-31 17:31:51: Attempting to create or refresh leaderboard_materialized_view...
2025-08-31 17:31:52: Successfully refreshed leaderboard_materialized_view.
2025-08-31 17:31:53: a user connected
2025-08-31 17:31:54: a user connected
2025-08-31 17:32:12: Connected to PostgreSQL database: cipher_db
2025-08-31 17:32:12: Database is ready.
2025-08-31 17:32:12: Attempting to create or refresh leaderboard_materialized_view...
2025-08-31 17:32:13: Successfully refreshed leaderboard_materialized_view.
2025-08-31 17:32:13: Server is running on http://localhost:3000
2025-08-31 17:32:22: a user connected
2025-08-31 17:32:22: user disconnected
2025-08-31 17:32:24: a user connected
2025-08-31 17:32:24: User edis attempting to join. Fetched level from DB: 10.
2025-08-31 17:32:24: edis (player_1756154115824) joined room: country-TR. Stored level: 10
2025-08-31 17:32:30: user disconnected
2025-08-31 17:32:38: user disconnected
2025-08-31 17:32:39: user disconnected
2025-08-31 17:32:51: a user connected
2025-08-31 17:32:55: a user connected
2025-08-31 17:33:34: user disconnected
2025-08-31 17:33:36: user disconnected
2025-08-31 17:33:40: user disconnected
2025-08-31 17:36:45: [DEBUG] Fetching profile for player ID: player_1756154115824
2025-08-31 17:36:45: a user connected
2025-08-31 17:36:45: user disconnected
2025-08-31 17:36:46: a user connected
2025-08-31 17:36:48: a user connected
2025-08-31 17:36:51: a user connected
2025-08-31 17:36:51: Periodically refreshing leaderboard view...
2025-08-31 17:36:51: Attempting to create or refresh leaderboard_materialized_view...
2025-08-31 17:36:52: Successfully refreshed leaderboard_materialized_view.
2025-08-31 17:36:52: a user connected
2025-08-31 17:36:54: a user connected
2025-08-31 17:37:13: Periodically refreshing leaderboard view...
2025-08-31 17:37:13: Attempting to create or refresh leaderboard_materialized_view...
2025-08-31 17:37:14: Successfully refreshed leaderboard_materialized_view.
2025-08-31 17:37:31: user disconnected
2025-08-31 17:37:33: user disconnected
2025-08-31 17:37:36: user disconnected
2025-08-31 17:37:37: user disconnected
2025-08-31 17:37:39: user disconnected
2025-08-31 17:41:51: Periodically refreshing leaderboard view...
2025-08-31 17:41:51: Attempting to create or refresh leaderboard_materialized_view...
2025-08-31 17:41:52: Successfully refreshed leaderboard_materialized_view.
2025-08-31 17:42:13: Periodically refreshing leaderboard view...
2025-08-31 17:42:13: Attempting to create or refresh leaderboard_materialized_view...
2025-08-31 17:42:13: Successfully refreshed leaderboard_materialized_view.
2025-08-31 17:46:51: Periodically refreshing leaderboard view...
2025-08-31 17:46:51: Attempting to create or refresh leaderboard_materialized_view...
2025-08-31 17:46:52: Successfully refreshed leaderboard_materialized_view.
2025-08-31 17:46:57: a user connected
2025-08-31 17:47:13: Periodically refreshing leaderboard view...
2025-08-31 17:47:13: Attempting to create or refresh leaderboard_materialized_view...
2025-08-31 17:47:13: Successfully refreshed leaderboard_materialized_view.
2025-08-31 17:47:42: user disconnected
2025-08-31 17:51:51: Periodically refreshing leaderboard view...
2025-08-31 17:51:51: Attempting to create or refresh leaderboard_materialized_view...
2025-08-31 17:51:52: Successfully refreshed leaderboard_materialized_view.
2025-08-31 17:52:13: Periodically refreshing leaderboard view...
2025-08-31 17:52:13: Attempting to create or refresh leaderboard_materialized_view...
2025-08-31 17:52:13: Successfully refreshed leaderboard_materialized_view.
2025-08-31 17:56:51: Periodically refreshing leaderboard view...
2025-08-31 17:56:51: Attempting to create or refresh leaderboard_materialized_view...
2025-08-31 17:56:52: Successfully refreshed leaderboard_materialized_view.
2025-08-31 17:57:13: Periodically refreshing leaderboard view...
2025-08-31 17:57:13: Attempting to create or refresh leaderboard_materialized_view...
2025-08-31 17:57:13: Successfully refreshed leaderboard_materialized_view.
2025-08-31 18:01:51: Periodically refreshing leaderboard view...
2025-08-31 18:01:51: Attempting to create or refresh leaderboard_materialized_view...
2025-08-31 18:01:52: Successfully refreshed leaderboard_materialized_view.
2025-08-31 18:02:13: Periodically refreshing leaderboard view...
2025-08-31 18:02:13: Attempting to create or refresh leaderboard_materialized_view...
2025-08-31 18:02:13: Successfully refreshed leaderboard_materialized_view.
2025-08-31 18:06:51: Periodically refreshing leaderboard view...
2025-08-31 18:06:51: Attempting to create or refresh leaderboard_materialized_view...
2025-08-31 18:06:52: Successfully refreshed leaderboard_materialized_view.
2025-08-31 18:07:13: Periodically refreshing leaderboard view...
2025-08-31 18:07:13: Attempting to create or refresh leaderboard_materialized_view...
2025-08-31 18:07:13: Successfully refreshed leaderboard_materialized_view.
2025-08-31 18:10:54: a user connected
2025-08-31 18:11:18: Connected to PostgreSQL database: cipher_db
2025-08-31 18:11:18: Database is ready.
2025-08-31 18:11:18: Attempting to create or refresh leaderboard_materialized_view...
2025-08-31 18:11:18: Successfully refreshed leaderboard_materialized_view.
2025-08-31 18:11:18: Server is running on http://localhost:3000
2025-08-31 18:11:31: [DEBUG] Fetching profile for player ID: player_1756154115824
2025-08-31 18:11:31: a user connected
2025-08-31 18:11:34: a user connected
2025-08-31 18:11:36: a user connected
2025-08-31 18:11:38: a user connected
2025-08-31 18:11:39: user disconnected
2025-08-31 18:11:40: a user connected
2025-08-31 18:11:40: User edis attempting to join. Fetched level from DB: 10.
2025-08-31 18:11:40: edis (player_1756154115824) joined room: country-TR. Stored level: 10
2025-08-31 18:11:51: Periodically refreshing leaderboard view...
2025-08-31 18:11:51: Attempting to create or refresh leaderboard_materialized_view...
2025-08-31 18:11:52: Successfully refreshed leaderboard_materialized_view.
2025-08-31 18:12:04: User edis attempting to join. Fetched level from DB: 10.
2025-08-31 18:12:04: edis (player_1756154115824) joined room: Global. Stored level: 10
2025-08-31 18:12:16: user disconnected
2025-08-31 18:12:17: User edis attempting to join. Fetched level from DB: 10.
2025-08-31 18:12:17: edis (player_1756154115824) joined room: country-TR. Stored level: 10
2025-08-31 18:12:19: user disconnected
2025-08-31 18:12:21: user disconnected
2025-08-31 18:12:23: user disconnected
2025-08-31 18:12:50: user disconnected
2025-08-31 18:12:50: [DEBUG] Fetching profile for player ID: player_1756154115824
2025-08-31 18:12:51: a user connected
2025-08-31 18:12:51: User edis attempting to join. Fetched level from DB: 10.
2025-08-31 18:12:51: edis (player_1756154115824) joined room: country-TR. Stored level: 10
2025-08-31 18:13:51: User edis attempting to join. Fetched level from DB: 10.
2025-08-31 18:13:51: edis (player_1756154115824) joined room: South-America. Stored level: 10
2025-08-31 18:13:55: User edis attempting to join. Fetched level from DB: 10.
2025-08-31 18:13:55: edis (player_1756154115824) joined room: Global. Stored level: 10
2025-08-31 18:13:59: Sending message to room: Global
2025-08-31 18:14:00: Emitted message to room Global for all clients.
2025-08-31 18:14:05: Sending message to room: Global
2025-08-31 18:14:05: Emitted message to room Global for all clients.
2025-08-31 18:14:34: user disconnected
2025-08-31 18:14:35: [DEBUG] Fetching profile for player ID: player_1756154115824
2025-08-31 18:14:36: a user connected
2025-08-31 18:14:36: User edis attempting to join. Fetched level from DB: 10.
2025-08-31 18:14:36: edis (player_1756154115824) joined room: country-TR. Stored level: 10
2025-08-31 18:14:48: user disconnected
2025-08-31 18:14:49: a user connected
2025-08-31 18:14:49: User edis attempting to join. Fetched level from DB: 10.
2025-08-31 18:14:49: edis (player_1756154115824) joined room: country-TR. Stored level: 10
2025-08-31 18:15:13: user disconnected
2025-08-31 18:16:18: Periodically refreshing leaderboard view...
2025-08-31 18:16:18: Attempting to create or refresh leaderboard_materialized_view...
2025-08-31 18:16:18: Successfully refreshed leaderboard_materialized_view.
2025-08-31 18:16:51: Periodically refreshing leaderboard view...
2025-08-31 18:16:51: Attempting to create or refresh leaderboard_materialized_view...
2025-08-31 18:16:51: Successfully refreshed leaderboard_materialized_view.
2025-08-31 18:17:02: a user connected
2025-08-31 18:17:47: user disconnected
2025-08-31 18:21:18: Periodically refreshing leaderboard view...
2025-08-31 18:21:18: Attempting to create or refresh leaderboard_materialized_view...
2025-08-31 18:21:18: Successfully refreshed leaderboard_materialized_view.
2025-08-31 18:21:51: Periodically refreshing leaderboard view...
2025-08-31 18:21:51: Attempting to create or refresh leaderboard_materialized_view...
2025-08-31 18:21:51: Successfully refreshed leaderboard_materialized_view.
2025-08-31 18:26:18: Periodically refreshing leaderboard view...
2025-08-31 18:26:18: Attempting to create or refresh leaderboard_materialized_view...
2025-08-31 18:26:18: Successfully refreshed leaderboard_materialized_view.
2025-08-31 18:26:51: Periodically refreshing leaderboard view...
2025-08-31 18:26:52: Attempting to create or refresh leaderboard_materialized_view...
2025-08-31 18:26:52: Successfully refreshed leaderboard_materialized_view.
2025-08-31 18:31:18: Periodically refreshing leaderboard view...
2025-08-31 18:31:18: Attempting to create or refresh leaderboard_materialized_view...
2025-08-31 18:31:18: Successfully refreshed leaderboard_materialized_view.
2025-08-31 18:31:51: Periodically refreshing leaderboard view...
2025-08-31 18:31:51: Attempting to create or refresh leaderboard_materialized_view...
2025-08-31 18:31:51: Successfully refreshed leaderboard_materialized_view.
2025-08-31 18:36:18: Periodically refreshing leaderboard view...
2025-08-31 18:36:18: Attempting to create or refresh leaderboard_materialized_view...
2025-08-31 18:36:18: Successfully refreshed leaderboard_materialized_view.
2025-08-31 18:36:51: Periodically refreshing leaderboard view...
2025-08-31 18:36:51: Attempting to create or refresh leaderboard_materialized_view...
2025-08-31 18:36:52: Successfully refreshed leaderboard_materialized_view.
2025-08-31 18:38:57: a user connected
2025-08-31 18:38:59: a user connected
2025-08-31 18:38:59: User edis attempting to join. Fetched level from DB: 10.
2025-08-31 18:38:59: edis (player_1756154115824) joined room: country-TR. Stored level: 10
2025-08-31 18:39:42: user disconnected
2025-08-31 18:41:18: Periodically refreshing leaderboard view...
2025-08-31 18:41:18: Attempting to create or refresh leaderboard_materialized_view...
2025-08-31 18:41:18: Successfully refreshed leaderboard_materialized_view.
2025-08-31 18:41:51: Periodically refreshing leaderboard view...
2025-08-31 18:41:51: Attempting to create or refresh leaderboard_materialized_view...
2025-08-31 18:41:51: Successfully refreshed leaderboard_materialized_view.
2025-08-31 18:46:18: Periodically refreshing leaderboard view...
2025-08-31 18:46:18: Attempting to create or refresh leaderboard_materialized_view...
2025-08-31 18:46:18: Successfully refreshed leaderboard_materialized_view.
2025-08-31 18:46:51: Periodically refreshing leaderboard view...
2025-08-31 18:46:51: Attempting to create or refresh leaderboard_materialized_view...
2025-08-31 18:46:51: Successfully refreshed leaderboard_materialized_view.
2025-08-31 18:47:44: user disconnected
2025-08-31 18:49:20: a user connected
2025-08-31 18:49:23: a user connected
2025-08-31 18:49:23: User edis attempting to join. Fetched level from DB: 10.
2025-08-31 18:49:23: edis (player_1756154115824) joined room: country-TR. Stored level: 10
2025-08-31 18:50:05: user disconnected
2025-08-31 18:50:26: user disconnected
2025-08-31 18:50:27: a user connected
2025-08-31 18:50:27: user disconnected
2025-08-31 18:51:18: Periodically refreshing leaderboard view...
2025-08-31 18:51:18: Attempting to create or refresh leaderboard_materialized_view...
2025-08-31 18:51:18: Successfully refreshed leaderboard_materialized_view.
2025-08-31 18:51:51: Periodically refreshing leaderboard view...
2025-08-31 18:51:52: Attempting to create or refresh leaderboard_materialized_view...
2025-08-31 18:51:52: Successfully refreshed leaderboard_materialized_view.
2025-08-31 18:53:55: a user connected
2025-08-31 18:53:56: User edis attempting to join. Fetched level from DB: 10.
2025-08-31 18:53:56: edis (player_1756154115824) joined room: country-TR. Stored level: 10
2025-08-31 18:54:03: user disconnected
2025-08-31 18:54:03: [DEBUG] Fetching profile for player ID: player_1756154115824
2025-08-31 18:54:04: a user connected
2025-08-31 18:54:04: User edis attempting to join. Fetched level from DB: 10.
2025-08-31 18:54:04: edis (player_1756154115824) joined room: country-TR. Stored level: 10
2025-08-31 18:54:12: user disconnected
2025-08-31 19:33:37: Connected to PostgreSQL database: cipher_db
2025-08-31 19:33:37: Database is ready.
2025-08-31 19:33:37: Attempting to create or refresh leaderboard_materialized_view...
2025-08-31 19:33:37: Successfully refreshed leaderboard_materialized_view.
2025-08-31 19:33:37: Server is running on http://localhost:3000
2025-09-02 10:13:38: Connected to PostgreSQL database: cipher_db
2025-09-02 10:13:38: Database is ready.
2025-09-02 10:13:38: Attempting to create or refresh leaderboard_materialized_view...
2025-09-02 10:13:39: Successfully refreshed leaderboard_materialized_view.
2025-09-02 10:13:39: Server is running on http://localhost:3000
2025-09-02 10:15:05: a user connected
2025-09-02 10:15:06: User edis attempting to join. Fetched level from DB: 10.
2025-09-02 10:15:06: edis (player_1756154115824) joined room: country-TR. Stored level: 10
2025-09-02 10:16:15: user disconnected
2025-09-02 10:16:15: [DEBUG] Fetching profile for player ID: player_1756154115824
2025-09-02 10:16:18: a user connected
2025-09-02 10:16:20: a user connected
2025-09-02 10:17:00: [DEBUG] Fetching profile for player ID: player_1756154115824
2025-09-02 10:17:03: user disconnected
2025-09-02 10:17:05: user disconnected
2025-09-02 10:17:17: [DEBUG] Fetching profile for player ID: player_1756154115824
2025-09-02 10:17:17: a user connected
2025-09-02 10:17:17: User edis attempting to join. Fetched level from DB: 10.
2025-09-02 10:17:17: edis (player_1756154115824) joined room: country-TR. Stored level: 10
2025-09-02 10:17:19: user disconnected
2025-09-02 10:17:19: [DEBUG] Fetching profile for player ID: player_1756154115824
2025-09-02 10:17:20: a user connected
2025-09-02 10:17:20: User edis attempting to join. Fetched level from DB: 10.
2025-09-02 10:17:20: edis (player_1756154115824) joined room: country-TR. Stored level: 10
2025-09-02 10:17:23: user disconnected
2025-09-02 10:17:23: [DEBUG] Fetching profile for player ID: player_1756154115824
2025-09-02 10:17:23: a user connected
2025-09-02 10:17:24: User edis attempting to join. Fetched level from DB: 10.
2025-09-02 10:17:24: edis (player_1756154115824) joined room: country-TR. Stored level: 10
2025-09-02 10:18:39: Periodically refreshing leaderboard view...
2025-09-02 10:18:39: Attempting to create or refresh leaderboard_materialized_view...
2025-09-02 10:18:40: Successfully refreshed leaderboard_materialized_view.
2025-09-02 10:19:44: user disconnected
2025-09-02 10:23:39: Periodically refreshing leaderboard view...
2025-09-02 10:23:39: Attempting to create or refresh leaderboard_materialized_view...
2025-09-02 10:23:39: Successfully refreshed leaderboard_materialized_view.
