2025-08-31 14:28:25: Connected to PostgreSQL database: cipher_db
2025-08-31 14:28:25: Database is ready.
2025-08-31 14:28:25: Attempting to create or refresh leaderboard_materialized_view...
2025-08-31 14:28:27: Successfully refreshed leaderboard_materialized_view.
2025-08-31 14:28:27: Server is running on http://localhost:3000
2025-08-31 14:33:27: Periodically refreshing leaderboard view...
2025-08-31 14:33:27: Attempting to create or refresh leaderboard_materialized_view...
2025-08-31 14:33:30: Successfully refreshed leaderboard_materialized_view.
2025-08-31 14:38:21: Connected to PostgreSQL database: cipher_db
2025-08-31 14:38:21: Database is ready.
2025-08-31 14:38:21: Attempting to create or refresh leaderboard_materialized_view...
2025-08-31 14:38:21: Successfully refreshed leaderboard_materialized_view.
2025-08-31 14:38:21: Server is running on http://localhost:3000
2025-08-31 14:41:00: Connected to PostgreSQL database: cipher_db
2025-08-31 14:41:00: Database is ready.
2025-08-31 14:41:00: Attempting to create or refresh leaderboard_materialized_view...
2025-08-31 14:41:05: Successfully refreshed leaderboard_materialized_view.
2025-08-31 14:41:05: Server is running on http://localhost:3000
2025-08-31 14:47:31: Connected to PostgreSQL database: cipher_db
2025-08-31 14:47:31: Database is ready.
2025-08-31 14:47:31: Attempting to create or refresh leaderboard_materialized_view...
2025-08-31 14:47:36: Successfully refreshed leaderboard_materialized_view.
2025-08-31 14:47:36: Server is running on http://localhost:3000
2025-08-31 14:52:36: Periodically refreshing leaderboard view...
2025-08-31 14:52:36: Attempting to create or refresh leaderboard_materialized_view...
2025-08-31 14:52:36: Successfully refreshed leaderboard_materialized_view.
2025-08-31 14:58:10: Connected to PostgreSQL database: cipher_db
2025-08-31 14:58:10: Database is ready.
2025-08-31 14:58:10: Attempting to create or refresh leaderboard_materialized_view...
2025-08-31 14:58:10: Successfully refreshed leaderboard_materialized_view.
2025-08-31 14:58:10: Server is running on http://localhost:3000
2025-08-31 15:03:10: Periodically refreshing leaderboard view...
2025-08-31 15:03:11: Attempting to create or refresh leaderboard_materialized_view...
2025-08-31 15:03:11: Successfully refreshed leaderboard_materialized_view.
2025-08-31 15:05:40: Connected to PostgreSQL database: cipher_db
2025-08-31 15:05:40: Database is ready.
2025-08-31 15:05:40: Attempting to create or refresh leaderboard_materialized_view...
2025-08-31 15:05:40: Successfully refreshed leaderboard_materialized_view.
2025-08-31 15:05:40: Server is running on http://localhost:3000
2025-08-31 15:10:40: Periodically refreshing leaderboard view...
2025-08-31 15:10:40: Attempting to create or refresh leaderboard_materialized_view...
2025-08-31 15:10:40: Successfully refreshed leaderboard_materialized_view.
2025-08-31 15:15:40: Periodically refreshing leaderboard view...
2025-08-31 15:15:40: Attempting to create or refresh leaderboard_materialized_view...
2025-08-31 15:15:40: Successfully refreshed leaderboard_materialized_view.
2025-08-31 15:47:44: Connected to PostgreSQL database: cipher_db
2025-08-31 15:47:44: Database is ready.
2025-08-31 15:47:44: Attempting to create or refresh leaderboard_materialized_view...
2025-08-31 15:47:44: Successfully refreshed leaderboard_materialized_view.
2025-08-31 15:47:44: Server is running on http://localhost:3000
2025-08-31 15:50:17: [DEBUG] Fetching profile for player ID: player_1756432294423
2025-08-31 15:50:18: a user connected
2025-08-31 15:50:18: user disconnected
2025-08-31 15:50:20: a user connected
2025-08-31 15:50:20: User Creeper attempting to join. Fetched level from DB: 5.
2025-08-31 15:50:20: Creeper (player_1756432294423) joined room: country-BR. Stored level: 5
2025-08-31 15:50:21: user disconnected
2025-08-31 15:50:21: a user connected
2025-08-31 15:50:22: a user connected
2025-08-31 15:50:22: User Creeper attempting to join. Fetched level from DB: 5.
2025-08-31 15:50:22: Creeper (player_1756432294423) joined room: country-BR. Stored level: 5
2025-08-31 15:51:06: user disconnected
2025-08-31 15:52:44: Periodically refreshing leaderboard view...
2025-08-31 15:52:44: Attempting to create or refresh leaderboard_materialized_view...
2025-08-31 15:52:44: Successfully refreshed leaderboard_materialized_view.
2025-08-31 15:57:44: Periodically refreshing leaderboard view...
2025-08-31 15:57:44: Attempting to create or refresh leaderboard_materialized_view...
2025-08-31 15:57:44: Successfully refreshed leaderboard_materialized_view.
2025-08-31 16:00:42: [DEBUG] Fetching profile for player ID: player_1756154115824
2025-08-31 16:00:44: [DEBUG] Fetching profile for player ID: player_1756409716226
2025-08-31 16:00:47: [DEBUG] Fetching profile for player ID: player_1756359060356
2025-08-31 16:00:57: [DEBUG] Fetching profile for player ID: player_1756359060356
2025-08-31 16:01:02: [DEBUG] Fetching profile for player ID: player_1756432294423
2025-08-31 16:01:11: [DEBUG] Fetching profile for player ID: player_1756432294423
2025-08-31 16:01:13: user disconnected
2025-08-31 16:01:18: [DEBUG] Fetching profile for player ID: player_1756359060356
2025-08-31 16:01:18: a user connected
2025-08-31 16:01:18: User flight attempting to join. Fetched level from DB: 1.
2025-08-31 16:01:18: flight (player_1756359060356) joined room: country-KH. Stored level: 1
2025-08-31 16:01:40: [DEBUG] Fetching profile for player ID: player_1756359060356
2025-08-31 16:02:44: Periodically refreshing leaderboard view...
2025-08-31 16:02:44: Attempting to create or refresh leaderboard_materialized_view...
2025-08-31 16:02:44: Successfully refreshed leaderboard_materialized_view.
2025-08-31 16:07:44: Periodically refreshing leaderboard view...
2025-08-31 16:07:44: Attempting to create or refresh leaderboard_materialized_view...
2025-08-31 16:07:44: Successfully refreshed leaderboard_materialized_view.
2025-08-31 16:12:44: Periodically refreshing leaderboard view...
2025-08-31 16:12:44: Attempting to create or refresh leaderboard_materialized_view...
2025-08-31 16:12:46: Successfully refreshed leaderboard_materialized_view.
2025-08-31 16:12:47: Sending message to room: country-KH
2025-08-31 16:12:47: Emitted message to room country-KH for all clients.
2025-08-31 16:12:51: user disconnected
2025-08-31 16:12:51: [DEBUG] Fetching profile for player ID: player_1756359060356
2025-08-31 16:13:02: a user connected
2025-08-31 16:13:02: User flight attempting to join. Fetched level from DB: 10.
2025-08-31 16:13:02: flight (player_1756359060356) joined room: country-KH. Stored level: 10
2025-08-31 16:13:05: User flight attempting to join. Fetched level from DB: 10.
2025-08-31 16:13:05: flight (player_1756359060356) joined room: Global. Stored level: 10
2025-08-31 16:13:14: Sending message to room: Global
2025-08-31 16:13:14: Emitted message to room Global for all clients.
2025-08-31 16:16:23: user disconnected
2025-08-31 16:16:24: a user connected
2025-08-31 16:16:24: User flight attempting to join. Fetched level from DB: 10.
2025-08-31 16:16:24: flight (player_1756359060356) joined room: country-KH. Stored level: 10
2025-08-31 16:16:54: user disconnected
2025-08-31 16:16:55: [DEBUG] Fetching profile for player ID: player_1756359060356
2025-08-31 16:17:03: a user connected
2025-08-31 16:17:08: a user connected
2025-08-31 16:17:09: a user connected
2025-08-31 16:17:11: a user connected
2025-08-31 16:17:13: a user connected
2025-08-31 16:17:13: User flight attempting to join. Fetched level from DB: 10.
2025-08-31 16:17:13: flight (player_1756359060356) joined room: country-KH. Stored level: 10
2025-08-31 16:17:34: user disconnected
2025-08-31 16:17:34: user disconnected
2025-08-31 16:17:34: user disconnected
2025-08-31 16:17:34: [DEBUG] Fetching profile for player ID: player_1756359060356
2025-08-31 16:17:36: a user connected
2025-08-31 16:17:39: a user connected
2025-08-31 16:17:44: Periodically refreshing leaderboard view...
2025-08-31 16:17:44: Attempting to create or refresh leaderboard_materialized_view...
2025-08-31 16:17:45: Successfully refreshed leaderboard_materialized_view.
2025-08-31 16:17:48: user disconnected
2025-08-31 16:17:53: user disconnected
2025-08-31 16:18:03: user disconnected
2025-08-31 16:18:21: user disconnected
2025-08-31 16:19:24: a user connected
2025-08-31 16:19:28: a user connected
2025-08-31 16:19:28: User flight attempting to join. Fetched level from DB: 10.
2025-08-31 16:19:28: flight (player_1756359060356) joined room: country-KH. Stored level: 10
2025-08-31 16:19:42: user disconnected
2025-08-31 16:19:42: user disconnected
2025-08-31 16:19:51: a user connected
2025-08-31 16:19:52: a user connected
2025-08-31 16:19:55: a user connected
2025-08-31 16:19:58: a user connected
2025-08-31 16:19:58: User flight attempting to join. Fetched level from DB: 10.
2025-08-31 16:19:58: flight (player_1756359060356) joined room: country-KH. Stored level: 10
2025-08-31 16:20:36: user disconnected
2025-08-31 16:20:37: user disconnected
2025-08-31 16:20:40: user disconnected
2025-08-31 16:21:02: user disconnected
2025-08-31 16:22:44: Periodically refreshing leaderboard view...
2025-08-31 16:22:44: Attempting to create or refresh leaderboard_materialized_view...
2025-08-31 16:22:46: Successfully refreshed leaderboard_materialized_view.
2025-08-31 16:27:44: Periodically refreshing leaderboard view...
2025-08-31 16:27:44: Attempting to create or refresh leaderboard_materialized_view...
2025-08-31 16:27:46: Successfully refreshed leaderboard_materialized_view.
2025-08-31 16:32:44: Periodically refreshing leaderboard view...
2025-08-31 16:32:44: Attempting to create or refresh leaderboard_materialized_view...
2025-08-31 16:32:46: Successfully refreshed leaderboard_materialized_view.
2025-08-31 16:37:44: Periodically refreshing leaderboard view...
2025-08-31 16:37:44: Attempting to create or refresh leaderboard_materialized_view...
2025-08-31 16:37:45: Successfully refreshed leaderboard_materialized_view.
2025-08-31 16:39:31: Connected to PostgreSQL database: cipher_db
2025-08-31 16:39:31: Database is ready.
2025-08-31 16:39:31: Attempting to create or refresh leaderboard_materialized_view...
2025-08-31 16:39:31: Successfully refreshed leaderboard_materialized_view.
2025-08-31 16:39:31: Server is running on http://localhost:3000
2025-08-31 16:44:31: Periodically refreshing leaderboard view...
2025-08-31 16:44:31: Attempting to create or refresh leaderboard_materialized_view...
2025-08-31 16:44:31: Successfully refreshed leaderboard_materialized_view.
2025-08-31 16:49:31: Periodically refreshing leaderboard view...
2025-08-31 16:49:31: Attempting to create or refresh leaderboard_materialized_view...
2025-08-31 16:49:33: Successfully refreshed leaderboard_materialized_view.
2025-08-31 17:06:51: Periodically refreshing leaderboard view...
2025-08-31 17:06:52: Attempting to create or refresh leaderboard_materialized_view...
2025-08-31 17:06:52: Successfully refreshed leaderboard_materialized_view.
2025-08-31 17:11:51: Periodically refreshing leaderboard view...
2025-08-31 17:11:51: Attempting to create or refresh leaderboard_materialized_view...
2025-08-31 17:11:51: Successfully refreshed leaderboard_materialized_view.
2025-08-31 17:16:51: Periodically refreshing leaderboard view...
2025-08-31 17:16:51: Attempting to create or refresh leaderboard_materialized_view...
2025-08-31 17:16:52: Successfully refreshed leaderboard_materialized_view.
2025-08-31 17:21:51: Periodically refreshing leaderboard view...
2025-08-31 17:21:51: Attempting to create or refresh leaderboard_materialized_view...
2025-08-31 17:21:52: Successfully refreshed leaderboard_materialized_view.
2025-08-31 17:23:35: Connected to PostgreSQL database: cipher_db
2025-08-31 17:23:35: Database is ready.
2025-08-31 17:23:35: Attempting to create or refresh leaderboard_materialized_view...
2025-08-31 17:23:36: Successfully refreshed leaderboard_materialized_view.
2025-08-31 17:23:36: Server is running on http://localhost:3000
2025-08-31 17:28:36: Periodically refreshing leaderboard view...
2025-08-31 17:28:36: Attempting to create or refresh leaderboard_materialized_view...
2025-08-31 17:28:36: Successfully refreshed leaderboard_materialized_view.
2025-08-31 17:32:11: Connected to PostgreSQL database: cipher_db
2025-08-31 17:32:12: Database is ready.
2025-08-31 17:32:12: Attempting to create or refresh leaderboard_materialized_view...
2025-08-31 17:32:12: Successfully refreshed leaderboard_materialized_view.
2025-08-31 17:32:12: Server is running on http://localhost:3000
2025-08-31 17:37:12: Periodically refreshing leaderboard view...
2025-08-31 17:37:12: Attempting to create or refresh leaderboard_materialized_view...
2025-08-31 17:37:13: Successfully refreshed leaderboard_materialized_view.
2025-08-31 17:42:12: Periodically refreshing leaderboard view...
2025-08-31 17:42:12: Attempting to create or refresh leaderboard_materialized_view...
2025-08-31 17:42:13: Successfully refreshed leaderboard_materialized_view.
2025-08-31 17:47:12: Periodically refreshing leaderboard view...
2025-08-31 17:47:12: Attempting to create or refresh leaderboard_materialized_view...
2025-08-31 17:47:12: Successfully refreshed leaderboard_materialized_view.
2025-08-31 17:52:12: Periodically refreshing leaderboard view...
2025-08-31 17:52:12: Attempting to create or refresh leaderboard_materialized_view...
2025-08-31 17:52:12: Successfully refreshed leaderboard_materialized_view.
2025-08-31 17:57:12: Periodically refreshing leaderboard view...
2025-08-31 17:57:12: Attempting to create or refresh leaderboard_materialized_view...
2025-08-31 17:57:13: Successfully refreshed leaderboard_materialized_view.
2025-08-31 18:02:12: Periodically refreshing leaderboard view...
2025-08-31 18:02:12: Attempting to create or refresh leaderboard_materialized_view...
2025-08-31 18:02:13: Successfully refreshed leaderboard_materialized_view.
2025-08-31 18:07:12: Periodically refreshing leaderboard view...
2025-08-31 18:07:13: Attempting to create or refresh leaderboard_materialized_view...
2025-08-31 18:07:13: Successfully refreshed leaderboard_materialized_view.
2025-08-31 18:11:16: Connected to PostgreSQL database: cipher_db
2025-08-31 18:11:16: Database is ready.
2025-08-31 18:11:16: Attempting to create or refresh leaderboard_materialized_view...
2025-08-31 18:11:16: Successfully refreshed leaderboard_materialized_view.
2025-08-31 18:11:16: Server is running on http://localhost:3000
2025-08-31 18:16:16: Periodically refreshing leaderboard view...
2025-08-31 18:16:16: Attempting to create or refresh leaderboard_materialized_view...
2025-08-31 18:16:18: Successfully refreshed leaderboard_materialized_view.
2025-08-31 18:21:16: Periodically refreshing leaderboard view...
2025-08-31 18:21:16: Attempting to create or refresh leaderboard_materialized_view...
2025-08-31 18:21:16: Successfully refreshed leaderboard_materialized_view.
2025-08-31 18:26:16: Periodically refreshing leaderboard view...
2025-08-31 18:26:16: Attempting to create or refresh leaderboard_materialized_view...
2025-08-31 18:26:16: Successfully refreshed leaderboard_materialized_view.
2025-08-31 18:31:16: Periodically refreshing leaderboard view...
2025-08-31 18:31:16: Attempting to create or refresh leaderboard_materialized_view...
2025-08-31 18:31:16: Successfully refreshed leaderboard_materialized_view.
2025-08-31 18:36:16: Periodically refreshing leaderboard view...
2025-08-31 18:36:16: Attempting to create or refresh leaderboard_materialized_view...
2025-08-31 18:36:17: Successfully refreshed leaderboard_materialized_view.
2025-08-31 18:41:16: Periodically refreshing leaderboard view...
2025-08-31 18:41:16: Attempting to create or refresh leaderboard_materialized_view...
2025-08-31 18:41:16: Successfully refreshed leaderboard_materialized_view.
2025-08-31 18:46:16: Periodically refreshing leaderboard view...
2025-08-31 18:46:16: Attempting to create or refresh leaderboard_materialized_view...
2025-08-31 18:46:16: Successfully refreshed leaderboard_materialized_view.
2025-08-31 18:51:16: Periodically refreshing leaderboard view...
2025-08-31 18:51:16: Attempting to create or refresh leaderboard_materialized_view...
2025-08-31 18:51:16: Successfully refreshed leaderboard_materialized_view.
2025-08-31 19:33:38: Connected to PostgreSQL database: cipher_db
2025-08-31 19:33:38: Database is ready.
2025-08-31 19:33:38: Attempting to create or refresh leaderboard_materialized_view...
2025-08-31 19:33:38: Successfully refreshed leaderboard_materialized_view.
2025-08-31 19:33:38: Server is running on http://localhost:3000
2025-08-31 19:33:52: [DEBUG] Fetching profile for player ID: player_1756154115824
2025-08-31 19:33:53: a user connected
2025-08-31 19:33:56: a user connected
2025-08-31 19:33:57: a user connected
2025-08-31 19:33:58: User edis attempting to join. Fetched level from DB: 10.
2025-08-31 19:33:58: edis (player_1756154115824) joined room: country-TR. Stored level: 10
2025-08-31 19:34:10: user disconnected
2025-08-31 19:34:17: [DEBUG] Fetching profile for player ID: player_1756154115824
2025-08-31 19:34:17: a user connected
2025-08-31 19:34:19: a user connected
2025-08-31 19:34:22: [DEBUG] Fetching profile for player ID: player_1756154115824
2025-08-31 19:34:23: a user connected
2025-08-31 19:34:23: User edis attempting to join. Fetched level from DB: 10.
2025-08-31 19:34:23: edis (player_1756154115824) joined room: country-TR. Stored level: 10
2025-08-31 19:34:38: user disconnected
2025-08-31 19:34:41: user disconnected
2025-08-31 19:34:50: a user connected
2025-08-31 19:35:02: user disconnected
2025-08-31 19:35:04: user disconnected
2025-09-02 10:13:38: Connected to PostgreSQL database: cipher_db
2025-09-02 10:13:38: Database is ready.
2025-09-02 10:13:38: Attempting to create or refresh leaderboard_materialized_view...
2025-09-02 10:13:38: Successfully refreshed leaderboard_materialized_view.
2025-09-02 10:13:38: Server is running on http://localhost:3000
2025-09-02 10:18:38: Periodically refreshing leaderboard view...
2025-09-02 10:18:38: Attempting to create or refresh leaderboard_materialized_view...
2025-09-02 10:18:39: Successfully refreshed leaderboard_materialized_view.
2025-09-02 10:23:38: Periodically refreshing leaderboard view...
2025-09-02 10:23:38: Attempting to create or refresh leaderboard_materialized_view...
2025-09-02 10:23:38: Successfully refreshed leaderboard_materialized_view.
