2025-08-31 14:28:21: Connected to PostgreSQL database: cipher_db
2025-08-31 14:28:21: Database is ready.
2025-08-31 14:28:21: Attempting to create or refresh leaderboard_materialized_view...
2025-08-31 14:28:22: Successfully refreshed leaderboard_materialized_view.
2025-08-31 14:28:22: Server is running on http://localhost:3000
2025-08-31 14:33:22: Periodically refreshing leaderboard view...
2025-08-31 14:33:23: Attempting to create or refresh leaderboard_materialized_view...
2025-08-31 14:33:24: Successfully refreshed leaderboard_materialized_view.
2025-08-31 14:38:20: Connected to PostgreSQL database: cipher_db
2025-08-31 14:38:20: Database is ready.
2025-08-31 14:38:20: Attempting to create or refresh leaderboard_materialized_view...
2025-08-31 14:38:20: Successfully refreshed leaderboard_materialized_view.
2025-08-31 14:38:20: Server is running on http://localhost:3000
2025-08-31 14:40:59: Connected to PostgreSQL database: cipher_db
2025-08-31 14:40:59: Database is ready.
2025-08-31 14:40:59: Attempting to create or refresh leaderboard_materialized_view...
2025-08-31 14:41:04: Successfully refreshed leaderboard_materialized_view.
2025-08-31 14:41:04: Server is running on http://localhost:3000
2025-08-31 14:47:31: Connected to PostgreSQL database: cipher_db
2025-08-31 14:47:31: Database is ready.
2025-08-31 14:47:31: Attempting to create or refresh leaderboard_materialized_view...
2025-08-31 14:47:34: Successfully refreshed leaderboard_materialized_view.
2025-08-31 14:47:34: Server is running on http://localhost:3000
2025-08-31 14:52:34: Periodically refreshing leaderboard view...
2025-08-31 14:52:34: Attempting to create or refresh leaderboard_materialized_view...
2025-08-31 14:52:34: Successfully refreshed leaderboard_materialized_view.
2025-08-31 14:58:10: Connected to PostgreSQL database: cipher_db
2025-08-31 14:58:10: Database is ready.
2025-08-31 14:58:10: Attempting to create or refresh leaderboard_materialized_view...
2025-08-31 14:58:10: Successfully refreshed leaderboard_materialized_view.
2025-08-31 14:58:10: Server is running on http://localhost:3000
2025-08-31 15:03:10: Periodically refreshing leaderboard view...
2025-08-31 15:03:10: Attempting to create or refresh leaderboard_materialized_view...
2025-08-31 15:03:10: Successfully refreshed leaderboard_materialized_view.
2025-08-31 15:05:39: Connected to PostgreSQL database: cipher_db
2025-08-31 15:05:39: Database is ready.
2025-08-31 15:05:39: Attempting to create or refresh leaderboard_materialized_view...
2025-08-31 15:05:39: Successfully refreshed leaderboard_materialized_view.
2025-08-31 15:05:39: Server is running on http://localhost:3000
2025-08-31 15:10:39: Periodically refreshing leaderboard view...
2025-08-31 15:10:40: Attempting to create or refresh leaderboard_materialized_view...
2025-08-31 15:10:40: Successfully refreshed leaderboard_materialized_view.
2025-08-31 15:15:39: Periodically refreshing leaderboard view...
2025-08-31 15:15:39: Attempting to create or refresh leaderboard_materialized_view...
2025-08-31 15:15:39: Successfully refreshed leaderboard_materialized_view.
2025-08-31 15:47:43: Connected to PostgreSQL database: cipher_db
2025-08-31 15:47:43: Database is ready.
2025-08-31 15:47:43: Attempting to create or refresh leaderboard_materialized_view...
2025-08-31 15:47:44: Successfully refreshed leaderboard_materialized_view.
2025-08-31 15:47:44: Server is running on http://localhost:3000
2025-08-31 15:52:44: Periodically refreshing leaderboard view...
2025-08-31 15:52:44: Attempting to create or refresh leaderboard_materialized_view...
2025-08-31 15:52:44: Successfully refreshed leaderboard_materialized_view.
2025-08-31 15:57:44: Periodically refreshing leaderboard view...
2025-08-31 15:57:44: Attempting to create or refresh leaderboard_materialized_view...
2025-08-31 15:57:44: Successfully refreshed leaderboard_materialized_view.
2025-08-31 16:02:44: Periodically refreshing leaderboard view...
2025-08-31 16:02:44: Attempting to create or refresh leaderboard_materialized_view...
2025-08-31 16:02:44: Successfully refreshed leaderboard_materialized_view.
2025-08-31 16:07:44: Periodically refreshing leaderboard view...
2025-08-31 16:07:44: Attempting to create or refresh leaderboard_materialized_view...
2025-08-31 16:07:44: Successfully refreshed leaderboard_materialized_view.
2025-08-31 16:12:44: Periodically refreshing leaderboard view...
2025-08-31 16:12:44: Attempting to create or refresh leaderboard_materialized_view...
2025-08-31 16:12:44: Successfully refreshed leaderboard_materialized_view.
2025-08-31 16:17:44: Periodically refreshing leaderboard view...
2025-08-31 16:17:44: Attempting to create or refresh leaderboard_materialized_view...
2025-08-31 16:17:44: Successfully refreshed leaderboard_materialized_view.
2025-08-31 16:22:44: Periodically refreshing leaderboard view...
2025-08-31 16:22:44: Attempting to create or refresh leaderboard_materialized_view...
2025-08-31 16:22:44: Successfully refreshed leaderboard_materialized_view.
2025-08-31 16:27:44: Periodically refreshing leaderboard view...
2025-08-31 16:27:44: Attempting to create or refresh leaderboard_materialized_view...
2025-08-31 16:27:44: Successfully refreshed leaderboard_materialized_view.
2025-08-31 16:32:44: Periodically refreshing leaderboard view...
2025-08-31 16:32:44: Attempting to create or refresh leaderboard_materialized_view...
2025-08-31 16:32:45: Successfully refreshed leaderboard_materialized_view.
2025-08-31 16:37:44: Periodically refreshing leaderboard view...
2025-08-31 16:37:44: Attempting to create or refresh leaderboard_materialized_view...
2025-08-31 16:37:44: Successfully refreshed leaderboard_materialized_view.
2025-08-31 16:39:31: Connected to PostgreSQL database: cipher_db
2025-08-31 16:39:31: Database is ready.
2025-08-31 16:39:31: Attempting to create or refresh leaderboard_materialized_view...
2025-08-31 16:39:31: Successfully refreshed leaderboard_materialized_view.
2025-08-31 16:39:31: Server is running on http://localhost:3000
2025-08-31 16:44:31: Periodically refreshing leaderboard view...
2025-08-31 16:44:31: Attempting to create or refresh leaderboard_materialized_view...
2025-08-31 16:44:31: Successfully refreshed leaderboard_materialized_view.
2025-08-31 16:49:31: Periodically refreshing leaderboard view...
2025-08-31 16:49:31: Attempting to create or refresh leaderboard_materialized_view...
2025-08-31 16:49:33: Successfully refreshed leaderboard_materialized_view.
2025-08-31 17:06:51: Periodically refreshing leaderboard view...
2025-08-31 17:06:52: Attempting to create or refresh leaderboard_materialized_view...
2025-08-31 17:06:53: Successfully refreshed leaderboard_materialized_view.
2025-08-31 17:11:51: Periodically refreshing leaderboard view...
2025-08-31 17:11:51: Attempting to create or refresh leaderboard_materialized_view...
2025-08-31 17:11:51: Successfully refreshed leaderboard_materialized_view.
2025-08-31 17:16:51: Periodically refreshing leaderboard view...
2025-08-31 17:16:51: Attempting to create or refresh leaderboard_materialized_view...
2025-08-31 17:16:52: Successfully refreshed leaderboard_materialized_view.
2025-08-31 17:21:51: Periodically refreshing leaderboard view...
2025-08-31 17:21:51: Attempting to create or refresh leaderboard_materialized_view...
2025-08-31 17:21:52: Successfully refreshed leaderboard_materialized_view.
2025-08-31 17:23:32: Connected to PostgreSQL database: cipher_db
2025-08-31 17:23:32: Database is ready.
2025-08-31 17:23:32: Attempting to create or refresh leaderboard_materialized_view...
2025-08-31 17:23:33: Successfully refreshed leaderboard_materialized_view.
2025-08-31 17:23:33: Server is running on http://localhost:3000
2025-08-31 17:28:33: Periodically refreshing leaderboard view...
2025-08-31 17:28:33: Attempting to create or refresh leaderboard_materialized_view...
2025-08-31 17:28:33: Successfully refreshed leaderboard_materialized_view.
2025-08-31 17:32:10: Connected to PostgreSQL database: cipher_db
2025-08-31 17:32:11: Database is ready.
2025-08-31 17:32:11: Attempting to create or refresh leaderboard_materialized_view...
2025-08-31 17:32:11: Successfully refreshed leaderboard_materialized_view.
2025-08-31 17:32:11: Server is running on http://localhost:3000
2025-08-31 17:37:11: Periodically refreshing leaderboard view...
2025-08-31 17:37:11: Attempting to create or refresh leaderboard_materialized_view...
2025-08-31 17:37:12: Successfully refreshed leaderboard_materialized_view.
2025-08-31 17:42:11: Periodically refreshing leaderboard view...
2025-08-31 17:42:11: Attempting to create or refresh leaderboard_materialized_view...
2025-08-31 17:42:12: Successfully refreshed leaderboard_materialized_view.
2025-08-31 17:47:11: Periodically refreshing leaderboard view...
2025-08-31 17:47:12: Attempting to create or refresh leaderboard_materialized_view...
2025-08-31 17:47:12: Successfully refreshed leaderboard_materialized_view.
2025-08-31 17:52:11: Periodically refreshing leaderboard view...
2025-08-31 17:52:11: Attempting to create or refresh leaderboard_materialized_view...
2025-08-31 17:52:11: Successfully refreshed leaderboard_materialized_view.
2025-08-31 17:57:11: Periodically refreshing leaderboard view...
2025-08-31 17:57:11: Attempting to create or refresh leaderboard_materialized_view...
2025-08-31 17:57:11: Successfully refreshed leaderboard_materialized_view.
2025-08-31 18:02:11: Periodically refreshing leaderboard view...
2025-08-31 18:02:12: Attempting to create or refresh leaderboard_materialized_view...
2025-08-31 18:02:12: Successfully refreshed leaderboard_materialized_view.
2025-08-31 18:07:11: Periodically refreshing leaderboard view...
2025-08-31 18:07:11: Attempting to create or refresh leaderboard_materialized_view...
2025-08-31 18:07:12: Successfully refreshed leaderboard_materialized_view.
2025-08-31 18:11:16: Connected to PostgreSQL database: cipher_db
2025-08-31 18:11:16: Database is ready.
2025-08-31 18:11:16: Attempting to create or refresh leaderboard_materialized_view...
2025-08-31 18:11:16: Successfully refreshed leaderboard_materialized_view.
2025-08-31 18:11:16: Server is running on http://localhost:3000
2025-08-31 18:16:16: Periodically refreshing leaderboard view...
2025-08-31 18:16:16: Attempting to create or refresh leaderboard_materialized_view...
2025-08-31 18:16:17: Successfully refreshed leaderboard_materialized_view.
2025-08-31 18:21:16: Periodically refreshing leaderboard view...
2025-08-31 18:21:16: Attempting to create or refresh leaderboard_materialized_view...
2025-08-31 18:21:16: Successfully refreshed leaderboard_materialized_view.
2025-08-31 18:26:16: Periodically refreshing leaderboard view...
2025-08-31 18:26:16: Attempting to create or refresh leaderboard_materialized_view...
2025-08-31 18:26:16: Successfully refreshed leaderboard_materialized_view.
2025-08-31 18:31:16: Periodically refreshing leaderboard view...
2025-08-31 18:31:16: Attempting to create or refresh leaderboard_materialized_view...
2025-08-31 18:31:16: Successfully refreshed leaderboard_materialized_view.
2025-08-31 18:36:16: Periodically refreshing leaderboard view...
2025-08-31 18:36:16: Attempting to create or refresh leaderboard_materialized_view...
2025-08-31 18:36:16: Successfully refreshed leaderboard_materialized_view.
2025-08-31 18:41:16: Periodically refreshing leaderboard view...
2025-08-31 18:41:16: Attempting to create or refresh leaderboard_materialized_view...
2025-08-31 18:41:16: Successfully refreshed leaderboard_materialized_view.
2025-08-31 18:46:16: Periodically refreshing leaderboard view...
2025-08-31 18:46:16: Attempting to create or refresh leaderboard_materialized_view...
2025-08-31 18:46:16: Successfully refreshed leaderboard_materialized_view.
2025-08-31 18:51:16: Periodically refreshing leaderboard view...
2025-08-31 18:51:16: Attempting to create or refresh leaderboard_materialized_view...
2025-08-31 18:51:16: Successfully refreshed leaderboard_materialized_view.
2025-08-31 19:33:38: Connected to PostgreSQL database: cipher_db
2025-08-31 19:33:38: Database is ready.
2025-08-31 19:33:38: Attempting to create or refresh leaderboard_materialized_view...
2025-08-31 19:33:38: Successfully refreshed leaderboard_materialized_view.
2025-08-31 19:33:38: Server is running on http://localhost:3000
2025-09-02 10:13:38: Connected to PostgreSQL database: cipher_db
2025-09-02 10:13:38: Database is ready.
2025-09-02 10:13:38: Attempting to create or refresh leaderboard_materialized_view...
2025-09-02 10:13:38: Successfully refreshed leaderboard_materialized_view.
2025-09-02 10:13:38: Server is running on http://localhost:3000
2025-09-02 10:18:38: Periodically refreshing leaderboard view...
2025-09-02 10:18:38: Attempting to create or refresh leaderboard_materialized_view...
2025-09-02 10:18:39: Successfully refreshed leaderboard_materialized_view.
2025-09-02 10:23:38: Periodically refreshing leaderboard view...
2025-09-02 10:23:38: Attempting to create or refresh leaderboard_materialized_view...
2025-09-02 10:23:38: Successfully refreshed leaderboard_materialized_view.
