2025-08-31 14:28:24: Connected to PostgreSQL database: cipher_db
2025-08-31 14:28:24: Database is ready.
2025-08-31 14:28:24: Attempting to create or refresh leaderboard_materialized_view...
2025-08-31 14:28:25: Successfully refreshed leaderboard_materialized_view.
2025-08-31 14:28:25: Server is running on http://localhost:3000
2025-08-31 14:33:25: Periodically refreshing leaderboard view...
2025-08-31 14:33:26: Attempting to create or refresh leaderboard_materialized_view...
2025-08-31 14:33:27: Successfully refreshed leaderboard_materialized_view.
2025-08-31 14:38:21: Connected to PostgreSQL database: cipher_db
2025-08-31 14:38:21: Database is ready.
2025-08-31 14:38:21: Attempting to create or refresh leaderboard_materialized_view...
2025-08-31 14:38:22: Successfully refreshed leaderboard_materialized_view.
2025-08-31 14:38:22: Server is running on http://localhost:3000
2025-08-31 14:41:00: Connected to PostgreSQL database: cipher_db
2025-08-31 14:41:00: Database is ready.
2025-08-31 14:41:00: Attempting to create or refresh leaderboard_materialized_view...
2025-08-31 14:41:08: Successfully refreshed leaderboard_materialized_view.
2025-08-31 14:41:08: Server is running on http://localhost:3000
2025-08-31 14:47:31: Connected to PostgreSQL database: cipher_db
2025-08-31 14:47:31: Database is ready.
2025-08-31 14:47:31: Attempting to create or refresh leaderboard_materialized_view...
2025-08-31 14:47:36: Successfully refreshed leaderboard_materialized_view.
2025-08-31 14:47:36: Server is running on http://localhost:3000
2025-08-31 14:47:38: a user connected
2025-08-31 14:47:51: [DEBUG] Admin reset: Player player_1756154115824 level reset to 0 based on 0 remaining games.
2025-08-31 14:48:01: a user connected
2025-08-31 14:48:03: a user connected
2025-08-31 14:48:23: user disconnected
2025-08-31 14:48:24: [DEBUG] Fetching profile for player ID: player_1756154115824
2025-08-31 14:48:25: a user connected
2025-08-31 14:48:33: [DEBUG] Fetching profile for player ID: player_1756154115824
2025-08-31 14:48:38: [DEBUG] Fetching profile for player ID: player_1756154115824
2025-08-31 14:48:46: user disconnected
2025-08-31 14:48:48: user disconnected
2025-08-31 14:49:05: [DEBUG] Fetching profile for player ID: player_1756154115824
2025-08-31 14:49:05: a user connected
2025-08-31 14:49:05: User edis attempting to join. Fetched level from DB: 0.
2025-08-31 14:49:05: edis (player_1756154115824) joined room: country-TR. Stored level: 0
2025-08-31 14:49:08: [DEBUG] Fetching profile for player ID: player_1756154115824
2025-08-31 14:49:10: user disconnected
2025-08-31 14:49:41: user disconnected
2025-08-31 14:49:41: [DEBUG] Fetching profile for player ID: player_1756154115824
2025-08-31 14:49:43: a user connected
2025-08-31 14:49:43: User edis attempting to join. Fetched level from DB: 0.
2025-08-31 14:49:43: edis (player_1756154115824) joined room: country-TR. Stored level: 0
2025-08-31 14:50:00: [DEBUG] Fetching profile for player ID: player_1756154115824
2025-08-31 14:50:02: user disconnected
2025-08-31 14:50:10: a user connected
2025-08-31 14:50:13: a user connected
2025-08-31 14:50:15: a user connected
2025-08-31 14:50:18: a user connected
2025-08-31 14:50:18: User EDİS attempting to join. Fetched level from DB: 10.
2025-08-31 14:50:18: EDİS (player_1756346497569) joined room: country-CO. Stored level: 10
2025-08-31 14:50:18: [DEBUG] Fetching profile for player ID: player_1756346497569
2025-08-31 14:50:45: a user connected
2025-08-31 14:50:49: a user connected
2025-08-31 14:50:51: a user connected
2025-08-31 14:50:53: a user connected
2025-08-31 14:50:53: User EDİS attempting to join. Fetched level from DB: 10.
2025-08-31 14:50:53: EDİS (player_1756346497569) joined room: country-CO. Stored level: 10
2025-08-31 14:50:54: a user connected
2025-08-31 14:50:55: user disconnected
2025-08-31 14:50:57: a user connected
2025-08-31 14:50:58: user disconnected
2025-08-31 14:51:00: user disconnected
2025-08-31 14:51:28: user disconnected
2025-08-31 14:51:30: user disconnected
2025-08-31 14:51:34: user disconnected
2025-08-31 14:51:36: user disconnected
2025-08-31 14:51:38: user disconnected
2025-08-31 14:51:39: user disconnected
2025-08-31 14:51:42: user disconnected
2025-08-31 14:52:34: [DEBUG] Fetching profile for player ID: player_1756641153883
2025-08-31 14:52:34: a user connected
2025-08-31 14:52:34: User easdew attempting to join. Fetched level from DB: 0.
2025-08-31 14:52:34: easdew (player_1756641153883) joined room: country-US. Stored level: 0
2025-08-31 14:52:36: Periodically refreshing leaderboard view...
2025-08-31 14:52:36: Attempting to create or refresh leaderboard_materialized_view...
2025-08-31 14:52:36: Successfully refreshed leaderboard_materialized_view.
2025-08-31 14:53:02: [DEBUG] Fetching profile for player ID: player_1756641153883
2025-08-31 14:53:14: [DEBUG] Fetching profile for player ID: player_1756641153883
2025-08-31 14:53:33: [DEBUG] Fetching profile for player ID: player_1756346497569
2025-08-31 14:53:47: [DEBUG] Fetching profile for player ID: player_1756641153883
2025-08-31 14:54:00: [DEBUG] Avatar updated in DB for user player_1756641153883. New URL: uploads/avatars/player_1756641153883-1756641239891-117335569.jpg
2025-08-31 14:54:00: User easdew updated avatar to uploads/avatars/player_1756641153883-1756641239891-117335569.jpg. Broadcasting update to room country-US.
2025-08-31 14:54:05: [DEBUG] Fetching profile for player ID: player_1756641153883
2025-08-31 14:54:31: user disconnected
2025-08-31 14:54:32: [DEBUG] Fetching profile for player ID: player_1756641153883
2025-08-31 14:54:32: a user connected
2025-08-31 14:54:32: User easdew attempting to join. Fetched level from DB: 0.
2025-08-31 14:54:32: easdew (player_1756641153883) joined room: country-US. Stored level: 0
2025-08-31 14:54:42: [DEBUG] Fetching profile for player ID: player_1756641153883
2025-08-31 14:54:47: user disconnected
2025-08-31 14:54:47: [DEBUG] Fetching profile for player ID: player_1756641153883
2025-08-31 14:54:48: a user connected
2025-08-31 14:54:48: User easdew attempting to join. Fetched level from DB: 0.
2025-08-31 14:54:48: easdew (player_1756641153883) joined room: country-US. Stored level: 0
2025-08-31 14:54:53: [DEBUG] Fetching profile for player ID: player_1756641153883
2025-08-31 14:55:15: a user connected
2025-08-31 14:55:16: User easdew attempting to join. Fetched level from DB: 0.
2025-08-31 14:55:16: easdew (player_1756641153883) joined room: country-US. Stored level: 0
2025-08-31 14:55:58: user disconnected
2025-08-31 14:56:00: user disconnected
2025-08-31 14:58:10: Connected to PostgreSQL database: cipher_db
2025-08-31 14:58:10: Database is ready.
2025-08-31 14:58:10: Attempting to create or refresh leaderboard_materialized_view...
2025-08-31 14:58:10: Successfully refreshed leaderboard_materialized_view.
2025-08-31 14:58:10: Server is running on http://localhost:3000
2025-08-31 15:03:10: Periodically refreshing leaderboard view...
2025-08-31 15:03:10: Attempting to create or refresh leaderboard_materialized_view...
2025-08-31 15:03:11: Successfully refreshed leaderboard_materialized_view.
2025-08-31 15:05:40: Connected to PostgreSQL database: cipher_db
2025-08-31 15:05:40: Database is ready.
2025-08-31 15:05:40: Attempting to create or refresh leaderboard_materialized_view...
2025-08-31 15:05:40: Successfully refreshed leaderboard_materialized_view.
2025-08-31 15:05:40: Server is running on http://localhost:3000
2025-08-31 15:10:40: Periodically refreshing leaderboard view...
2025-08-31 15:10:40: Attempting to create or refresh leaderboard_materialized_view...
2025-08-31 15:10:40: Successfully refreshed leaderboard_materialized_view.
2025-08-31 15:15:40: Periodically refreshing leaderboard view...
2025-08-31 15:15:40: Attempting to create or refresh leaderboard_materialized_view...
2025-08-31 15:15:40: Successfully refreshed leaderboard_materialized_view.
2025-08-31 15:47:44: Connected to PostgreSQL database: cipher_db
2025-08-31 15:47:44: Database is ready.
2025-08-31 15:47:44: Attempting to create or refresh leaderboard_materialized_view...
2025-08-31 15:47:44: Successfully refreshed leaderboard_materialized_view.
2025-08-31 15:47:44: Server is running on http://localhost:3000
2025-08-31 15:52:44: Periodically refreshing leaderboard view...
2025-08-31 15:52:44: Attempting to create or refresh leaderboard_materialized_view...
2025-08-31 15:52:45: Successfully refreshed leaderboard_materialized_view.
2025-08-31 15:57:44: Periodically refreshing leaderboard view...
2025-08-31 15:57:44: Attempting to create or refresh leaderboard_materialized_view...
2025-08-31 15:57:44: Successfully refreshed leaderboard_materialized_view.
2025-08-31 16:02:44: Periodically refreshing leaderboard view...
2025-08-31 16:02:44: Attempting to create or refresh leaderboard_materialized_view...
2025-08-31 16:02:44: Successfully refreshed leaderboard_materialized_view.
2025-08-31 16:07:44: Periodically refreshing leaderboard view...
2025-08-31 16:07:44: Attempting to create or refresh leaderboard_materialized_view...
2025-08-31 16:07:44: Successfully refreshed leaderboard_materialized_view.
2025-08-31 16:12:44: Periodically refreshing leaderboard view...
2025-08-31 16:12:44: Attempting to create or refresh leaderboard_materialized_view...
2025-08-31 16:12:47: Successfully refreshed leaderboard_materialized_view.
2025-08-31 16:17:44: Periodically refreshing leaderboard view...
2025-08-31 16:17:44: Attempting to create or refresh leaderboard_materialized_view...
2025-08-31 16:17:46: Successfully refreshed leaderboard_materialized_view.
2025-08-31 16:19:42: [DEBUG] Fetching profile for player ID: player_1756359060356
2025-08-31 16:19:44: a user connected
2025-08-31 16:19:46: a user connected
2025-08-31 16:19:48: a user connected
2025-08-31 16:19:50: a user connected
2025-08-31 16:20:29: user disconnected
2025-08-31 16:20:31: user disconnected
2025-08-31 16:20:33: user disconnected
2025-08-31 16:20:35: user disconnected
2025-08-31 16:21:02: [DEBUG] Fetching profile for player ID: player_1756359060356
2025-08-31 16:21:03: a user connected
2025-08-31 16:21:03: User flight attempting to join. Fetched level from DB: 10.
2025-08-31 16:21:03: flight (player_1756359060356) joined room: country-KH. Stored level: 10
2025-08-31 16:21:21: user disconnected
2025-08-31 16:21:22: a user connected
2025-08-31 16:21:22: User flight attempting to join. Fetched level from DB: 10.
2025-08-31 16:21:22: flight (player_1756359060356) joined room: country-KH. Stored level: 10
2025-08-31 16:21:49: [DEBUG] Fetching profile for player ID: player_1756359060356
2025-08-31 16:22:44: Periodically refreshing leaderboard view...
2025-08-31 16:22:44: Attempting to create or refresh leaderboard_materialized_view...
2025-08-31 16:22:46: Successfully refreshed leaderboard_materialized_view.
2025-08-31 16:27:44: Periodically refreshing leaderboard view...
2025-08-31 16:27:44: Attempting to create or refresh leaderboard_materialized_view...
2025-08-31 16:27:47: Successfully refreshed leaderboard_materialized_view.
2025-08-31 16:32:44: Periodically refreshing leaderboard view...
2025-08-31 16:32:44: Attempting to create or refresh leaderboard_materialized_view...
2025-08-31 16:32:45: Successfully refreshed leaderboard_materialized_view.
2025-08-31 16:37:44: Periodically refreshing leaderboard view...
2025-08-31 16:37:44: Attempting to create or refresh leaderboard_materialized_view...
2025-08-31 16:37:44: Successfully refreshed leaderboard_materialized_view.
2025-08-31 16:38:19: user disconnected
2025-08-31 16:38:19: [DEBUG] Fetching profile for player ID: player_1756359060356
2025-08-31 16:38:20: a user connected
2025-08-31 16:38:20: User flight attempting to join. Fetched level from DB: 10.
2025-08-31 16:38:20: flight (player_1756359060356) joined room: country-KH. Stored level: 10
2025-08-31 16:38:44: user disconnected
2025-08-31 16:39:31: Connected to PostgreSQL database: cipher_db
2025-08-31 16:39:31: Database is ready.
2025-08-31 16:39:31: Attempting to create or refresh leaderboard_materialized_view...
2025-08-31 16:39:31: Successfully refreshed leaderboard_materialized_view.
2025-08-31 16:39:31: Server is running on http://localhost:3000
2025-08-31 16:44:31: Periodically refreshing leaderboard view...
2025-08-31 16:44:31: Attempting to create or refresh leaderboard_materialized_view...
2025-08-31 16:44:31: Successfully refreshed leaderboard_materialized_view.
2025-08-31 16:49:31: Periodically refreshing leaderboard view...
2025-08-31 16:49:31: Attempting to create or refresh leaderboard_materialized_view...
2025-08-31 16:49:32: Successfully refreshed leaderboard_materialized_view.
2025-08-31 17:06:51: Periodically refreshing leaderboard view...
2025-08-31 17:06:52: Attempting to create or refresh leaderboard_materialized_view...
2025-08-31 17:06:53: Successfully refreshed leaderboard_materialized_view.
2025-08-31 17:11:51: Periodically refreshing leaderboard view...
2025-08-31 17:11:51: Attempting to create or refresh leaderboard_materialized_view...
2025-08-31 17:11:52: Successfully refreshed leaderboard_materialized_view.
2025-08-31 17:16:51: Periodically refreshing leaderboard view...
2025-08-31 17:16:51: Attempting to create or refresh leaderboard_materialized_view...
2025-08-31 17:16:52: Successfully refreshed leaderboard_materialized_view.
2025-08-31 17:21:51: Periodically refreshing leaderboard view...
2025-08-31 17:21:51: Attempting to create or refresh leaderboard_materialized_view...
2025-08-31 17:21:52: Successfully refreshed leaderboard_materialized_view.
2025-08-31 17:23:36: Connected to PostgreSQL database: cipher_db
2025-08-31 17:23:36: Database is ready.
2025-08-31 17:23:36: Attempting to create or refresh leaderboard_materialized_view...
2025-08-31 17:23:37: Successfully refreshed leaderboard_materialized_view.
2025-08-31 17:23:37: Server is running on http://localhost:3000
2025-08-31 17:24:59: [DEBUG] Fetching profile for player ID: player_1756154115824
2025-08-31 17:25:00: a user connected
2025-08-31 17:25:00: User edis attempting to join. Fetched level from DB: 10.
2025-08-31 17:25:00: edis (player_1756154115824) joined room: country-TR. Stored level: 10
2025-08-31 17:25:00: user disconnected
2025-08-31 17:25:00: [DEBUG] Fetching profile for player ID: player_1756154115824
2025-08-31 17:25:01: a user connected
2025-08-31 17:25:01: User edis attempting to join. Fetched level from DB: 10.
2025-08-31 17:25:01: edis (player_1756154115824) joined room: country-TR. Stored level: 10
2025-08-31 17:28:37: Periodically refreshing leaderboard view...
2025-08-31 17:28:37: Attempting to create or refresh leaderboard_materialized_view...
2025-08-31 17:28:37: Successfully refreshed leaderboard_materialized_view.
2025-08-31 17:32:11: Connected to PostgreSQL database: cipher_db
2025-08-31 17:32:11: Database is ready.
2025-08-31 17:32:11: Attempting to create or refresh leaderboard_materialized_view...
2025-08-31 17:32:12: Successfully refreshed leaderboard_materialized_view.
2025-08-31 17:32:12: Server is running on http://localhost:3000
2025-08-31 17:37:12: Periodically refreshing leaderboard view...
2025-08-31 17:37:12: Attempting to create or refresh leaderboard_materialized_view...
2025-08-31 17:37:12: Successfully refreshed leaderboard_materialized_view.
2025-08-31 17:42:12: Periodically refreshing leaderboard view...
2025-08-31 17:42:12: Attempting to create or refresh leaderboard_materialized_view...
2025-08-31 17:42:12: Successfully refreshed leaderboard_materialized_view.
2025-08-31 17:47:12: Periodically refreshing leaderboard view...
2025-08-31 17:47:12: Attempting to create or refresh leaderboard_materialized_view...
2025-08-31 17:47:12: Successfully refreshed leaderboard_materialized_view.
2025-08-31 17:52:12: Periodically refreshing leaderboard view...
2025-08-31 17:52:12: Attempting to create or refresh leaderboard_materialized_view...
2025-08-31 17:52:12: Successfully refreshed leaderboard_materialized_view.
2025-08-31 17:57:12: Periodically refreshing leaderboard view...
2025-08-31 17:57:12: Attempting to create or refresh leaderboard_materialized_view...
2025-08-31 17:57:12: Successfully refreshed leaderboard_materialized_view.
2025-08-31 18:02:12: Periodically refreshing leaderboard view...
2025-08-31 18:02:12: Attempting to create or refresh leaderboard_materialized_view...
2025-08-31 18:02:12: Successfully refreshed leaderboard_materialized_view.
2025-08-31 18:07:12: Periodically refreshing leaderboard view...
2025-08-31 18:07:12: Attempting to create or refresh leaderboard_materialized_view...
2025-08-31 18:07:12: Successfully refreshed leaderboard_materialized_view.
2025-08-31 18:11:16: Connected to PostgreSQL database: cipher_db
2025-08-31 18:11:16: Database is ready.
2025-08-31 18:11:16: Attempting to create or refresh leaderboard_materialized_view...
2025-08-31 18:11:16: Successfully refreshed leaderboard_materialized_view.
2025-08-31 18:11:16: Server is running on http://localhost:3000
2025-08-31 18:16:16: Periodically refreshing leaderboard view...
2025-08-31 18:16:17: Attempting to create or refresh leaderboard_materialized_view...
2025-08-31 18:16:18: Successfully refreshed leaderboard_materialized_view.
2025-08-31 18:21:16: Periodically refreshing leaderboard view...
2025-08-31 18:21:16: Attempting to create or refresh leaderboard_materialized_view...
2025-08-31 18:21:16: Successfully refreshed leaderboard_materialized_view.
2025-08-31 18:26:16: Periodically refreshing leaderboard view...
2025-08-31 18:26:16: Attempting to create or refresh leaderboard_materialized_view...
2025-08-31 18:26:16: Successfully refreshed leaderboard_materialized_view.
2025-08-31 18:31:16: Periodically refreshing leaderboard view...
2025-08-31 18:31:16: Attempting to create or refresh leaderboard_materialized_view...
2025-08-31 18:31:16: Successfully refreshed leaderboard_materialized_view.
2025-08-31 18:36:16: Periodically refreshing leaderboard view...
2025-08-31 18:36:17: Attempting to create or refresh leaderboard_materialized_view...
2025-08-31 18:36:17: Successfully refreshed leaderboard_materialized_view.
2025-08-31 18:41:16: Periodically refreshing leaderboard view...
2025-08-31 18:41:16: Attempting to create or refresh leaderboard_materialized_view...
2025-08-31 18:41:16: Successfully refreshed leaderboard_materialized_view.
2025-08-31 18:46:16: Periodically refreshing leaderboard view...
2025-08-31 18:46:16: Attempting to create or refresh leaderboard_materialized_view...
2025-08-31 18:46:17: Successfully refreshed leaderboard_materialized_view.
2025-08-31 18:51:16: Periodically refreshing leaderboard view...
2025-08-31 18:51:16: Attempting to create or refresh leaderboard_materialized_view...
2025-08-31 18:51:16: Successfully refreshed leaderboard_materialized_view.
2025-08-31 19:33:37: Connected to PostgreSQL database: cipher_db
2025-08-31 19:33:37: Database is ready.
2025-08-31 19:33:37: Attempting to create or refresh leaderboard_materialized_view...
2025-08-31 19:33:37: Successfully refreshed leaderboard_materialized_view.
2025-08-31 19:33:37: Server is running on http://localhost:3000
2025-09-02 10:13:38: Connected to PostgreSQL database: cipher_db
2025-09-02 10:13:38: Database is ready.
2025-09-02 10:13:38: Attempting to create or refresh leaderboard_materialized_view...
2025-09-02 10:13:38: Successfully refreshed leaderboard_materialized_view.
2025-09-02 10:13:38: Server is running on http://localhost:3000
2025-09-02 10:18:38: Periodically refreshing leaderboard view...
2025-09-02 10:18:38: Attempting to create or refresh leaderboard_materialized_view...
2025-09-02 10:18:39: Successfully refreshed leaderboard_materialized_view.
2025-09-02 10:23:38: Periodically refreshing leaderboard view...
2025-09-02 10:23:38: Attempting to create or refresh leaderboard_materialized_view...
2025-09-02 10:23:38: Successfully refreshed leaderboard_materialized_view.
