2025-08-31 14:28:26: Connected to PostgreSQL database: cipher_db
2025-08-31 14:28:26: Database is ready.
2025-08-31 14:28:26: Attempting to create or refresh leaderboard_materialized_view...
2025-08-31 14:28:30: Successfully refreshed leaderboard_materialized_view.
2025-08-31 14:28:30: Server is running on http://localhost:3000
2025-08-31 14:31:33: a user connected
2025-08-31 14:31:33: User edis attempting to join. Fetched level from DB: 10.
2025-08-31 14:31:33: edis (player_1756154115824) joined room: country-TR. Stored level: 10
2025-08-31 14:31:35: [DEBUG] Fetching profile for player ID: player_1756154115824
2025-08-31 14:31:43: user disconnected
2025-08-31 14:31:43: [DEBUG] Fetching profile for player ID: player_1756154115824
2025-08-31 14:31:45: a user connected
2025-08-31 14:31:45: User edis attempting to join. Fetched level from DB: 10.
2025-08-31 14:31:45: edis (player_1756154115824) joined room: country-TR. Stored level: 10
2025-08-31 14:32:13: a user connected
2025-08-31 14:32:14: a user connected
2025-08-31 14:32:17: a user connected
2025-08-31 14:32:55: user disconnected
2025-08-31 14:32:58: user disconnected
2025-08-31 14:32:59: user disconnected
2025-08-31 14:33:02: user disconnected
2025-08-31 14:33:30: Periodically refreshing leaderboard view...
2025-08-31 14:33:30: Attempting to create or refresh leaderboard_materialized_view...
2025-08-31 14:33:34: Successfully refreshed leaderboard_materialized_view.
2025-08-31 14:35:51: a user connected
2025-08-31 14:35:53: a user connected
2025-08-31 14:35:54: a user connected
2025-08-31 14:35:56: a user connected
2025-08-31 14:35:58: a user connected
2025-08-31 14:35:58: User edis attempting to join. Fetched level from DB: 10.
2025-08-31 14:35:58: edis (player_1756154115824) joined room: country-TR. Stored level: 10
2025-08-31 14:36:16: [DEBUG] Fetching profile for player ID: player_1756154115824
2025-08-31 14:36:17: a user connected
2025-08-31 14:36:17: User edis attempting to join. Fetched level from DB: 10.
2025-08-31 14:36:17: edis (player_1756154115824) joined room: country-TR. Stored level: 10
2025-08-31 14:36:28: user disconnected
2025-08-31 14:36:36: user disconnected
2025-08-31 14:36:38: user disconnected
2025-08-31 14:36:39: user disconnected
2025-08-31 14:36:41: user disconnected
2025-08-31 14:38:22: Connected to PostgreSQL database: cipher_db
2025-08-31 14:38:22: Database is ready.
2025-08-31 14:38:22: Attempting to create or refresh leaderboard_materialized_view...
2025-08-31 14:38:22: Connected to PostgreSQL database: cipher_db
2025-08-31 14:38:22: Database is ready.
2025-08-31 14:38:22: Attempting to create or refresh leaderboard_materialized_view...
2025-08-31 14:38:24: Successfully refreshed leaderboard_materialized_view.
2025-08-31 14:38:24: Server is running on http://localhost:3000
2025-08-31 14:38:25: Successfully refreshed leaderboard_materialized_view.
2025-08-31 14:38:25: Server is running on http://localhost:3000
2025-08-31 14:41:01: Connected to PostgreSQL database: cipher_db
2025-08-31 14:41:01: Database is ready.
2025-08-31 14:41:01: Attempting to create or refresh leaderboard_materialized_view...
2025-08-31 14:41:07: Successfully refreshed leaderboard_materialized_view.
2025-08-31 14:41:07: Server is running on http://localhost:3000
2025-08-31 14:43:24: Periodically refreshing leaderboard view...
2025-08-31 14:43:24: Attempting to create or refresh leaderboard_materialized_view...
2025-08-31 14:43:24: Successfully refreshed leaderboard_materialized_view.
2025-08-31 14:47:31: Connected to PostgreSQL database: cipher_db
2025-08-31 14:47:31: Database is ready.
2025-08-31 14:47:31: Attempting to create or refresh leaderboard_materialized_view...
2025-08-31 14:47:35: Successfully refreshed leaderboard_materialized_view.
2025-08-31 14:47:35: Server is running on http://localhost:3000
2025-08-31 14:48:24: Periodically refreshing leaderboard view...
2025-08-31 14:48:24: Attempting to create or refresh leaderboard_materialized_view...
2025-08-31 14:48:24: Successfully refreshed leaderboard_materialized_view.
2025-08-31 14:52:35: Periodically refreshing leaderboard view...
2025-08-31 14:52:35: Attempting to create or refresh leaderboard_materialized_view...
2025-08-31 14:52:35: Successfully refreshed leaderboard_materialized_view.
2025-08-31 14:53:24: Periodically refreshing leaderboard view...
2025-08-31 14:53:24: Attempting to create or refresh leaderboard_materialized_view...
2025-08-31 14:53:24: Successfully refreshed leaderboard_materialized_view.
2025-08-31 14:58:10: Connected to PostgreSQL database: cipher_db
2025-08-31 14:58:10: Database is ready.
2025-08-31 14:58:11: Attempting to create or refresh leaderboard_materialized_view...
2025-08-31 14:58:11: Successfully refreshed leaderboard_materialized_view.
2025-08-31 14:58:11: Server is running on http://localhost:3000
2025-08-31 14:58:24: Periodically refreshing leaderboard view...
2025-08-31 14:58:24: Attempting to create or refresh leaderboard_materialized_view...
2025-08-31 14:58:24: Successfully refreshed leaderboard_materialized_view.
2025-08-31 14:58:36: a user connected
2025-08-31 14:58:37: a user connected
2025-08-31 14:58:37: User easdew attempting to join. Fetched level from DB: 0.
2025-08-31 14:58:37: easdew (player_1756641153883) joined room: country-US. Stored level: 0
2025-08-31 14:58:41: [DEBUG] Fetching profile for player ID: player_1756154115824
2025-08-31 14:58:44: user disconnected
2025-08-31 14:58:44: user disconnected
2025-08-31 14:58:44: [DEBUG] Fetching profile for player ID: player_1756641153883
2025-08-31 14:58:46: a user connected
2025-08-31 14:58:46: User easdew attempting to join. Fetched level from DB: 0.
2025-08-31 14:58:46: easdew (player_1756641153883) joined room: country-US. Stored level: 0
2025-08-31 14:58:48: [DEBUG] Fetching profile for player ID: player_1756154115824
2025-08-31 15:00:08: user disconnected
2025-08-31 15:00:09: [DEBUG] Fetching profile for player ID: player_1756641153883
2025-08-31 15:00:09: a user connected
2025-08-31 15:00:10: a user connected
2025-08-31 15:00:10: User easdew attempting to join. Fetched level from DB: 10.
2025-08-31 15:00:10: easdew (player_1756641153883) joined room: country-US. Stored level: 10
2025-08-31 15:00:11: [DEBUG] Fetching profile for player ID: player_1756641153883
2025-08-31 15:00:16: user disconnected
2025-08-31 15:00:16: user disconnected
2025-08-31 15:00:17: [DEBUG] Fetching profile for player ID: player_1756641153883
2025-08-31 15:00:17: a user connected
2025-08-31 15:00:17: User easdew attempting to join. Fetched level from DB: 10.
2025-08-31 15:00:17: easdew (player_1756641153883) joined room: country-US. Stored level: 10
2025-08-31 15:00:18: [DEBUG] Fetching profile for player ID: player_1756641153883
2025-08-31 15:00:44: a user connected
2025-08-31 15:00:46: a user connected
2025-08-31 15:00:48: [DEBUG] Fetching profile for player ID: player_1756607214765
2025-08-31 15:00:48: a user connected
2025-08-31 15:00:58: user disconnected
2025-08-31 15:01:27: user disconnected
2025-08-31 15:01:29: user disconnected
2025-08-31 15:01:31: user disconnected
2025-08-31 15:02:11: a user connected
2025-08-31 15:02:56: user disconnected
2025-08-31 15:03:11: Periodically refreshing leaderboard view...
2025-08-31 15:03:11: Attempting to create or refresh leaderboard_materialized_view...
2025-08-31 15:03:11: Successfully refreshed leaderboard_materialized_view.
2025-08-31 15:03:24: Periodically refreshing leaderboard view...
2025-08-31 15:03:24: Attempting to create or refresh leaderboard_materialized_view...
2025-08-31 15:03:24: Successfully refreshed leaderboard_materialized_view.
2025-08-31 15:03:45: a user connected
2025-08-31 15:03:45: User easdew attempting to join. Fetched level from DB: 0.
2025-08-31 15:03:45: easdew (player_1756641153883) joined room: country-US. Stored level: 0
2025-08-31 15:03:50: User easdew attempting to join. Fetched level from DB: 0.
2025-08-31 15:03:50: easdew (player_1756641153883) joined room: Africa. Stored level: 0
2025-08-31 15:03:53: User easdew attempting to join. Fetched level from DB: 0.
2025-08-31 15:03:53: easdew (player_1756641153883) joined room: Global. Stored level: 0
2025-08-31 15:04:30: user disconnected
2025-08-31 15:05:41: Connected to PostgreSQL database: cipher_db
2025-08-31 15:05:41: Database is ready.
2025-08-31 15:05:41: Attempting to create or refresh leaderboard_materialized_view...
2025-08-31 15:05:41: Successfully refreshed leaderboard_materialized_view.
2025-08-31 15:05:41: Server is running on http://localhost:3000
2025-08-31 15:08:24: Periodically refreshing leaderboard view...
2025-08-31 15:08:24: Attempting to create or refresh leaderboard_materialized_view...
2025-08-31 15:08:24: Successfully refreshed leaderboard_materialized_view.
2025-08-31 15:10:41: Periodically refreshing leaderboard view...
2025-08-31 15:10:41: Attempting to create or refresh leaderboard_materialized_view...
2025-08-31 15:10:42: Successfully refreshed leaderboard_materialized_view.
2025-08-31 15:13:24: Periodically refreshing leaderboard view...
2025-08-31 15:13:24: Attempting to create or refresh leaderboard_materialized_view...
2025-08-31 15:13:24: Successfully refreshed leaderboard_materialized_view.
2025-08-31 15:15:41: Periodically refreshing leaderboard view...
2025-08-31 15:15:41: Attempting to create or refresh leaderboard_materialized_view...
2025-08-31 15:15:41: Successfully refreshed leaderboard_materialized_view.
2025-08-31 15:18:24: Periodically refreshing leaderboard view...
2025-08-31 15:18:24: Attempting to create or refresh leaderboard_materialized_view...
2025-08-31 15:18:24: Successfully refreshed leaderboard_materialized_view.
2025-08-31 15:23:24: Periodically refreshing leaderboard view...
2025-08-31 15:23:24: Attempting to create or refresh leaderboard_materialized_view...
2025-08-31 15:23:24: Successfully refreshed leaderboard_materialized_view.
2025-08-31 15:47:07: Periodically refreshing leaderboard view...
2025-08-31 15:47:08: Attempting to create or refresh leaderboard_materialized_view...
2025-08-31 15:47:08: Successfully refreshed leaderboard_materialized_view.
2025-08-31 15:47:44: Connected to PostgreSQL database: cipher_db
2025-08-31 15:47:44: Database is ready.
2025-08-31 15:47:44: Attempting to create or refresh leaderboard_materialized_view...
2025-08-31 15:47:44: Successfully refreshed leaderboard_materialized_view.
2025-08-31 15:47:44: Server is running on http://localhost:3000
2025-08-31 15:52:07: Periodically refreshing leaderboard view...
2025-08-31 15:52:07: Attempting to create or refresh leaderboard_materialized_view...
2025-08-31 15:52:08: Successfully refreshed leaderboard_materialized_view.
2025-08-31 15:52:44: Periodically refreshing leaderboard view...
2025-08-31 15:52:44: Attempting to create or refresh leaderboard_materialized_view...
2025-08-31 15:52:45: Successfully refreshed leaderboard_materialized_view.
2025-08-31 15:57:07: Periodically refreshing leaderboard view...
2025-08-31 15:57:07: Attempting to create or refresh leaderboard_materialized_view...
2025-08-31 15:57:07: Successfully refreshed leaderboard_materialized_view.
2025-08-31 15:57:44: Periodically refreshing leaderboard view...
2025-08-31 15:57:44: Attempting to create or refresh leaderboard_materialized_view...
2025-08-31 15:57:44: Successfully refreshed leaderboard_materialized_view.
2025-08-31 16:02:07: Periodically refreshing leaderboard view...
2025-08-31 16:02:07: Attempting to create or refresh leaderboard_materialized_view...
2025-08-31 16:02:08: Successfully refreshed leaderboard_materialized_view.
2025-08-31 16:02:44: Periodically refreshing leaderboard view...
2025-08-31 16:02:44: Attempting to create or refresh leaderboard_materialized_view...
2025-08-31 16:02:44: Successfully refreshed leaderboard_materialized_view.
2025-08-31 16:07:07: Periodically refreshing leaderboard view...
2025-08-31 16:07:07: Attempting to create or refresh leaderboard_materialized_view...
2025-08-31 16:07:07: Successfully refreshed leaderboard_materialized_view.
2025-08-31 16:07:44: Periodically refreshing leaderboard view...
2025-08-31 16:07:44: Attempting to create or refresh leaderboard_materialized_view...
2025-08-31 16:07:44: Successfully refreshed leaderboard_materialized_view.
2025-08-31 16:12:07: Periodically refreshing leaderboard view...
2025-08-31 16:12:08: Attempting to create or refresh leaderboard_materialized_view...
2025-08-31 16:12:08: Successfully refreshed leaderboard_materialized_view.
2025-08-31 16:12:44: Periodically refreshing leaderboard view...
2025-08-31 16:12:44: Attempting to create or refresh leaderboard_materialized_view...
2025-08-31 16:12:46: Successfully refreshed leaderboard_materialized_view.
2025-08-31 16:16:57: a user connected
2025-08-31 16:16:57: user disconnected
2025-08-31 16:16:58: a user connected
2025-08-31 16:17:00: a user connected
2025-08-31 16:17:05: a user connected
2025-08-31 16:17:07: Periodically refreshing leaderboard view...
2025-08-31 16:17:07: Attempting to create or refresh leaderboard_materialized_view...
2025-08-31 16:17:08: Successfully refreshed leaderboard_materialized_view.
2025-08-31 16:17:12: a user connected
2025-08-31 16:17:34: user disconnected
2025-08-31 16:17:36: a user connected
2025-08-31 16:17:38: a user connected
2025-08-31 16:17:41: a user connected
2025-08-31 16:17:43: user disconnected
2025-08-31 16:17:43: a user connected
2025-08-31 16:17:44: Periodically refreshing leaderboard view...
2025-08-31 16:17:44: Attempting to create or refresh leaderboard_materialized_view...
2025-08-31 16:17:45: user disconnected
2025-08-31 16:17:45: a user connected
2025-08-31 16:17:46: Successfully refreshed leaderboard_materialized_view.
2025-08-31 16:17:47: a user connected
2025-08-31 16:17:49: a user connected
2025-08-31 16:17:50: user disconnected
2025-08-31 16:17:50: a user connected
2025-08-31 16:17:50: User flight attempting to join. Fetched level from DB: 10.
2025-08-31 16:17:50: flight (player_1756359060356) joined room: country-KH. Stored level: 10
2025-08-31 16:18:04: [DEBUG] Fetching profile for player ID: player_1756359060356
2025-08-31 16:18:21: user disconnected
2025-08-31 16:18:23: user disconnected
2025-08-31 16:18:26: user disconnected
2025-08-31 16:18:28: user disconnected
2025-08-31 16:18:30: user disconnected
2025-08-31 16:18:32: user disconnected
2025-08-31 16:18:34: user disconnected
2025-08-31 16:18:35: user disconnected
2025-08-31 16:18:50: [DEBUG] Fetching profile for player ID: player_1756359060356
2025-08-31 16:18:52: a user connected
2025-08-31 16:18:52: User flight attempting to join. Fetched level from DB: 10.
2025-08-31 16:18:52: flight (player_1756359060356) joined room: country-KH. Stored level: 10
2025-08-31 16:18:53: a user connected
2025-08-31 16:18:55: a user connected
2025-08-31 16:18:57: a user connected
2025-08-31 16:18:57: User flight attempting to join. Fetched level from DB: 10.
2025-08-31 16:18:57: flight (player_1756359060356) joined room: country-KH. Stored level: 10
2025-08-31 16:19:26: a user connected
2025-08-31 16:19:37: user disconnected
2025-08-31 16:19:38: user disconnected
2025-08-31 16:19:40: user disconnected
2025-08-31 16:19:42: user disconnected
2025-08-31 16:20:07: user disconnected
2025-08-31 16:22:07: Periodically refreshing leaderboard view...
2025-08-31 16:22:08: Attempting to create or refresh leaderboard_materialized_view...
2025-08-31 16:22:08: Successfully refreshed leaderboard_materialized_view.
2025-08-31 16:22:44: Periodically refreshing leaderboard view...
2025-08-31 16:22:44: Attempting to create or refresh leaderboard_materialized_view...
2025-08-31 16:22:46: Successfully refreshed leaderboard_materialized_view.
2025-08-31 16:27:07: Periodically refreshing leaderboard view...
2025-08-31 16:27:08: Attempting to create or refresh leaderboard_materialized_view...
2025-08-31 16:27:09: Successfully refreshed leaderboard_materialized_view.
2025-08-31 16:27:44: Periodically refreshing leaderboard view...
2025-08-31 16:27:44: Attempting to create or refresh leaderboard_materialized_view...
2025-08-31 16:27:46: Successfully refreshed leaderboard_materialized_view.
2025-08-31 16:32:07: Periodically refreshing leaderboard view...
2025-08-31 16:32:08: Attempting to create or refresh leaderboard_materialized_view...
2025-08-31 16:32:08: Successfully refreshed leaderboard_materialized_view.
2025-08-31 16:32:44: Periodically refreshing leaderboard view...
2025-08-31 16:32:44: Attempting to create or refresh leaderboard_materialized_view...
2025-08-31 16:32:47: Successfully refreshed leaderboard_materialized_view.
2025-08-31 16:37:07: Periodically refreshing leaderboard view...
2025-08-31 16:37:07: Attempting to create or refresh leaderboard_materialized_view...
2025-08-31 16:37:08: Successfully refreshed leaderboard_materialized_view.
2025-08-31 16:37:44: Periodically refreshing leaderboard view...
2025-08-31 16:37:44: Attempting to create or refresh leaderboard_materialized_view...
2025-08-31 16:37:45: Successfully refreshed leaderboard_materialized_view.
2025-08-31 16:39:31: Connected to PostgreSQL database: cipher_db
2025-08-31 16:39:31: Database is ready.
2025-08-31 16:39:31: Attempting to create or refresh leaderboard_materialized_view...
2025-08-31 16:39:32: Successfully refreshed leaderboard_materialized_view.
2025-08-31 16:39:32: Server is running on http://localhost:3000
2025-08-31 16:39:45: [DEBUG] Fetching profile for player ID: player_1756409716226
2025-08-31 16:39:47: a user connected
2025-08-31 16:39:47: User RedWine attempting to join. Fetched level from DB: 4.
2025-08-31 16:39:47: RedWine (player_1756409716226) joined room: country-JP. Stored level: 4
2025-08-31 16:39:56: user disconnected
2025-08-31 16:39:58: a user connected
2025-08-31 16:39:58: User RedWine attempting to join. Fetched level from DB: 4.
2025-08-31 16:39:58: RedWine (player_1756409716226) joined room: country-JP. Stored level: 4
2025-08-31 16:40:06: user disconnected
2025-08-31 16:40:12: [DEBUG] Fetching profile for player ID: player_1756154115824
2025-08-31 16:40:12: a user connected
2025-08-31 16:40:12: User edis attempting to join. Fetched level from DB: 10.
2025-08-31 16:40:12: edis (player_1756154115824) joined room: country-TR. Stored level: 10
2025-08-31 16:41:06: user disconnected
2025-08-31 16:41:07: [DEBUG] Fetching profile for player ID: player_1756154115824
2025-08-31 16:41:07: a user connected
2025-08-31 16:41:07: User edis attempting to join. Fetched level from DB: 10.
2025-08-31 16:41:07: edis (player_1756154115824) joined room: country-TR. Stored level: 10
2025-08-31 16:42:03: user disconnected
2025-08-31 16:42:07: Periodically refreshing leaderboard view...
2025-08-31 16:42:07: Attempting to create or refresh leaderboard_materialized_view...
2025-08-31 16:42:07: Successfully refreshed leaderboard_materialized_view.
2025-08-31 16:44:32: Periodically refreshing leaderboard view...
2025-08-31 16:44:33: Attempting to create or refresh leaderboard_materialized_view...
2025-08-31 16:44:34: Successfully refreshed leaderboard_materialized_view.
2025-08-31 16:47:08: Periodically refreshing leaderboard view...
2025-08-31 16:47:08: Attempting to create or refresh leaderboard_materialized_view...
2025-08-31 16:47:09: Successfully refreshed leaderboard_materialized_view.
2025-08-31 16:49:32: Periodically refreshing leaderboard view...
2025-08-31 16:49:33: Attempting to create or refresh leaderboard_materialized_view...
2025-08-31 16:49:33: Successfully refreshed leaderboard_materialized_view.
2025-08-31 16:52:08: Periodically refreshing leaderboard view...
2025-08-31 16:52:08: Attempting to create or refresh leaderboard_materialized_view...
2025-08-31 16:52:08: Successfully refreshed leaderboard_materialized_view.
2025-08-31 17:06:51: Periodically refreshing leaderboard view...
2025-08-31 17:06:51: Periodically refreshing leaderboard view...
2025-08-31 17:06:52: Attempting to create or refresh leaderboard_materialized_view...
2025-08-31 17:06:52: Attempting to create or refresh leaderboard_materialized_view...
2025-08-31 17:06:53: Successfully refreshed leaderboard_materialized_view.
2025-08-31 17:06:53: Successfully refreshed leaderboard_materialized_view.
2025-08-31 17:11:51: Periodically refreshing leaderboard view...
2025-08-31 17:11:51: Attempting to create or refresh leaderboard_materialized_view...
2025-08-31 17:11:51: Periodically refreshing leaderboard view...
2025-08-31 17:11:51: Attempting to create or refresh leaderboard_materialized_view...
2025-08-31 17:11:51: Successfully refreshed leaderboard_materialized_view.
2025-08-31 17:11:51: Successfully refreshed leaderboard_materialized_view.
2025-08-31 17:16:51: Periodically refreshing leaderboard view...
2025-08-31 17:16:51: Periodically refreshing leaderboard view...
2025-08-31 17:16:52: Attempting to create or refresh leaderboard_materialized_view...
2025-08-31 17:16:52: Attempting to create or refresh leaderboard_materialized_view...
2025-08-31 17:16:52: Successfully refreshed leaderboard_materialized_view.
2025-08-31 17:16:52: Successfully refreshed leaderboard_materialized_view.
2025-08-31 17:21:51: Periodically refreshing leaderboard view...
2025-08-31 17:21:51: Periodically refreshing leaderboard view...
2025-08-31 17:21:51: Attempting to create or refresh leaderboard_materialized_view...
2025-08-31 17:21:52: Attempting to create or refresh leaderboard_materialized_view...
2025-08-31 17:21:53: Successfully refreshed leaderboard_materialized_view.
2025-08-31 17:21:53: Successfully refreshed leaderboard_materialized_view.
2025-08-31 17:23:36: Connected to PostgreSQL database: cipher_db
2025-08-31 17:23:36: Database is ready.
2025-08-31 17:23:36: Attempting to create or refresh leaderboard_materialized_view...
2025-08-31 17:23:37: Successfully refreshed leaderboard_materialized_view.
2025-08-31 17:23:37: Server is running on http://localhost:3000
2025-08-31 17:23:39: a user connected
2025-08-31 17:23:40: user disconnected
2025-08-31 17:23:40: a user connected
2025-08-31 17:23:42: a user connected
2025-08-31 17:23:42: User edis attempting to join. Fetched level from DB: 10.
2025-08-31 17:23:42: edis (player_1756154115824) joined room: country-TR. Stored level: 10
2025-08-31 17:24:25: user disconnected
2025-08-31 17:24:58: user disconnected
2025-08-31 17:26:08: [DEBUG] Fetching profile for player ID: player_1756432294423
2025-08-31 17:26:51: Periodically refreshing leaderboard view...
2025-08-31 17:26:51: Attempting to create or refresh leaderboard_materialized_view...
2025-08-31 17:26:51: Successfully refreshed leaderboard_materialized_view.
2025-08-31 17:28:37: Periodically refreshing leaderboard view...
2025-08-31 17:28:37: Attempting to create or refresh leaderboard_materialized_view...
2025-08-31 17:28:37: Successfully refreshed leaderboard_materialized_view.
2025-08-31 17:29:09: [DEBUG] Fetching profile for player ID: player_1756513039967
2025-08-31 17:31:17: a user connected
2025-08-31 17:31:42: a user connected
2025-08-31 17:31:44: a user connected
2025-08-31 17:31:46: a user connected
2025-08-31 17:31:49: a user connected
2025-08-31 17:31:50: user disconnected
2025-08-31 17:31:51: Periodically refreshing leaderboard view...
2025-08-31 17:31:51: Attempting to create or refresh leaderboard_materialized_view...
2025-08-31 17:31:51: Successfully refreshed leaderboard_materialized_view.
2025-08-31 17:32:12: Connected to PostgreSQL database: cipher_db
2025-08-31 17:32:12: Database is ready.
2025-08-31 17:32:12: Attempting to create or refresh leaderboard_materialized_view...
2025-08-31 17:32:13: Successfully refreshed leaderboard_materialized_view.
2025-08-31 17:32:13: Server is running on http://localhost:3000
2025-08-31 17:32:27: user disconnected
2025-08-31 17:32:28: user disconnected
2025-08-31 17:32:31: user disconnected
2025-08-31 17:36:51: Periodically refreshing leaderboard view...
2025-08-31 17:36:51: Attempting to create or refresh leaderboard_materialized_view...
2025-08-31 17:36:52: Successfully refreshed leaderboard_materialized_view.
2025-08-31 17:37:13: Periodically refreshing leaderboard view...
2025-08-31 17:37:13: Attempting to create or refresh leaderboard_materialized_view...
2025-08-31 17:37:13: Successfully refreshed leaderboard_materialized_view.
2025-08-31 17:41:51: Periodically refreshing leaderboard view...
2025-08-31 17:41:51: Attempting to create or refresh leaderboard_materialized_view...
2025-08-31 17:41:52: Successfully refreshed leaderboard_materialized_view.
2025-08-31 17:42:13: Periodically refreshing leaderboard view...
2025-08-31 17:42:13: Attempting to create or refresh leaderboard_materialized_view...
2025-08-31 17:42:13: Successfully refreshed leaderboard_materialized_view.
2025-08-31 17:46:48: [DEBUG] Fetching profile for player ID: player_1756154115824
2025-08-31 17:46:50: [DEBUG] Fetching profile for player ID: player_1756154115824
2025-08-31 17:46:51: Periodically refreshing leaderboard view...
2025-08-31 17:46:51: Attempting to create or refresh leaderboard_materialized_view...
2025-08-31 17:46:51: Successfully refreshed leaderboard_materialized_view.
2025-08-31 17:46:52: a user connected
2025-08-31 17:46:52: user disconnected
2025-08-31 17:46:53: a user connected
2025-08-31 17:47:13: Periodically refreshing leaderboard view...
2025-08-31 17:47:13: Attempting to create or refresh leaderboard_materialized_view...
2025-08-31 17:47:13: Successfully refreshed leaderboard_materialized_view.
2025-08-31 17:47:38: user disconnected
2025-08-31 17:51:51: Periodically refreshing leaderboard view...
2025-08-31 17:51:51: Attempting to create or refresh leaderboard_materialized_view...
2025-08-31 17:51:52: Successfully refreshed leaderboard_materialized_view.
2025-08-31 17:52:13: Periodically refreshing leaderboard view...
2025-08-31 17:52:13: Attempting to create or refresh leaderboard_materialized_view...
2025-08-31 17:52:13: Successfully refreshed leaderboard_materialized_view.
2025-08-31 17:55:11: [DEBUG] Fetching profile for player ID: player_1756154115824
2025-08-31 17:55:22: [DEBUG] Fetching profile for player ID: player_1756154115824
2025-08-31 17:55:23: a user connected
2025-08-31 17:55:23: User edis attempting to join. Fetched level from DB: 10.
2025-08-31 17:55:23: edis (player_1756154115824) joined room: country-TR. Stored level: 10
2025-08-31 17:55:24: user disconnected
2025-08-31 17:55:26: a user connected
2025-08-31 17:55:26: User edis attempting to join. Fetched level from DB: 10.
2025-08-31 17:55:26: edis (player_1756154115824) joined room: country-TR. Stored level: 10
2025-08-31 17:55:27: user disconnected
2025-08-31 17:55:28: a user connected
2025-08-31 17:55:28: User edis attempting to join. Fetched level from DB: 10.
2025-08-31 17:55:28: edis (player_1756154115824) joined room: country-TR. Stored level: 10
2025-08-31 17:55:28: user disconnected
2025-08-31 17:55:29: a user connected
2025-08-31 17:55:29: User edis attempting to join. Fetched level from DB: 10.
2025-08-31 17:55:29: edis (player_1756154115824) joined room: country-TR. Stored level: 10
2025-08-31 17:56:14: user disconnected
2025-08-31 17:56:51: Periodically refreshing leaderboard view...
2025-08-31 17:56:51: Attempting to create or refresh leaderboard_materialized_view...
2025-08-31 17:56:52: Successfully refreshed leaderboard_materialized_view.
2025-08-31 17:57:13: Periodically refreshing leaderboard view...
2025-08-31 17:57:13: Attempting to create or refresh leaderboard_materialized_view...
2025-08-31 17:57:13: Successfully refreshed leaderboard_materialized_view.
2025-08-31 17:58:01: [DEBUG] Fetching profile for player ID: player_1756154115824
2025-08-31 17:58:03: a user connected
2025-08-31 17:58:03: User edis attempting to join. Fetched level from DB: 10.
2025-08-31 17:58:03: edis (player_1756154115824) joined room: country-TR. Stored level: 10
2025-08-31 18:00:00: user disconnected
2025-08-31 18:00:00: [DEBUG] Fetching profile for player ID: player_1756154115824
2025-08-31 18:01:51: Periodically refreshing leaderboard view...
2025-08-31 18:01:51: Attempting to create or refresh leaderboard_materialized_view...
2025-08-31 18:01:52: Successfully refreshed leaderboard_materialized_view.
2025-08-31 18:02:13: Periodically refreshing leaderboard view...
2025-08-31 18:02:13: Attempting to create or refresh leaderboard_materialized_view...
2025-08-31 18:02:13: Successfully refreshed leaderboard_materialized_view.
2025-08-31 18:06:51: Periodically refreshing leaderboard view...
2025-08-31 18:06:52: Attempting to create or refresh leaderboard_materialized_view...
2025-08-31 18:06:52: Successfully refreshed leaderboard_materialized_view.
2025-08-31 18:07:13: Periodically refreshing leaderboard view...
2025-08-31 18:07:13: Attempting to create or refresh leaderboard_materialized_view...
2025-08-31 18:07:13: Successfully refreshed leaderboard_materialized_view.
2025-08-31 18:11:17: Connected to PostgreSQL database: cipher_db
2025-08-31 18:11:17: Database is ready.
2025-08-31 18:11:17: Attempting to create or refresh leaderboard_materialized_view...
2025-08-31 18:11:17: Successfully refreshed leaderboard_materialized_view.
2025-08-31 18:11:17: Server is running on http://localhost:3000
2025-08-31 18:11:51: Periodically refreshing leaderboard view...
2025-08-31 18:11:52: Attempting to create or refresh leaderboard_materialized_view...
2025-08-31 18:11:52: Successfully refreshed leaderboard_materialized_view.
2025-08-31 18:16:17: Periodically refreshing leaderboard view...
2025-08-31 18:16:18: Attempting to create or refresh leaderboard_materialized_view...
2025-08-31 18:16:18: Successfully refreshed leaderboard_materialized_view.
2025-08-31 18:16:51: Periodically refreshing leaderboard view...
2025-08-31 18:16:52: Attempting to create or refresh leaderboard_materialized_view...
2025-08-31 18:16:52: Successfully refreshed leaderboard_materialized_view.
2025-08-31 18:21:17: Periodically refreshing leaderboard view...
2025-08-31 18:21:17: Attempting to create or refresh leaderboard_materialized_view...
2025-08-31 18:21:17: Successfully refreshed leaderboard_materialized_view.
2025-08-31 18:21:51: Periodically refreshing leaderboard view...
2025-08-31 18:21:51: Attempting to create or refresh leaderboard_materialized_view...
2025-08-31 18:21:51: Successfully refreshed leaderboard_materialized_view.
2025-08-31 18:26:17: Periodically refreshing leaderboard view...
2025-08-31 18:26:17: Attempting to create or refresh leaderboard_materialized_view...
2025-08-31 18:26:17: Successfully refreshed leaderboard_materialized_view.
2025-08-31 18:26:51: Periodically refreshing leaderboard view...
2025-08-31 18:26:52: Attempting to create or refresh leaderboard_materialized_view...
2025-08-31 18:26:53: Successfully refreshed leaderboard_materialized_view.
2025-08-31 18:31:17: Periodically refreshing leaderboard view...
2025-08-31 18:31:17: Attempting to create or refresh leaderboard_materialized_view...
2025-08-31 18:31:17: Successfully refreshed leaderboard_materialized_view.
2025-08-31 18:31:51: Periodically refreshing leaderboard view...
2025-08-31 18:31:51: Attempting to create or refresh leaderboard_materialized_view...
2025-08-31 18:31:51: Successfully refreshed leaderboard_materialized_view.
2025-08-31 18:36:17: Periodically refreshing leaderboard view...
2025-08-31 18:36:18: Attempting to create or refresh leaderboard_materialized_view...
2025-08-31 18:36:18: Successfully refreshed leaderboard_materialized_view.
2025-08-31 18:36:51: Periodically refreshing leaderboard view...
2025-08-31 18:36:52: Attempting to create or refresh leaderboard_materialized_view...
2025-08-31 18:36:52: Successfully refreshed leaderboard_materialized_view.
2025-08-31 18:41:17: Periodically refreshing leaderboard view...
2025-08-31 18:41:17: Attempting to create or refresh leaderboard_materialized_view...
2025-08-31 18:41:17: Successfully refreshed leaderboard_materialized_view.
2025-08-31 18:41:51: Periodically refreshing leaderboard view...
2025-08-31 18:41:51: Attempting to create or refresh leaderboard_materialized_view...
2025-08-31 18:41:51: Successfully refreshed leaderboard_materialized_view.
2025-08-31 18:46:17: Periodically refreshing leaderboard view...
2025-08-31 18:46:17: Attempting to create or refresh leaderboard_materialized_view...
2025-08-31 18:46:18: Successfully refreshed leaderboard_materialized_view.
2025-08-31 18:46:51: Periodically refreshing leaderboard view...
2025-08-31 18:46:51: Attempting to create or refresh leaderboard_materialized_view...
2025-08-31 18:46:52: Successfully refreshed leaderboard_materialized_view.
2025-08-31 18:51:17: Periodically refreshing leaderboard view...
2025-08-31 18:51:17: Attempting to create or refresh leaderboard_materialized_view...
2025-08-31 18:51:17: Successfully refreshed leaderboard_materialized_view.
2025-08-31 18:51:51: Periodically refreshing leaderboard view...
2025-08-31 18:51:51: Attempting to create or refresh leaderboard_materialized_view...
2025-08-31 18:51:52: Successfully refreshed leaderboard_materialized_view.
2025-08-31 19:33:37: Connected to PostgreSQL database: cipher_db
2025-08-31 19:33:37: Database is ready.
2025-08-31 19:33:37: Attempting to create or refresh leaderboard_materialized_view...
2025-08-31 19:33:37: Successfully refreshed leaderboard_materialized_view.
2025-08-31 19:33:37: Server is running on http://localhost:3000
2025-09-02 10:13:38: Connected to PostgreSQL database: cipher_db
2025-09-02 10:13:38: Database is ready.
2025-09-02 10:13:38: Attempting to create or refresh leaderboard_materialized_view...
2025-09-02 10:13:38: Successfully refreshed leaderboard_materialized_view.
2025-09-02 10:13:38: Server is running on http://localhost:3000
2025-09-02 10:18:38: Periodically refreshing leaderboard view...
2025-09-02 10:18:39: Attempting to create or refresh leaderboard_materialized_view...
2025-09-02 10:18:40: Successfully refreshed leaderboard_materialized_view.
2025-09-02 10:23:38: Periodically refreshing leaderboard view...
2025-09-02 10:23:38: Attempting to create or refresh leaderboard_materialized_view...
2025-09-02 10:23:38: Successfully refreshed leaderboard_materialized_view.
