2025-08-31 14:28:25: Connected to PostgreSQL database: cipher_db
2025-08-31 14:28:25: Database is ready.
2025-08-31 14:28:25: Attempting to create or refresh leaderboard_materialized_view...
2025-08-31 14:28:26: Successfully refreshed leaderboard_materialized_view.
2025-08-31 14:28:26: Server is running on http://localhost:3000
2025-08-31 14:33:26: Periodically refreshing leaderboard view...
2025-08-31 14:33:26: Attempting to create or refresh leaderboard_materialized_view...
2025-08-31 14:33:28: Successfully refreshed leaderboard_materialized_view.
2025-08-31 14:38:02: a user connected
2025-08-31 14:38:22: Connected to PostgreSQL database: cipher_db
2025-08-31 14:38:22: Database is ready.
2025-08-31 14:38:22: Attempting to create or refresh leaderboard_materialized_view...
2025-08-31 14:38:22: Connected to PostgreSQL database: cipher_db
2025-08-31 14:38:22: Database is ready.
2025-08-31 14:38:22: Attempting to create or refresh leaderboard_materialized_view...
2025-08-31 14:38:23: Successfully refreshed leaderboard_materialized_view.
2025-08-31 14:38:23: Server is running on http://localhost:3000
2025-08-31 14:38:25: Successfully refreshed leaderboard_materialized_view.
2025-08-31 14:38:25: Server is running on http://localhost:3000
2025-08-31 14:40:59: Connected to PostgreSQL database: cipher_db
2025-08-31 14:40:59: Database is ready.
2025-08-31 14:40:59: Attempting to create or refresh leaderboard_materialized_view...
2025-08-31 14:41:01: Successfully refreshed leaderboard_materialized_view.
2025-08-31 14:41:01: Server is running on http://localhost:3000
2025-08-31 14:43:25: Periodically refreshing leaderboard view...
2025-08-31 14:43:25: Attempting to create or refresh leaderboard_materialized_view...
2025-08-31 14:43:25: Successfully refreshed leaderboard_materialized_view.
2025-08-31 14:47:31: Connected to PostgreSQL database: cipher_db
2025-08-31 14:47:31: Database is ready.
2025-08-31 14:47:31: Attempting to create or refresh leaderboard_materialized_view...
2025-08-31 14:47:32: Successfully refreshed leaderboard_materialized_view.
2025-08-31 14:47:32: Server is running on http://localhost:3000
2025-08-31 14:48:25: Periodically refreshing leaderboard view...
2025-08-31 14:48:25: Attempting to create or refresh leaderboard_materialized_view...
2025-08-31 14:48:25: Successfully refreshed leaderboard_materialized_view.
2025-08-31 14:52:32: Periodically refreshing leaderboard view...
2025-08-31 14:52:32: Attempting to create or refresh leaderboard_materialized_view...
2025-08-31 14:52:32: Successfully refreshed leaderboard_materialized_view.
2025-08-31 14:53:25: Periodically refreshing leaderboard view...
2025-08-31 14:53:25: Attempting to create or refresh leaderboard_materialized_view...
2025-08-31 14:53:25: Successfully refreshed leaderboard_materialized_view.
2025-08-31 14:58:10: Connected to PostgreSQL database: cipher_db
2025-08-31 14:58:10: Database is ready.
2025-08-31 14:58:10: Attempting to create or refresh leaderboard_materialized_view...
2025-08-31 14:58:10: Successfully refreshed leaderboard_materialized_view.
2025-08-31 14:58:10: Server is running on http://localhost:3000
2025-08-31 14:58:25: Periodically refreshing leaderboard view...
2025-08-31 14:58:25: Attempting to create or refresh leaderboard_materialized_view...
2025-08-31 14:58:25: Successfully refreshed leaderboard_materialized_view.
2025-08-31 15:03:10: Periodically refreshing leaderboard view...
2025-08-31 15:03:11: Attempting to create or refresh leaderboard_materialized_view...
2025-08-31 15:03:11: Successfully refreshed leaderboard_materialized_view.
2025-08-31 15:03:25: Periodically refreshing leaderboard view...
2025-08-31 15:03:25: Attempting to create or refresh leaderboard_materialized_view...
2025-08-31 15:03:25: Successfully refreshed leaderboard_materialized_view.
2025-08-31 15:05:42: Connected to PostgreSQL database: cipher_db
2025-08-31 15:05:42: Database is ready.
2025-08-31 15:05:42: Attempting to create or refresh leaderboard_materialized_view...
2025-08-31 15:05:42: Successfully refreshed leaderboard_materialized_view.
2025-08-31 15:05:42: Server is running on http://localhost:3000
2025-08-31 15:06:03: [DEBUG] Fetching profile for player ID: player_1756154115824
2025-08-31 15:06:03: a user connected
2025-08-31 15:06:03: User edis attempting to join. Fetched level from DB: 0.
2025-08-31 15:06:03: edis (player_1756154115824) joined room: country-TR. Stored level: 0
2025-08-31 15:06:04: [DEBUG] Fetching profile for player ID: player_1756154115824
2025-08-31 15:06:21: [DEBUG] Fetching profile for player ID: player_1756154115824
2025-08-31 15:06:28: user disconnected
2025-08-31 15:06:28: [DEBUG] Fetching profile for player ID: player_1756154115824
2025-08-31 15:06:30: a user connected
2025-08-31 15:06:33: a user connected
2025-08-31 15:06:35: a user connected
2025-08-31 15:06:37: a user connected
2025-08-31 15:06:39: a user connected
2025-08-31 15:07:15: user disconnected
2025-08-31 15:07:18: user disconnected
2025-08-31 15:07:20: user disconnected
2025-08-31 15:07:22: user disconnected
2025-08-31 15:07:24: user disconnected
2025-08-31 15:08:25: Periodically refreshing leaderboard view...
2025-08-31 15:08:25: Attempting to create or refresh leaderboard_materialized_view...
2025-08-31 15:08:25: Successfully refreshed leaderboard_materialized_view.
2025-08-31 15:09:05: [DEBUG] Fetching profile for player ID: player_1756432294423
2025-08-31 15:09:07: a user connected
2025-08-31 15:09:09: a user connected
2025-08-31 15:09:10: User Creeper attempting to join. Fetched level from DB: 10.
2025-08-31 15:09:10: Creeper (player_1756432294423) joined room: country-BR. Stored level: 10
2025-08-31 15:09:12: [DEBUG] Fetching profile for player ID: player_1756190517761
2025-08-31 15:09:24: [DEBUG] Fetching profile for player ID: player_1756432294423
2025-08-31 15:09:28: [DEBUG] Admin reset: Player player_1756432294423 level reset to 0 based on 0 remaining games.
2025-08-31 15:09:32: user disconnected
2025-08-31 15:09:32: [DEBUG] Fetching profile for player ID: player_1756432294423
2025-08-31 15:09:34: a user connected
2025-08-31 15:09:34: User Creeper attempting to join. Fetched level from DB: 0.
2025-08-31 15:09:34: Creeper (player_1756432294423) joined room: country-BR. Stored level: 0
2025-08-31 15:09:52: user disconnected
2025-08-31 15:10:42: Periodically refreshing leaderboard view...
2025-08-31 15:10:42: Attempting to create or refresh leaderboard_materialized_view...
2025-08-31 15:10:42: Successfully refreshed leaderboard_materialized_view.
2025-08-31 15:10:47: [DEBUG] Fetching profile for player ID: player_1756432294423
2025-08-31 15:12:11: user disconnected
2025-08-31 15:12:13: a user connected
2025-08-31 15:12:13: User Creeper attempting to join. Fetched level from DB: 5.
2025-08-31 15:12:13: Creeper (player_1756432294423) joined room: country-BR. Stored level: 5
2025-08-31 15:12:39: a user connected
2025-08-31 15:12:44: a user connected
2025-08-31 15:12:52: [DEBUG] Fetching profile for player ID: player_1756432294423
2025-08-31 15:12:56: a user connected
2025-08-31 15:12:59: a user connected
2025-08-31 15:13:23: user disconnected
2025-08-31 15:13:24: user disconnected
2025-08-31 15:13:25: Periodically refreshing leaderboard view...
2025-08-31 15:13:25: Attempting to create or refresh leaderboard_materialized_view...
2025-08-31 15:13:25: Successfully refreshed leaderboard_materialized_view.
2025-08-31 15:13:29: user disconnected
2025-08-31 15:13:41: user disconnected
2025-08-31 15:13:44: user disconnected
2025-08-31 15:15:42: Periodically refreshing leaderboard view...
2025-08-31 15:15:42: Attempting to create or refresh leaderboard_materialized_view...
2025-08-31 15:15:42: Successfully refreshed leaderboard_materialized_view.
2025-08-31 15:18:25: Periodically refreshing leaderboard view...
2025-08-31 15:18:25: Attempting to create or refresh leaderboard_materialized_view...
2025-08-31 15:18:25: Successfully refreshed leaderboard_materialized_view.
2025-08-31 15:23:25: Periodically refreshing leaderboard view...
2025-08-31 15:23:25: Attempting to create or refresh leaderboard_materialized_view...
2025-08-31 15:23:25: Successfully refreshed leaderboard_materialized_view.
2025-08-31 15:47:07: Periodically refreshing leaderboard view...
2025-08-31 15:47:08: Attempting to create or refresh leaderboard_materialized_view...
2025-08-31 15:47:08: Successfully refreshed leaderboard_materialized_view.
2025-08-31 15:47:44: Connected to PostgreSQL database: cipher_db
2025-08-31 15:47:44: Database is ready.
2025-08-31 15:47:44: Attempting to create or refresh leaderboard_materialized_view...
2025-08-31 15:47:44: Successfully refreshed leaderboard_materialized_view.
2025-08-31 15:47:44: Server is running on http://localhost:3000
2025-08-31 15:50:13: [DEBUG] Fetching profile for player ID: player_1756432294423
2025-08-31 15:50:14: a user connected
2025-08-31 15:50:14: User Creeper attempting to join. Fetched level from DB: 5.
2025-08-31 15:50:14: Creeper (player_1756432294423) joined room: country-BR. Stored level: 5
2025-08-31 15:50:17: user disconnected
2025-08-31 15:52:07: Periodically refreshing leaderboard view...
2025-08-31 15:52:07: Attempting to create or refresh leaderboard_materialized_view...
2025-08-31 15:52:07: Successfully refreshed leaderboard_materialized_view.
2025-08-31 15:52:44: Periodically refreshing leaderboard view...
2025-08-31 15:52:44: Attempting to create or refresh leaderboard_materialized_view...
2025-08-31 15:52:45: Successfully refreshed leaderboard_materialized_view.
2025-08-31 15:57:07: Periodically refreshing leaderboard view...
2025-08-31 15:57:07: Attempting to create or refresh leaderboard_materialized_view...
2025-08-31 15:57:07: Successfully refreshed leaderboard_materialized_view.
2025-08-31 15:57:44: Periodically refreshing leaderboard view...
2025-08-31 15:57:44: Attempting to create or refresh leaderboard_materialized_view...
2025-08-31 15:57:44: Successfully refreshed leaderboard_materialized_view.
2025-08-31 16:02:07: Periodically refreshing leaderboard view...
2025-08-31 16:02:07: Attempting to create or refresh leaderboard_materialized_view...
2025-08-31 16:02:08: Successfully refreshed leaderboard_materialized_view.
2025-08-31 16:02:44: Periodically refreshing leaderboard view...
2025-08-31 16:02:44: Attempting to create or refresh leaderboard_materialized_view...
2025-08-31 16:02:44: Successfully refreshed leaderboard_materialized_view.
2025-08-31 16:07:07: Periodically refreshing leaderboard view...
2025-08-31 16:07:07: Attempting to create or refresh leaderboard_materialized_view...
2025-08-31 16:07:07: Successfully refreshed leaderboard_materialized_view.
2025-08-31 16:07:44: Periodically refreshing leaderboard view...
2025-08-31 16:07:44: Attempting to create or refresh leaderboard_materialized_view...
2025-08-31 16:07:44: Successfully refreshed leaderboard_materialized_view.
2025-08-31 16:12:07: Periodically refreshing leaderboard view...
2025-08-31 16:12:07: Attempting to create or refresh leaderboard_materialized_view...
2025-08-31 16:12:08: Successfully refreshed leaderboard_materialized_view.
2025-08-31 16:12:44: Periodically refreshing leaderboard view...
2025-08-31 16:12:44: Attempting to create or refresh leaderboard_materialized_view...
2025-08-31 16:12:45: Successfully refreshed leaderboard_materialized_view.
2025-08-31 16:16:56: a user connected
2025-08-31 16:16:59: a user connected
2025-08-31 16:17:01: a user connected
2025-08-31 16:17:07: Periodically refreshing leaderboard view...
2025-08-31 16:17:07: Attempting to create or refresh leaderboard_materialized_view...
2025-08-31 16:17:07: Successfully refreshed leaderboard_materialized_view.
2025-08-31 16:17:34: a user connected
2025-08-31 16:17:40: user disconnected
2025-08-31 16:17:44: Periodically refreshing leaderboard view...
2025-08-31 16:17:44: user disconnected
2025-08-31 16:17:44: Attempting to create or refresh leaderboard_materialized_view...
2025-08-31 16:17:46: Successfully refreshed leaderboard_materialized_view.
2025-08-31 16:17:46: user disconnected
2025-08-31 16:18:19: user disconnected
2025-08-31 16:19:45: a user connected
2025-08-31 16:19:47: a user connected
2025-08-31 16:19:49: a user connected
2025-08-31 16:19:52: a user connected
2025-08-31 16:19:54: a user connected
2025-08-31 16:19:57: a user connected
2025-08-31 16:19:57: User flight attempting to join. Fetched level from DB: 10.
2025-08-31 16:19:57: flight (player_1756359060356) joined room: country-KH. Stored level: 10
2025-08-31 16:20:30: user disconnected
2025-08-31 16:20:32: user disconnected
2025-08-31 16:20:34: user disconnected
2025-08-31 16:20:37: user disconnected
2025-08-31 16:20:39: user disconnected
2025-08-31 16:20:42: user disconnected
2025-08-31 16:22:07: Periodically refreshing leaderboard view...
2025-08-31 16:22:07: Attempting to create or refresh leaderboard_materialized_view...
2025-08-31 16:22:07: Successfully refreshed leaderboard_materialized_view.
2025-08-31 16:22:44: Periodically refreshing leaderboard view...
2025-08-31 16:22:44: Attempting to create or refresh leaderboard_materialized_view...
2025-08-31 16:22:47: Successfully refreshed leaderboard_materialized_view.
2025-08-31 16:27:07: Periodically refreshing leaderboard view...
2025-08-31 16:27:07: Attempting to create or refresh leaderboard_materialized_view...
2025-08-31 16:27:08: Successfully refreshed leaderboard_materialized_view.
2025-08-31 16:27:44: Periodically refreshing leaderboard view...
2025-08-31 16:27:44: Attempting to create or refresh leaderboard_materialized_view...
2025-08-31 16:27:46: Successfully refreshed leaderboard_materialized_view.
2025-08-31 16:32:07: Periodically refreshing leaderboard view...
2025-08-31 16:32:07: Attempting to create or refresh leaderboard_materialized_view...
2025-08-31 16:32:08: Successfully refreshed leaderboard_materialized_view.
2025-08-31 16:32:44: Periodically refreshing leaderboard view...
2025-08-31 16:32:44: Attempting to create or refresh leaderboard_materialized_view...
2025-08-31 16:32:46: Successfully refreshed leaderboard_materialized_view.
2025-08-31 16:37:07: Periodically refreshing leaderboard view...
2025-08-31 16:37:07: Attempting to create or refresh leaderboard_materialized_view...
2025-08-31 16:37:07: Successfully refreshed leaderboard_materialized_view.
2025-08-31 16:37:44: Periodically refreshing leaderboard view...
2025-08-31 16:37:44: Attempting to create or refresh leaderboard_materialized_view...
2025-08-31 16:37:45: Successfully refreshed leaderboard_materialized_view.
2025-08-31 16:39:31: Connected to PostgreSQL database: cipher_db
2025-08-31 16:39:31: Database is ready.
2025-08-31 16:39:31: Attempting to create or refresh leaderboard_materialized_view...
2025-08-31 16:39:31: Successfully refreshed leaderboard_materialized_view.
2025-08-31 16:39:31: Server is running on http://localhost:3000
2025-08-31 16:42:07: Periodically refreshing leaderboard view...
2025-08-31 16:42:07: Attempting to create or refresh leaderboard_materialized_view...
2025-08-31 16:42:07: Successfully refreshed leaderboard_materialized_view.
2025-08-31 16:44:31: Periodically refreshing leaderboard view...
2025-08-31 16:44:31: Attempting to create or refresh leaderboard_materialized_view...
2025-08-31 16:44:31: Successfully refreshed leaderboard_materialized_view.
2025-08-31 16:47:07: Periodically refreshing leaderboard view...
2025-08-31 16:47:08: Attempting to create or refresh leaderboard_materialized_view...
2025-08-31 16:47:09: Successfully refreshed leaderboard_materialized_view.
2025-08-31 16:49:31: Periodically refreshing leaderboard view...
2025-08-31 16:49:31: Attempting to create or refresh leaderboard_materialized_view...
2025-08-31 16:49:32: Successfully refreshed leaderboard_materialized_view.
2025-08-31 16:52:07: Periodically refreshing leaderboard view...
2025-08-31 16:52:07: Attempting to create or refresh leaderboard_materialized_view...
2025-08-31 16:52:08: Successfully refreshed leaderboard_materialized_view.
2025-08-31 17:06:51: Periodically refreshing leaderboard view...
2025-08-31 17:06:51: Periodically refreshing leaderboard view...
2025-08-31 17:06:51: Attempting to create or refresh leaderboard_materialized_view...
2025-08-31 17:06:52: Successfully refreshed leaderboard_materialized_view.
2025-08-31 17:06:52: Attempting to create or refresh leaderboard_materialized_view...
2025-08-31 17:06:52: Successfully refreshed leaderboard_materialized_view.
2025-08-31 17:11:51: Periodically refreshing leaderboard view...
2025-08-31 17:11:51: Attempting to create or refresh leaderboard_materialized_view...
2025-08-31 17:11:51: Periodically refreshing leaderboard view...
2025-08-31 17:11:51: Successfully refreshed leaderboard_materialized_view.
2025-08-31 17:11:51: Attempting to create or refresh leaderboard_materialized_view...
2025-08-31 17:11:51: Successfully refreshed leaderboard_materialized_view.
2025-08-31 17:16:51: Periodically refreshing leaderboard view...
2025-08-31 17:16:51: Periodically refreshing leaderboard view...
2025-08-31 17:16:52: Attempting to create or refresh leaderboard_materialized_view...
2025-08-31 17:16:52: Attempting to create or refresh leaderboard_materialized_view...
2025-08-31 17:16:52: Successfully refreshed leaderboard_materialized_view.
2025-08-31 17:16:52: Successfully refreshed leaderboard_materialized_view.
2025-08-31 17:21:51: Periodically refreshing leaderboard view...
2025-08-31 17:21:51: Periodically refreshing leaderboard view...
2025-08-31 17:21:51: Attempting to create or refresh leaderboard_materialized_view...
2025-08-31 17:21:52: Attempting to create or refresh leaderboard_materialized_view...
2025-08-31 17:21:52: Successfully refreshed leaderboard_materialized_view.
2025-08-31 17:21:53: Successfully refreshed leaderboard_materialized_view.
2025-08-31 17:23:36: Connected to PostgreSQL database: cipher_db
2025-08-31 17:23:36: Database is ready.
2025-08-31 17:23:36: Attempting to create or refresh leaderboard_materialized_view...
2025-08-31 17:23:36: Successfully refreshed leaderboard_materialized_view.
2025-08-31 17:23:36: Server is running on http://localhost:3000
2025-08-31 17:26:51: Periodically refreshing leaderboard view...
2025-08-31 17:26:51: Attempting to create or refresh leaderboard_materialized_view...
2025-08-31 17:26:51: Successfully refreshed leaderboard_materialized_view.
2025-08-31 17:28:36: Periodically refreshing leaderboard view...
2025-08-31 17:28:36: Attempting to create or refresh leaderboard_materialized_view...
2025-08-31 17:28:37: Successfully refreshed leaderboard_materialized_view.
2025-08-31 17:31:19: a user connected
2025-08-31 17:31:40: [DEBUG] Fetching profile for player ID: player_1756154115824
2025-08-31 17:31:48: [DEBUG] Fetching profile for player ID: player_1756154115824
2025-08-31 17:31:51: Periodically refreshing leaderboard view...
2025-08-31 17:31:51: Attempting to create or refresh leaderboard_materialized_view...
2025-08-31 17:31:52: Successfully refreshed leaderboard_materialized_view.
2025-08-31 17:31:56: a user connected
2025-08-31 17:31:56: User edis attempting to join. Fetched level from DB: 10.
2025-08-31 17:31:56: edis (player_1756154115824) joined room: country-TR. Stored level: 10
2025-08-31 17:32:12: Connected to PostgreSQL database: cipher_db
2025-08-31 17:32:12: Database is ready.
2025-08-31 17:32:12: Attempting to create or refresh leaderboard_materialized_view...
2025-08-31 17:32:13: Successfully refreshed leaderboard_materialized_view.
2025-08-31 17:32:13: Server is running on http://localhost:3000
2025-08-31 17:32:23: a user connected
2025-08-31 17:32:50: a user connected
2025-08-31 17:32:53: a user connected
2025-08-31 17:32:53: User edis attempting to join. Fetched level from DB: 10.
2025-08-31 17:32:53: edis (player_1756154115824) joined room: country-TR. Stored level: 10
2025-08-31 17:32:53: a user connected
2025-08-31 17:32:55: a user connected
2025-08-31 17:32:56: User edis attempting to join. Fetched level from DB: 10.
2025-08-31 17:32:56: edis (player_1756154115824) joined room: country-TR. Stored level: 10
2025-08-31 17:33:06: user disconnected
2025-08-31 17:33:08: user disconnected
2025-08-31 17:33:35: user disconnected
2025-08-31 17:33:38: user disconnected
2025-08-31 17:33:38: user disconnected
2025-08-31 17:36:44: user disconnected
2025-08-31 17:36:47: a user connected
2025-08-31 17:36:49: a user connected
2025-08-31 17:36:51: Periodically refreshing leaderboard view...
2025-08-31 17:36:52: Attempting to create or refresh leaderboard_materialized_view...
2025-08-31 17:36:52: Successfully refreshed leaderboard_materialized_view.
2025-08-31 17:36:53: a user connected
2025-08-31 17:36:55: a user connected
2025-08-31 17:36:55: User edis attempting to join. Fetched level from DB: 10.
2025-08-31 17:36:55: edis (player_1756154115824) joined room: country-TR. Stored level: 10
2025-08-31 17:37:13: Periodically refreshing leaderboard view...
2025-08-31 17:37:14: Attempting to create or refresh leaderboard_materialized_view...
2025-08-31 17:37:14: Successfully refreshed leaderboard_materialized_view.
2025-08-31 17:37:32: user disconnected
2025-08-31 17:37:34: user disconnected
2025-08-31 17:37:38: user disconnected
2025-08-31 17:41:51: Periodically refreshing leaderboard view...
2025-08-31 17:41:52: Attempting to create or refresh leaderboard_materialized_view...
2025-08-31 17:41:52: Successfully refreshed leaderboard_materialized_view.
2025-08-31 17:42:13: Periodically refreshing leaderboard view...
2025-08-31 17:42:13: Attempting to create or refresh leaderboard_materialized_view...
2025-08-31 17:42:14: Successfully refreshed leaderboard_materialized_view.
2025-08-31 17:46:41: user disconnected
2025-08-31 17:46:51: a user connected
2025-08-31 17:46:51: Periodically refreshing leaderboard view...
2025-08-31 17:46:52: Attempting to create or refresh leaderboard_materialized_view...
2025-08-31 17:46:52: Successfully refreshed leaderboard_materialized_view.
2025-08-31 17:47:13: Periodically refreshing leaderboard view...
2025-08-31 17:47:14: Attempting to create or refresh leaderboard_materialized_view...
2025-08-31 17:47:14: Successfully refreshed leaderboard_materialized_view.
2025-08-31 17:47:36: user disconnected
2025-08-31 17:51:51: Periodically refreshing leaderboard view...
2025-08-31 17:51:52: Attempting to create or refresh leaderboard_materialized_view...
2025-08-31 17:51:52: Successfully refreshed leaderboard_materialized_view.
2025-08-31 17:52:13: Periodically refreshing leaderboard view...
2025-08-31 17:52:13: Attempting to create or refresh leaderboard_materialized_view...
2025-08-31 17:52:13: Successfully refreshed leaderboard_materialized_view.
2025-08-31 17:56:51: Periodically refreshing leaderboard view...
2025-08-31 17:56:52: Attempting to create or refresh leaderboard_materialized_view...
2025-08-31 17:56:52: Successfully refreshed leaderboard_materialized_view.
2025-08-31 17:57:13: Periodically refreshing leaderboard view...
2025-08-31 17:57:13: Attempting to create or refresh leaderboard_materialized_view...
2025-08-31 17:57:14: Successfully refreshed leaderboard_materialized_view.
2025-08-31 18:01:51: Periodically refreshing leaderboard view...
2025-08-31 18:01:52: Attempting to create or refresh leaderboard_materialized_view...
2025-08-31 18:01:52: Successfully refreshed leaderboard_materialized_view.
2025-08-31 18:02:13: Periodically refreshing leaderboard view...
2025-08-31 18:02:13: Attempting to create or refresh leaderboard_materialized_view...
2025-08-31 18:02:13: Successfully refreshed leaderboard_materialized_view.
2025-08-31 18:06:51: Periodically refreshing leaderboard view...
2025-08-31 18:06:52: Attempting to create or refresh leaderboard_materialized_view...
2025-08-31 18:06:52: Successfully refreshed leaderboard_materialized_view.
2025-08-31 18:07:13: Periodically refreshing leaderboard view...
2025-08-31 18:07:13: Attempting to create or refresh leaderboard_materialized_view...
2025-08-31 18:07:13: Successfully refreshed leaderboard_materialized_view.
2025-08-31 18:10:52: a user connected
2025-08-31 18:10:56: a user connected
2025-08-31 18:10:56: User edis attempting to join. Fetched level from DB: 10.
2025-08-31 18:10:56: edis (player_1756154115824) joined room: country-TR. Stored level: 10
2025-08-31 18:11:17: Connected to PostgreSQL database: cipher_db
2025-08-31 18:11:17: Database is ready.
2025-08-31 18:11:17: Attempting to create or refresh leaderboard_materialized_view...
2025-08-31 18:11:17: Successfully refreshed leaderboard_materialized_view.
2025-08-31 18:11:17: Server is running on http://localhost:3000
2025-08-31 18:11:22: user disconnected
2025-08-31 18:11:37: user disconnected
2025-08-31 18:11:51: Periodically refreshing leaderboard view...
2025-08-31 18:11:52: Attempting to create or refresh leaderboard_materialized_view...
2025-08-31 18:11:52: Successfully refreshed leaderboard_materialized_view.
2025-08-31 18:16:17: Periodically refreshing leaderboard view...
2025-08-31 18:16:18: Attempting to create or refresh leaderboard_materialized_view...
2025-08-31 18:16:18: Successfully refreshed leaderboard_materialized_view.
2025-08-31 18:16:51: Periodically refreshing leaderboard view...
2025-08-31 18:16:52: Attempting to create or refresh leaderboard_materialized_view...
2025-08-31 18:16:52: Successfully refreshed leaderboard_materialized_view.
2025-08-31 18:21:17: Periodically refreshing leaderboard view...
2025-08-31 18:21:17: Attempting to create or refresh leaderboard_materialized_view...
2025-08-31 18:21:18: Successfully refreshed leaderboard_materialized_view.
2025-08-31 18:21:51: Periodically refreshing leaderboard view...
2025-08-31 18:21:51: Attempting to create or refresh leaderboard_materialized_view...
2025-08-31 18:21:52: Successfully refreshed leaderboard_materialized_view.
2025-08-31 18:26:17: Periodically refreshing leaderboard view...
2025-08-31 18:26:18: Attempting to create or refresh leaderboard_materialized_view...
2025-08-31 18:26:18: Successfully refreshed leaderboard_materialized_view.
2025-08-31 18:26:51: Periodically refreshing leaderboard view...
2025-08-31 18:26:52: Attempting to create or refresh leaderboard_materialized_view...
2025-08-31 18:26:52: Successfully refreshed leaderboard_materialized_view.
2025-08-31 18:31:17: Periodically refreshing leaderboard view...
2025-08-31 18:31:18: Attempting to create or refresh leaderboard_materialized_view...
2025-08-31 18:31:18: Successfully refreshed leaderboard_materialized_view.
2025-08-31 18:31:52: Periodically refreshing leaderboard view...
2025-08-31 18:31:52: Attempting to create or refresh leaderboard_materialized_view...
2025-08-31 18:31:52: Successfully refreshed leaderboard_materialized_view.
2025-08-31 18:36:17: Periodically refreshing leaderboard view...
2025-08-31 18:36:18: Attempting to create or refresh leaderboard_materialized_view...
2025-08-31 18:36:18: Successfully refreshed leaderboard_materialized_view.
2025-08-31 18:36:52: Periodically refreshing leaderboard view...
2025-08-31 18:36:52: Attempting to create or refresh leaderboard_materialized_view...
2025-08-31 18:36:52: Successfully refreshed leaderboard_materialized_view.
2025-08-31 18:41:17: Periodically refreshing leaderboard view...
2025-08-31 18:41:18: Attempting to create or refresh leaderboard_materialized_view...
2025-08-31 18:41:18: Successfully refreshed leaderboard_materialized_view.
2025-08-31 18:41:52: Periodically refreshing leaderboard view...
2025-08-31 18:41:52: Attempting to create or refresh leaderboard_materialized_view...
2025-08-31 18:41:52: Successfully refreshed leaderboard_materialized_view.
2025-08-31 18:46:17: Periodically refreshing leaderboard view...
2025-08-31 18:46:18: Attempting to create or refresh leaderboard_materialized_view...
2025-08-31 18:46:18: Successfully refreshed leaderboard_materialized_view.
2025-08-31 18:46:52: Periodically refreshing leaderboard view...
2025-08-31 18:46:52: Attempting to create or refresh leaderboard_materialized_view...
2025-08-31 18:46:52: Successfully refreshed leaderboard_materialized_view.
2025-08-31 18:48:28: [DEBUG] Fetching profile for player ID: player_1756154115824
2025-08-31 18:48:29: a user connected
2025-08-31 18:48:30: User edis attempting to join. Fetched level from DB: 10.
2025-08-31 18:48:30: edis (player_1756154115824) joined room: country-TR. Stored level: 10
2025-08-31 18:49:22: a user connected
2025-08-31 18:50:05: user disconnected
2025-08-31 18:50:07: user disconnected
2025-08-31 18:50:27: [DEBUG] Fetching profile for player ID: player_1756154115824
2025-08-31 18:50:28: a user connected
2025-08-31 18:50:28: User edis attempting to join. Fetched level from DB: 10.
2025-08-31 18:50:28: edis (player_1756154115824) joined room: country-TR. Stored level: 10
2025-08-31 18:50:56: Sending message to room: country-TR
2025-08-31 18:50:57: Emitted message to room country-TR for all clients.
2025-08-31 18:51:18: Periodically refreshing leaderboard view...
2025-08-31 18:51:18: Attempting to create or refresh leaderboard_materialized_view...
2025-08-31 18:51:18: Successfully refreshed leaderboard_materialized_view.
2025-08-31 18:51:23: user disconnected
2025-08-31 18:51:24: [DEBUG] Fetching profile for player ID: player_1756154115824
2025-08-31 18:51:24: a user connected
2025-08-31 18:51:24: User edis attempting to join. Fetched level from DB: 10.
2025-08-31 18:51:24: edis (player_1756154115824) joined room: country-TR. Stored level: 10
2025-08-31 18:51:52: Periodically refreshing leaderboard view...
2025-08-31 18:51:52: Attempting to create or refresh leaderboard_materialized_view...
2025-08-31 18:51:52: Successfully refreshed leaderboard_materialized_view.
2025-08-31 18:53:28: user disconnected
2025-08-31 18:53:29: [DEBUG] Fetching profile for player ID: player_1756154115824
2025-08-31 18:53:29: a user connected
2025-08-31 18:53:29: User edis attempting to join. Fetched level from DB: 10.
2025-08-31 18:53:29: edis (player_1756154115824) joined room: country-TR. Stored level: 10
2025-08-31 18:54:39: user disconnected
2025-08-31 19:33:37: Connected to PostgreSQL database: cipher_db
2025-08-31 19:33:37: Database is ready.
2025-08-31 19:33:37: Attempting to create or refresh leaderboard_materialized_view...
2025-08-31 19:33:37: Successfully refreshed leaderboard_materialized_view.
2025-08-31 19:33:37: Server is running on http://localhost:3000
2025-09-02 10:13:38: Connected to PostgreSQL database: cipher_db
2025-09-02 10:13:38: Database is ready.
2025-09-02 10:13:38: Attempting to create or refresh leaderboard_materialized_view...
2025-09-02 10:13:39: Successfully refreshed leaderboard_materialized_view.
2025-09-02 10:13:39: Server is running on http://localhost:3000
2025-09-02 10:13:55: [DEBUG] Fetching profile for player ID: player_1756154115824
2025-09-02 10:13:55: a user connected
2025-09-02 10:13:55: User edis attempting to join. Fetched level from DB: 10.
2025-09-02 10:13:55: edis (player_1756154115824) joined room: country-TR. Stored level: 10
2025-09-02 10:14:31: [DEBUG] Fetching profile for player ID: player_1756432294423
2025-09-02 10:14:41: Sending message to room: country-TR
2025-09-02 10:14:42: Emitted message to room country-TR for all clients.
2025-09-02 10:14:45: User edis attempting to join. Fetched level from DB: 10.
2025-09-02 10:14:45: edis (player_1756154115824) joined room: Global. Stored level: 10
2025-09-02 10:14:57: Sending message to room: Global
2025-09-02 10:14:57: Emitted message to room Global for all clients.
2025-09-02 10:15:04: user disconnected
2025-09-02 10:15:04: [DEBUG] Fetching profile for player ID: player_1756154115824
2025-09-02 10:16:16: a user connected
2025-09-02 10:16:17: a user connected
2025-09-02 10:16:19: a user connected
2025-09-02 10:16:22: a user connected
2025-09-02 10:16:24: a user connected
2025-09-02 10:16:26: a user connected
2025-09-02 10:16:27: user disconnected
2025-09-02 10:16:27: user disconnected
2025-09-02 10:16:27: user disconnected
2025-09-02 10:16:27: [DEBUG] Fetching profile for player ID: player_1756154115824
2025-09-02 10:16:28: a user connected
2025-09-02 10:16:28: User edis attempting to join. Fetched level from DB: 10.
2025-09-02 10:16:28: edis (player_1756154115824) joined room: country-TR. Stored level: 10
2025-09-02 10:16:32: user disconnected
2025-09-02 10:16:32: [DEBUG] Fetching profile for player ID: player_1756154115824
2025-09-02 10:16:33: a user connected
2025-09-02 10:16:33: User edis attempting to join. Fetched level from DB: 10.
2025-09-02 10:16:33: edis (player_1756154115824) joined room: country-TR. Stored level: 10
2025-09-02 10:16:34: user disconnected
2025-09-02 10:16:35: [DEBUG] Fetching profile for player ID: player_1756154115824
2025-09-02 10:16:35: a user connected
2025-09-02 10:16:35: User edis attempting to join. Fetched level from DB: 10.
2025-09-02 10:16:35: edis (player_1756154115824) joined room: country-TR. Stored level: 10
2025-09-02 10:16:45: user disconnected
2025-09-02 10:16:45: [DEBUG] Fetching profile for player ID: player_1756154115824
2025-09-02 10:16:46: a user connected
2025-09-02 10:16:46: User edis attempting to join. Fetched level from DB: 10.
2025-09-02 10:16:46: edis (player_1756154115824) joined room: country-TR. Stored level: 10
2025-09-02 10:17:00: user disconnected
2025-09-02 10:17:00: a user connected
2025-09-02 10:17:01: user disconnected
2025-09-02 10:17:02: a user connected
2025-09-02 10:17:02: User edis attempting to join. Fetched level from DB: 10.
2025-09-02 10:17:02: edis (player_1756154115824) joined room: country-TR. Stored level: 10
2025-09-02 10:17:02: user disconnected
2025-09-02 10:17:04: user disconnected
2025-09-02 10:17:17: user disconnected
2025-09-02 10:17:45: user disconnected
2025-09-02 10:18:39: Periodically refreshing leaderboard view...
2025-09-02 10:18:39: Attempting to create or refresh leaderboard_materialized_view...
2025-09-02 10:18:40: Successfully refreshed leaderboard_materialized_view.
2025-09-02 10:23:39: Periodically refreshing leaderboard view...
2025-09-02 10:23:39: Attempting to create or refresh leaderboard_materialized_view...
2025-09-02 10:23:39: Successfully refreshed leaderboard_materialized_view.
