2025-08-31 14:28:25: Connected to PostgreSQL database: cipher_db
2025-08-31 14:28:26: Database is ready.
2025-08-31 14:28:26: Attempting to create or refresh leaderboard_materialized_view...
2025-08-31 14:28:28: Successfully refreshed leaderboard_materialized_view.
2025-08-31 14:28:28: Server is running on http://localhost:3000
2025-08-31 14:33:28: Periodically refreshing leaderboard view...
2025-08-31 14:33:28: Attempting to create or refresh leaderboard_materialized_view...
2025-08-31 14:33:33: Successfully refreshed leaderboard_materialized_view.
2025-08-31 14:38:21: Connected to PostgreSQL database: cipher_db
2025-08-31 14:38:21: Database is ready.
2025-08-31 14:38:21: Attempting to create or refresh leaderboard_materialized_view...
2025-08-31 14:38:24: Successfully refreshed leaderboard_materialized_view.
2025-08-31 14:38:24: Server is running on http://localhost:3000
2025-08-31 14:41:00: Connected to PostgreSQL database: cipher_db
2025-08-31 14:41:01: Database is ready.
2025-08-31 14:41:01: Attempting to create or refresh leaderboard_materialized_view...
2025-08-31 14:41:05: Successfully refreshed leaderboard_materialized_view.
2025-08-31 14:41:06: Server is running on http://localhost:3000
2025-08-31 14:47:31: Connected to PostgreSQL database: cipher_db
2025-08-31 14:47:31: Database is ready.
2025-08-31 14:47:31: Attempting to create or refresh leaderboard_materialized_view...
2025-08-31 14:47:37: Successfully refreshed leaderboard_materialized_view.
2025-08-31 14:47:37: Server is running on http://localhost:3000
2025-08-31 14:47:59: [DEBUG] Fetching profile for player ID: player_1756154115824
2025-08-31 14:48:00: a user connected
2025-08-31 14:48:02: a user connected
2025-08-31 14:48:04: a user connected
2025-08-31 14:48:05: a user connected
2025-08-31 14:48:05: User edis attempting to join. Fetched level from DB: 0.
2025-08-31 14:48:05: edis (player_1756154115824) joined room: country-TR. Stored level: 0
2025-08-31 14:48:18: [DEBUG] Admin reset: Player player_1756154115824 level reset to 0 based on 0 remaining games.
2025-08-31 14:48:24: user disconnected
2025-08-31 14:48:26: a user connected
2025-08-31 14:48:26: User edis attempting to join. Fetched level from DB: 0.
2025-08-31 14:48:26: edis (player_1756154115824) joined room: country-TR. Stored level: 0
2025-08-31 14:48:45: user disconnected
2025-08-31 14:48:47: user disconnected
2025-08-31 14:48:49: user disconnected
2025-08-31 14:49:05: user disconnected
2025-08-31 14:50:10: [DEBUG] Fetching profile for player ID: player_1756346497569
2025-08-31 14:50:11: [DEBUG] Fetching profile for player ID: player_1756346497569
2025-08-31 14:50:11: a user connected
2025-08-31 14:50:14: a user connected
2025-08-31 14:50:16: a user connected
2025-08-31 14:50:16: User EDİS attempting to join. Fetched level from DB: 10.
2025-08-31 14:50:16: EDİS (player_1756346497569) joined room: country-CO. Stored level: 10
2025-08-31 14:50:16: [DEBUG] Fetching profile for player ID: player_1756346497569
2025-08-31 14:50:16: a user connected
2025-08-31 14:50:44: a user connected
2025-08-31 14:50:46: a user connected
2025-08-31 14:50:47: User EDİS attempting to join. Fetched level from DB: 10.
2025-08-31 14:50:47: EDİS (player_1756346497569) joined room: country-CO. Stored level: 10
2025-08-31 14:50:48: a user connected
2025-08-31 14:50:50: a user connected
2025-08-31 14:50:52: a user connected
2025-08-31 14:50:55: a user connected
2025-08-31 14:50:56: User EDİS attempting to join. Fetched level from DB: 10.
2025-08-31 14:50:56: EDİS (player_1756346497569) joined room: country-CO. Stored level: 10
2025-08-31 14:50:56: a user connected
2025-08-31 14:50:56: user disconnected
2025-08-31 14:50:58: a user connected
2025-08-31 14:50:59: user disconnected
2025-08-31 14:50:59: a user connected
2025-08-31 14:51:01: user disconnected
2025-08-31 14:51:01: user disconnected
2025-08-31 14:51:02: a user connected
2025-08-31 14:51:02: User EDİS attempting to join. Fetched level from DB: 10.
2025-08-31 14:51:02: EDİS (player_1756346497569) joined room: country-CO. Stored level: 10
2025-08-31 14:51:29: user disconnected
2025-08-31 14:51:31: user disconnected
2025-08-31 14:51:33: user disconnected
2025-08-31 14:51:35: user disconnected
2025-08-31 14:51:37: user disconnected
2025-08-31 14:51:40: user disconnected
2025-08-31 14:51:41: user disconnected
2025-08-31 14:51:43: user disconnected
2025-08-31 14:51:44: user disconnected
2025-08-31 14:52:08: user disconnected
2025-08-31 14:52:08: [DEBUG] Fetching profile for player ID: player_1756346497569
2025-08-31 14:52:09: a user connected
2025-08-31 14:52:09: User EDİS attempting to join. Fetched level from DB: 10.
2025-08-31 14:52:09: EDİS (player_1756346497569) joined room: country-CO. Stored level: 10
2025-08-31 14:52:18: [DEBUG] Fetching profile for player ID: player_1756346497569
2025-08-31 14:52:37: Periodically refreshing leaderboard view...
2025-08-31 14:52:37: Attempting to create or refresh leaderboard_materialized_view...
2025-08-31 14:52:38: Successfully refreshed leaderboard_materialized_view.
2025-08-31 14:52:54: user disconnected
2025-08-31 14:55:09: [DEBUG] Fetching profile for player ID: player_1756513039967
2025-08-31 14:55:14: [DEBUG] Fetching profile for player ID: player_1756154115824
2025-08-31 14:55:14: a user connected
2025-08-31 14:55:17: a user connected
2025-08-31 14:55:17: User easdew attempting to join. Fetched level from DB: 0.
2025-08-31 14:55:17: easdew (player_1756641153883) joined room: country-US. Stored level: 0
2025-08-31 14:55:59: user disconnected
2025-08-31 14:56:18: user disconnected
2025-08-31 14:58:11: Connected to PostgreSQL database: cipher_db
2025-08-31 14:58:11: Database is ready.
2025-08-31 14:58:11: Attempting to create or refresh leaderboard_materialized_view...
2025-08-31 14:58:11: Successfully refreshed leaderboard_materialized_view.
2025-08-31 14:58:11: Server is running on http://localhost:3000
2025-08-31 14:58:12: a user connected
2025-08-31 14:58:12: user disconnected
2025-08-31 14:58:14: a user connected
2025-08-31 14:58:17: [DEBUG] Fetching profile for player ID: player_1756154115824
2025-08-31 14:58:28: [DEBUG] Admin reset: Player player_1756154115824 level reset to 0 based on 0 remaining games.
2025-08-31 14:58:35: [DEBUG] Fetching profile for player ID: player_1756641153883
2025-08-31 14:58:59: user disconnected
2025-08-31 15:03:11: Periodically refreshing leaderboard view...
2025-08-31 15:03:11: Attempting to create or refresh leaderboard_materialized_view...
2025-08-31 15:03:12: Successfully refreshed leaderboard_materialized_view.
2025-08-31 15:05:40: Connected to PostgreSQL database: cipher_db
2025-08-31 15:05:41: Database is ready.
2025-08-31 15:05:41: Attempting to create or refresh leaderboard_materialized_view...
2025-08-31 15:05:41: Successfully refreshed leaderboard_materialized_view.
2025-08-31 15:05:41: Server is running on http://localhost:3000
2025-08-31 15:10:41: Periodically refreshing leaderboard view...
2025-08-31 15:10:41: Attempting to create or refresh leaderboard_materialized_view...
2025-08-31 15:10:41: Successfully refreshed leaderboard_materialized_view.
2025-08-31 15:15:41: Periodically refreshing leaderboard view...
2025-08-31 15:15:41: Attempting to create or refresh leaderboard_materialized_view...
2025-08-31 15:15:41: Successfully refreshed leaderboard_materialized_view.
2025-08-31 15:47:44: Connected to PostgreSQL database: cipher_db
2025-08-31 15:47:44: Database is ready.
2025-08-31 15:47:44: Attempting to create or refresh leaderboard_materialized_view...
2025-08-31 15:47:44: Successfully refreshed leaderboard_materialized_view.
2025-08-31 15:47:44: Server is running on http://localhost:3000
2025-08-31 15:52:44: Periodically refreshing leaderboard view...
2025-08-31 15:52:44: Attempting to create or refresh leaderboard_materialized_view...
2025-08-31 15:52:44: Successfully refreshed leaderboard_materialized_view.
2025-08-31 15:57:44: Periodically refreshing leaderboard view...
2025-08-31 15:57:44: Attempting to create or refresh leaderboard_materialized_view...
2025-08-31 15:57:44: Successfully refreshed leaderboard_materialized_view.
2025-08-31 16:02:44: Periodically refreshing leaderboard view...
2025-08-31 16:02:44: Attempting to create or refresh leaderboard_materialized_view...
2025-08-31 16:02:44: Successfully refreshed leaderboard_materialized_view.
2025-08-31 16:07:44: Periodically refreshing leaderboard view...
2025-08-31 16:07:44: Attempting to create or refresh leaderboard_materialized_view...
2025-08-31 16:07:44: Successfully refreshed leaderboard_materialized_view.
2025-08-31 16:12:44: Periodically refreshing leaderboard view...
2025-08-31 16:12:44: Attempting to create or refresh leaderboard_materialized_view...
2025-08-31 16:12:44: Successfully refreshed leaderboard_materialized_view.
2025-08-31 16:17:44: Periodically refreshing leaderboard view...
2025-08-31 16:17:44: Attempting to create or refresh leaderboard_materialized_view...
2025-08-31 16:17:46: Successfully refreshed leaderboard_materialized_view.
2025-08-31 16:22:44: Periodically refreshing leaderboard view...
2025-08-31 16:22:44: Attempting to create or refresh leaderboard_materialized_view...
2025-08-31 16:22:46: Successfully refreshed leaderboard_materialized_view.
2025-08-31 16:27:44: Periodically refreshing leaderboard view...
2025-08-31 16:27:44: Attempting to create or refresh leaderboard_materialized_view...
2025-08-31 16:27:45: Successfully refreshed leaderboard_materialized_view.
2025-08-31 16:32:44: Periodically refreshing leaderboard view...
2025-08-31 16:32:44: Attempting to create or refresh leaderboard_materialized_view...
2025-08-31 16:32:46: Successfully refreshed leaderboard_materialized_view.
2025-08-31 16:37:44: Periodically refreshing leaderboard view...
2025-08-31 16:37:44: Attempting to create or refresh leaderboard_materialized_view...
2025-08-31 16:37:44: Successfully refreshed leaderboard_materialized_view.
2025-08-31 16:39:34: Connected to PostgreSQL database: cipher_db
2025-08-31 16:39:34: Database is ready.
2025-08-31 16:39:34: Attempting to create or refresh leaderboard_materialized_view...
2025-08-31 16:39:34: Successfully refreshed leaderboard_materialized_view.
2025-08-31 16:39:34: Server is running on http://localhost:3000
2025-08-31 16:39:56: [DEBUG] Fetching profile for player ID: player_1756409716226
2025-08-31 16:43:19: [DEBUG] Fetching profile for player ID: player_1756154115824
2025-08-31 16:43:19: a user connected
2025-08-31 16:43:22: a user connected
2025-08-31 16:43:25: a user connected
2025-08-31 16:43:27: a user connected
2025-08-31 16:43:29: a user connected
2025-08-31 16:43:31: a user connected
2025-08-31 16:43:32: a user connected
2025-08-31 16:44:04: user disconnected
2025-08-31 16:44:07: user disconnected
2025-08-31 16:44:10: user disconnected
2025-08-31 16:44:12: user disconnected
2025-08-31 16:44:14: user disconnected
2025-08-31 16:44:16: user disconnected
2025-08-31 16:44:17: user disconnected
2025-08-31 16:44:34: Periodically refreshing leaderboard view...
2025-08-31 16:44:35: Attempting to create or refresh leaderboard_materialized_view...
2025-08-31 16:44:35: Successfully refreshed leaderboard_materialized_view.
2025-08-31 16:49:34: Periodically refreshing leaderboard view...
2025-08-31 16:49:34: Attempting to create or refresh leaderboard_materialized_view...
2025-08-31 16:49:35: Successfully refreshed leaderboard_materialized_view.
2025-08-31 17:06:51: Periodically refreshing leaderboard view...
2025-08-31 17:06:51: Attempting to create or refresh leaderboard_materialized_view...
2025-08-31 17:06:52: Successfully refreshed leaderboard_materialized_view.
2025-08-31 17:11:51: Periodically refreshing leaderboard view...
2025-08-31 17:11:51: Attempting to create or refresh leaderboard_materialized_view...
2025-08-31 17:11:51: Successfully refreshed leaderboard_materialized_view.
2025-08-31 17:16:51: Periodically refreshing leaderboard view...
2025-08-31 17:16:52: Attempting to create or refresh leaderboard_materialized_view...
2025-08-31 17:16:52: Successfully refreshed leaderboard_materialized_view.
2025-08-31 17:21:51: Periodically refreshing leaderboard view...
2025-08-31 17:21:52: Attempting to create or refresh leaderboard_materialized_view...
2025-08-31 17:21:52: Successfully refreshed leaderboard_materialized_view.
2025-08-31 17:23:35: Connected to PostgreSQL database: cipher_db
2025-08-31 17:23:35: Database is ready.
2025-08-31 17:23:35: Attempting to create or refresh leaderboard_materialized_view...
2025-08-31 17:23:35: Successfully refreshed leaderboard_materialized_view.
2025-08-31 17:23:35: Server is running on http://localhost:3000
2025-08-31 17:28:35: Periodically refreshing leaderboard view...
2025-08-31 17:28:36: Attempting to create or refresh leaderboard_materialized_view...
2025-08-31 17:28:36: Successfully refreshed leaderboard_materialized_view.
2025-08-31 17:32:11: Connected to PostgreSQL database: cipher_db
2025-08-31 17:32:12: Database is ready.
2025-08-31 17:32:12: Attempting to create or refresh leaderboard_materialized_view...
2025-08-31 17:32:12: Successfully refreshed leaderboard_materialized_view.
2025-08-31 17:32:12: Server is running on http://localhost:3000
2025-08-31 17:37:12: Periodically refreshing leaderboard view...
2025-08-31 17:37:12: Attempting to create or refresh leaderboard_materialized_view...
2025-08-31 17:37:12: Successfully refreshed leaderboard_materialized_view.
2025-08-31 17:42:12: Periodically refreshing leaderboard view...
2025-08-31 17:42:12: Attempting to create or refresh leaderboard_materialized_view...
2025-08-31 17:42:12: Successfully refreshed leaderboard_materialized_view.
2025-08-31 17:47:12: Periodically refreshing leaderboard view...
2025-08-31 17:47:12: Attempting to create or refresh leaderboard_materialized_view...
2025-08-31 17:47:12: Successfully refreshed leaderboard_materialized_view.
2025-08-31 17:52:12: Periodically refreshing leaderboard view...
2025-08-31 17:52:12: Attempting to create or refresh leaderboard_materialized_view...
2025-08-31 17:52:12: Successfully refreshed leaderboard_materialized_view.
2025-08-31 17:57:12: Periodically refreshing leaderboard view...
2025-08-31 17:57:12: Attempting to create or refresh leaderboard_materialized_view...
2025-08-31 17:57:12: Successfully refreshed leaderboard_materialized_view.
2025-08-31 18:02:12: Periodically refreshing leaderboard view...
2025-08-31 18:02:12: Attempting to create or refresh leaderboard_materialized_view...
2025-08-31 18:02:12: Successfully refreshed leaderboard_materialized_view.
2025-08-31 18:07:12: Periodically refreshing leaderboard view...
2025-08-31 18:07:12: Attempting to create or refresh leaderboard_materialized_view...
2025-08-31 18:07:12: Successfully refreshed leaderboard_materialized_view.
2025-08-31 18:11:17: Connected to PostgreSQL database: cipher_db
2025-08-31 18:11:17: Database is ready.
2025-08-31 18:11:17: Attempting to create or refresh leaderboard_materialized_view...
2025-08-31 18:11:17: Successfully refreshed leaderboard_materialized_view.
2025-08-31 18:11:17: Server is running on http://localhost:3000
2025-08-31 18:16:17: Periodically refreshing leaderboard view...
2025-08-31 18:16:17: Attempting to create or refresh leaderboard_materialized_view...
2025-08-31 18:16:18: Successfully refreshed leaderboard_materialized_view.
2025-08-31 18:21:17: Periodically refreshing leaderboard view...
2025-08-31 18:21:17: Attempting to create or refresh leaderboard_materialized_view...
2025-08-31 18:21:17: Successfully refreshed leaderboard_materialized_view.
2025-08-31 18:26:17: Periodically refreshing leaderboard view...
2025-08-31 18:26:17: Attempting to create or refresh leaderboard_materialized_view...
2025-08-31 18:26:17: Successfully refreshed leaderboard_materialized_view.
2025-08-31 18:31:17: Periodically refreshing leaderboard view...
2025-08-31 18:31:17: Attempting to create or refresh leaderboard_materialized_view...
2025-08-31 18:31:17: Successfully refreshed leaderboard_materialized_view.
2025-08-31 18:36:17: Periodically refreshing leaderboard view...
2025-08-31 18:36:17: Attempting to create or refresh leaderboard_materialized_view...
2025-08-31 18:36:18: Successfully refreshed leaderboard_materialized_view.
2025-08-31 18:41:17: Periodically refreshing leaderboard view...
2025-08-31 18:41:17: Attempting to create or refresh leaderboard_materialized_view...
2025-08-31 18:41:17: Successfully refreshed leaderboard_materialized_view.
2025-08-31 18:46:17: Periodically refreshing leaderboard view...
2025-08-31 18:46:17: Attempting to create or refresh leaderboard_materialized_view...
2025-08-31 18:46:17: Successfully refreshed leaderboard_materialized_view.
2025-08-31 18:51:17: Periodically refreshing leaderboard view...
2025-08-31 18:51:17: Attempting to create or refresh leaderboard_materialized_view...
2025-08-31 18:51:17: Successfully refreshed leaderboard_materialized_view.
2025-08-31 19:33:37: Connected to PostgreSQL database: cipher_db
2025-08-31 19:33:38: Database is ready.
2025-08-31 19:33:38: Attempting to create or refresh leaderboard_materialized_view...
2025-08-31 19:33:38: Successfully refreshed leaderboard_materialized_view.
2025-08-31 19:33:38: Server is running on http://localhost:3000
2025-09-02 10:13:38: Connected to PostgreSQL database: cipher_db
2025-09-02 10:13:38: Database is ready.
2025-09-02 10:13:38: Attempting to create or refresh leaderboard_materialized_view...
2025-09-02 10:13:38: Successfully refreshed leaderboard_materialized_view.
2025-09-02 10:13:38: Server is running on http://localhost:3000
2025-09-02 10:18:38: Periodically refreshing leaderboard view...
2025-09-02 10:18:39: Attempting to create or refresh leaderboard_materialized_view...
2025-09-02 10:18:40: Successfully refreshed leaderboard_materialized_view.
2025-09-02 10:23:38: Periodically refreshing leaderboard view...
2025-09-02 10:23:38: Attempting to create or refresh leaderboard_materialized_view...
2025-09-02 10:23:38: Successfully refreshed leaderboard_materialized_view.
